2022-07-12 04:33:12 INFO     Started
2022-07-12 04:35:27 INFO     build program: kernel 'mine_nonce' was part of a lengthy source build resulting from a binary cache miss (6.95 s)
2022-07-12 04:36:36 INFO        1: [ 8]         n/wk&J X 04f7cec6b74f5d8a5165b9acea2e1d2320e74057a33dc5b2477b5efcfec8d510
2022-07-12 04:36:36 INFO        2: [ 9]        t5A]gj'>, 00786a335ca16bcd9b4af3957c2304fd183997081c213c464f6ca093b5cec365
2022-07-12 04:36:36 INFO        3: [ 4]             gZ)s 000385a3516b49c0ffda2e26d9c73e5979ae1fe350257bb0f388e0659753886a
2022-07-12 04:36:36 INFO        4: [ 9]        GePeIXeXa 0000c6d1c7509979b484bd371f2e68db04e787469014aead5fd1b3ec021a4c2f
2022-07-12 04:36:36 INFO        5: [ 5]            9gW?P 0000022924970affb9b14dddf823d05e5c95ae850a40db52f20431f4d3a3ae4d
2022-07-12 04:36:36 INFO        6: [ 4]             a*Rl 0000003ef87836755456d84808c6d39ef9f039962e89541610b8f9adbedda2f7
2022-07-12 04:39:26 INFO     Started
2022-07-12 04:39:27 INFO     build program: kernel 'mine_nonce' was part of a lengthy cache retrieval (0.50 s)
2022-07-12 04:40:01 INFO     Started
2022-07-12 04:40:02 INFO     build program: kernel 'mine_nonce' was part of a lengthy cache retrieval (0.48 s)
2022-07-12 04:40:36 INFO     Started
2022-07-12 04:40:37 INFO     build program: kernel 'mine_nonce' was part of a lengthy cache retrieval (0.46 s)
2022-07-12 04:40:47 INFO     Started
2022-07-12 04:41:03 INFO     Started
2022-07-12 04:41:11 INFO     Started
2022-07-12 04:41:13 INFO     build program: kernel 'mine_nonce' was part of a lengthy cache retrieval (0.48 s)
2022-07-12 04:41:19 INFO     Started
2022-07-12 04:42:29 INFO        1: [ 1]                u 06b19cf0345165d8dedb5de1a06883d2030fe94ca75fab2bdb2af025235149c8
2022-07-12 04:42:29 INFO        2: [ 6]           FOF#w& 0055fba14b480bda1fc7dbbc0c600ae67dd8d9bdb59b2f99b537cab42f8919db
2022-07-12 04:42:29 INFO        3: [13]    5%OL<>C4Soyx- 0001a493e2dae54c6a5d444cecf935bfc475b0e8b7c795b5bbc59cdd3b7fee34
2022-07-12 04:42:29 INFO        4: [ 7]          1W8!6n/ 0000945760e3f2c76ace4cbfd8259a51aa1f132b853eb5f99b237d567d63f0e6
2022-07-12 04:42:29 INFO        5: [15]  p4#e(:Dil2\Gv"G 000008f6d4f006da7d56bdb50316469e2dff89983300f2ff90456937d5ede59a
2022-07-12 04:42:29 INFO        6: [ 4]             a*Rl 0000003ef87836755456d84808c6d39ef9f039962e89541610b8f9adbedda2f7
2022-07-12 04:42:29 INFO        7: [11]      8v/^9gPWPxb 00000005d76efd1c91313eb1e474511d90c7d547368fd28f3a969bb454d8b357
2022-07-12 04:47:09 INFO        8: [ 8]         "?@~{-V9 0000000069988e1a731d7f4db1c3e0ea60725970938bebbd6b5d79cd40fef3aa
