2022-07-12 12:43:02 INFO     Started
2022-07-12 12:45:37 INFO     Started
2022-07-12 12:45:44 INFO     build program: kernel 'mine_eight' was part of a lengthy source build resulting from a binary cache miss (7.22 s)
2022-07-12 12:47:29 INFO     Started
2022-07-12 12:47:40 INFO     Started
2022-07-12 12:49:13 INFO     Started
2022-07-12 12:59:22 INFO     Started
2022-07-12 13:04:46 INFO     Started
2022-07-12 13:07:14 INFO     Started
2022-07-12 13:30:42 INFO     Started
2022-07-12 13:35:24 INFO     Started
2022-07-12 13:35:32 INFO     build program: kernel 'mine_eight' was part of a lengthy source build resulting from a binary cache miss (7.25 s)
2022-07-12 13:38:28 INFO     Started
2022-07-12 13:38:36 INFO     build program: kernel 'mine_eight' was part of a lengthy source build resulting from a binary cache miss (7.03 s)
2022-07-12 13:39:20 INFO     Started
2022-07-12 13:40:43 INFO     Started
2022-07-12 13:41:39 INFO     Started
2022-07-12 13:42:13 INFO     Started
2022-07-12 13:43:32 INFO     Started
2022-07-12 13:43:50 INFO     Started
2022-07-12 13:44:27 INFO     Started
2022-07-12 13:45:37 INFO     Started
2022-07-12 13:45:58 INFO     Started
2022-07-12 13:46:11 INFO     Started
2022-07-12 13:46:48 INFO     Started
2022-07-12 14:03:49 INFO     Started
2022-07-12 14:03:56 INFO     build program: kernel 'mine_eight' was part of a lengthy source build resulting from a binary cache miss (7.00 s)
2022-07-12 14:06:45 INFO     Started
2022-07-12 14:06:52 INFO     build program: kernel 'mine_eight' was part of a lengthy source build resulting from a binary cache miss (6.84 s)
2022-07-12 14:07:32 INFO     Started
2022-07-12 14:07:40 INFO     build program: kernel 'mine_eight' was part of a lengthy source build resulting from a binary cache miss (7.04 s)
2022-07-12 14:07:58 INFO     Started
2022-07-12 14:10:24 INFO     Started
2022-07-12 14:10:31 INFO     build program: kernel 'mine_eight' was part of a lengthy source build resulting from a binary cache miss (6.95 s)
2022-07-12 14:11:14 INFO     Started
2022-07-12 14:17:43 INFO        0: [12]     LiL_~$gSU^SV 0000000019e25b79660466d2fb66c99effc08eee9013437249fbda0aa93a8ff1
2022-07-12 16:43:22 INFO     Started
2022-07-12 16:43:30 INFO     build program: kernel 'mine_eight' was part of a lengthy source build resulting from a binary cache miss (6.80 s)
2022-07-12 16:45:03 INFO     Started
2022-07-12 16:45:29 INFO     build program: kernel 'mine_eight' was part of a lengthy cache retrieval (24.38 s)
2022-07-12 16:51:48 INFO        0: [12]     LiL_~$gSU^SV 0000000019e25b79660466d2fb66c99effc08eee9013437249fbda0aa93a8ff1
2022-07-12 16:58:53 INFO        0: [14]   7\Oh89tP{OpV=. 0000000055656642e6264e48560597962897880fe77c1c4b676daab10549d78d
2022-07-12 17:01:41 INFO        0: [15]  $!H~FIzjh6LS*=8 00000000336616d61397adcadb027904447c11b6a5d94189e02e2d5ab9cd1825
2022-07-12 17:08:04 INFO     Started
2022-07-12 17:08:48 INFO     Started
2022-07-12 17:17:49 INFO     Started
2022-07-12 17:17:51 INFO     build program: kernel 'mine_eight' was part of a lengthy cache retrieval (0.53 s)
2022-07-12 17:19:29 INFO     Started
2022-07-12 17:19:30 INFO     build program: kernel 'mine_eight' was part of a lengthy cache retrieval (0.48 s)
2022-07-12 17:25:44 INFO     Started
2022-07-12 17:25:46 INFO     build program: kernel 'mine_nonce' was part of a lengthy cache retrieval (0.47 s)
2022-07-12 17:26:03 INFO     Started
2022-07-12 17:26:04 INFO     build program: kernel 'mine_nonce' was part of a lengthy cache retrieval (0.51 s)
2022-07-12 17:26:05 INFO        1: [ 3]                      FOULDS-0.#6 06d776aff51adf7d48baeb7295ad8b5065839d800546ef53175b16bde8fd5ee2
2022-07-12 17:26:05 INFO        2: [ 8]                 FOULDS-0Q8m|Fgax d4e5bdc954093718d656ab1f7e6eca26053032ce340742cfb40ced09cb61d6c5
2022-07-12 17:26:05 INFO        3: [16]         FOULDS-0,sm]R_Y!HjXhT3L1 3cc802e6fb55aa2f3213c981308aedda72d85b51c5499095c9fcded57f7b7352
2022-07-12 17:26:05 INFO        4: [ 3]                      FOULDS-0cb( 102698dc9f77d43f0a1c725abb27c7a9d418303c598d9d4c751c77d9c30d3691
2022-07-12 17:26:05 INFO        5: [13]            FOULDS-0h7Z-$=QHf>#Xx 33d62b94d6406c19525e334f4afac8f9b7521a6ec96e4acd5fb30da027e4d7b5
2022-07-12 17:26:06 INFO        1: [14]           FOULDS-1fOzyB!io{2Wq=[ 7dac6ea4dc3af5d294b5e5f2609acda3fc8b1c09347b9965ea7b30ab07e10deb
2022-07-12 17:26:06 INFO        2: [ 8]                 FOULDS-1+a1dt@.5 a70b36055968bd6a34f9dab0b260a43e1282a63571c7885f60a468348ad5477f
2022-07-12 17:26:06 INFO        3: [ 4]                     FOULDS-1q!bH 6dec242e8198a54e925d64a8671f24bc54b066b56589a862b15e527aff5751b0
2022-07-12 17:26:06 INFO        4: [ 4]                     FOULDS-1xd2m 224e8d7d339a339c720777b01a04b68ca00eb0c56d728641bb216b738f7f603e
2022-07-12 17:26:06 INFO        5: [ 7]                  FOULDS-1=jZb=XW 6f95efb4758fd0cb22e56aa7ba08e36b00963f8b3ace4c6c96dd9d9831262ed1
2022-07-12 17:26:07 INFO        1: [ 8]                 FOULDS-2|, ITMah 0b0e2c4a4fcdf61e2f1e61695f4504c13a936bb9ca550b7d5a9e0d5673bd5f5c
2022-07-12 17:26:07 INFO        2: [ 3]                      FOULDS-28RX c1c70829f23e97d6b15ada321f5ef5cecbdb7ba99fb03a932ac5d46e8a04cce1
2022-07-12 17:26:07 INFO        3: [13]            FOULDS-2zN*{GxVc)\s`o 4c1e2fad568b13054ebc882bdbf5dc61aa5d1ed3bda349b20729abc5d6e906b0
2022-07-12 17:26:07 INFO        4: [13]            FOULDS-2fm#k.M9|YU|oM 65ce5f5d7778269b7ffdbbd870f71c81bee0d7abd73f1b5cc3cfdcf8d6f90546
2022-07-12 17:26:07 INFO        5: [ 3]                      FOULDS-2+!F 85197ff898acd267d449eccc9a726a618bf1cc533e75f0fa38b381fa5589002d
2022-07-12 17:26:08 INFO        1: [13]            FOULDS-35(4||'.|.V,Qi 74cdb034f7026671018defc48c514f073306db561c3581e70eedec1d4ee15ba7
2022-07-12 17:26:08 INFO        2: [ 3]                      FOULDS-3!z_ 70825a6d296fb70a5a2c1d70ce32947670db392ee274919f4744fdd1c2102395
2022-07-12 17:26:08 INFO        3: [ 6]                   FOULDS-3!Q1)Yr 56bf663fc8ecc0a159f2a4109aa0c9ca5ca838ffd89d9e47c296c743dfecbf19
2022-07-12 17:26:08 INFO        4: [14]           FOULDS-3B{|1G:E?qMAYqv b4195b9437bf5b5cde2b4555cc1d106d0882ef0069dc7ccdb9e6192583c58152
2022-07-12 17:26:08 INFO        5: [ 8]                 FOULDS-3]B}oAgDe be7540786fa8c62e86d7d41e428487839439f612ad5f186465252dad34e00c83
2022-07-12 17:26:09 INFO        1: [ 3]                      FOULDS-4X1[ 7fb0f2184f1c3cd5ca94fecb4c21284360d21a214c431d55aee3ab64ddefa83e
2022-07-12 17:26:09 INFO        2: [16]         FOULDS-4'''''''''''''''' bca2d2c74b2e41edb1de0fe7008246512432aab82b72017c75b87e53c4062107
2022-07-12 17:26:09 INFO        3: [14]           FOULDS-4'P<:SmlJ>3rqIs 655c528743878810e2d99d1f53804e974e6182ae95ccebc364135cc367eb57a1
2022-07-12 17:26:09 INFO        4: [12]             FOULDS-4"AeXA(6->I/$ 0c7dba915f72e911e03ef4e0ba133282a26e7e2966c1b0b92d2b033e0454bf65
2022-07-12 17:26:09 INFO        5: [15]          FOULDS-4.{"bkb(cPNnPVYV 4305a922010723e36af3298a1a062aedb0f44b8f608d8ef4e370ce51bb26d62e
2022-07-12 17:26:10 INFO        1: [16]         FOULDS-5Y%^N:{)W@knQc.l- 2d56e50ca2cba36ef8098b07a9e90aae47062ced9374fca5242b8c2ec3bdf5d5
2022-07-12 17:26:10 INFO        2: [ 5]                    FOULDS-500000 01f4fb2615cf3b7c53595c7935e40a095c2d7a4606453a06b99e5b6d9af1e5be
2022-07-12 17:26:10 INFO        3: [ 3]                      FOULDS-5|dD b7af5e2316da9c25b6f30cff6034b9ecbb3387a807c361c9c44fa735c63c269e
2022-07-12 17:26:10 INFO        4: [12]             FOULDS-5*#,[#i#qVHu~ 2aa21d29d06e66ea66121fb0a9aac650ed3ee5b0eb62a5945aecc73ff62f2f3a
2022-07-12 17:26:10 INFO        5: [ 8]                 FOULDS-5?Dk.{J@! 09418467f4345254a6af313dcbdd84a2e552d9053a4298164871a70490dbfdff
2022-07-12 17:26:10 INFO        6: [ 5]                    FOULDS-52>QSu 6d0de9994bc8160a3d18ddab410cb9bbe930448a2d733d78fe797f4a2b50a17d
2022-07-12 17:26:11 INFO        1: [ 1]                        FOULDS-6  71451666ef5c5f732c09799741b90f5460a50ff487e50432cff793fb3de9490a
2022-07-12 17:26:11 INFO        2: [ 3]                      FOULDS-6P7& e344c625cd8e17865d3839ebd8cc8bd17c18e82f6effe41934d14a44e58a622b
2022-07-12 17:26:11 INFO        3: [10]               FOULDS-6I~^OIhZ`CY 4d213aa46ff147b756b17501ad467c0c75d4f9b818fc33972de1f46f4d652636
2022-07-12 17:26:11 INFO        4: [ 4]                     FOULDS-6V2rc 16d8ec9745f4377a269bad84844c618791399dfde23353e22c2bad8e0b56d50b
2022-07-12 17:26:11 INFO        5: [ 5]                    FOULDS-6EGY l c2b555cc92a43e465d0261fa0c2def1f48897f432717314ba3284074b5351259
2022-07-12 17:26:11 INFO        6: [ 8]                 FOULDS-6eM3u*9rs 32643c534b9b38c18dec1f6467be3f5ff09c61f0de9a7fdcb793f84863e2db71
2022-07-12 17:26:12 INFO        1: [12]             FOULDS-7J(I&-B4Hr+*G e9ce252d9c187bc9307e9afd9065b20d04cf84a95c3d90e0d763e55c616dfe33
2022-07-12 17:26:12 INFO        2: [10]               FOULDS-7tttttttttt a5fbc1238fb290153847216bfdd4b02d3835fedaafd73ac86dd35024184ac6e5
2022-07-12 17:26:12 INFO        3: [ 3]                      FOULDS-7hY= f0d360162df0fa32def0b552554737f399d5e3cea15561864866cceb7683d3c4
2022-07-12 17:26:12 INFO        4: [11]              FOULDS-7oP7L:"Ev\/e 0bcf46e6d889e5134fcb1b863f6f860a05967c12e19b382d869327e2fc9415dc
2022-07-12 17:26:12 INFO        5: [13]            FOULDS-7A^ j8m1bYh^t@ a80585a5bf1b42cd19ecb4d26960244442843409cc236755f6aad2b6363371bd
2022-07-12 17:26:13 INFO        1: [ 3]                      FOULDS-8f(s 6c67e7bafc7d219596e00cc35c68b8b249de4ccb3bd7aec2fbf557b14632be40
2022-07-12 17:26:13 INFO        2: [10]               FOULDS-83333333333 bd5ef6e7aa17d90cfac590a7cfb2457d440e94b9bb6b67e788c3ebc112461fd9
2022-07-12 17:26:13 INFO        3: [ 6]                   FOULDS-8.s^au4 d051a3d60c9a50613a1d924d36754ead8c1b2201839d9ef842a5bd75058745e3
2022-07-12 17:26:13 INFO        4: [16]         FOULDS-8&Wk4672.)rs(pNrA fb9d26e82593e31b38e9afe34ac3f8589b7c6ddbd43cdbe0719eb7e872fb90d2
2022-07-12 17:26:13 INFO        5: [ 7]                  FOULDS-8qzGS YX 5f6f6c3e63eff640742c987b03b640fa5c340e2b54ca7e58778b9538b8db2409
2022-07-12 17:26:14 INFO        1: [ 6]                   FOULDS-9WCmNJ0 f9d1b077b5105b4eb3125f60244d49009ae2c6a35f852215e1ecff86abe249ec
2022-07-12 17:26:14 INFO        2: [12]             FOULDS-9dRB-=0V\ H { e420c442d3d61661758389ce5848eaa8cc46931bb31bba5862ee0225afcc6e69
2022-07-12 17:26:14 INFO        3: [ 2]                       FOULDS-9h! d627bc79ede86c60ad44bd7c4175a34ce3d17e2d7e84f48b91cf3dbd8fde57c2
2022-07-12 17:26:14 INFO        4: [10]               FOULDS-9H@Of;y0H|[ 14929b2b82f2eeb6e3a7ee9fbd9f70cbed385084c7b209e269392fd796c730de
2022-07-12 17:26:14 INFO        5: [15]          FOULDS-9_e_|!OD>4.Kgf>v 80ef575ce1908db40d7db6cb2036e8ef438a8307b77bc740fbce8c81f7beb5d1
2022-07-12 17:26:15 INFO        1: [ 2]                      FOULDS-10ep 98e87f60167800b6cf6f0456694f86137165f09372c7cda427c60a1264e7dcd7
2022-07-12 17:26:15 INFO        2: [ 2]                      FOULDS-10F] 3aa81b6ded46b1592db1a8746f17d06d79c69a3e8adbd3414aa31981206b4253
2022-07-12 17:26:15 INFO        3: [ 9]               FOULDS-10{2zO<dY&b 37143ae1b400645d4e803bd3a683be345f0024bfa75edd4dfadea97f6840a539
2022-07-12 17:26:15 INFO        4: [ 6]                  FOULDS-10&"DY;0 eed841e38a41e4031cd2bce1dc58a157a75cbdeeb11d8c12ffd7bc50ef9a7c93
2022-07-12 17:26:15 INFO        5: [14]          FOULDS-104b;3S/70t>XsjC b4bcaf094f9adba81170ed674f0dc4b0a49453f39d8a451992dce611b5dfdeb1
2022-07-12 17:28:32 INFO     Started
2022-07-12 17:28:42 INFO     Started
2022-07-12 17:31:19 INFO     Started
2022-07-12 17:31:21 INFO        1: [10]                FOULDS-+Fr)luZ6mm ffa45c1e8de6ea9cac8e3f3635af42d4baceaebc40f3ae3711f9e18fdef5de22
2022-07-12 17:31:21 INFO        2: [ 3]                       FOULDS-D]/ d5b02cdd8a908d761b769ccd05b2ae30c9f4d739dd64d7eaa567a829737fd3d2
2022-07-12 17:31:21 INFO        3: [ 9]                 FOULDS-.g_?i"%kM 92bf867c2ac54338b47a97d88cf57f625708346e6f37fc9acd1d7cb081c64c67
2022-07-12 17:31:21 INFO        4: [16]          FOULDS-0yg=25\Pe:Jeniw" cc15a0adb534173aae0755c7f241d60c94fdb5147c40e4d508876309398a4e5d
2022-07-12 17:31:21 INFO        5: [11]               FOULDS-q< dQgO;uz4 5980ae71db6ca2e04b99a9e0baf7b31ab364882e0e5a409c54bbd7cadbc8dd0f
2022-07-12 17:31:22 INFO        1: [ 5]                     FOULDS-!B+|3 0afc512dc97eb528f95d59638f56af048eff67636e980b443b615288292437db
2022-07-12 17:31:22 INFO        2: [ 6]                    FOULDS-=N{u'" 7146a067301ee47582d63365dbf9bafc0f28cd3be18675e2fc7159b99770b952
2022-07-12 17:31:22 INFO        3: [15]           FOULDS-#2QL^+lRK9Uj`Uz d2b443085c1d0f4cb1d092c10b68f9418802c89271807d1a6095c8c79c80213f
2022-07-12 17:31:22 INFO        4: [15]           FOULDS-h5:t`~?.UelN%[< 220f51ea03f0f15c084ca7b4d1ef29b768347788ad6793d20fed495e51c9e92b
2022-07-12 17:31:22 INFO        5: [13]             FOULDS-*po4.T2r4g2Q" 1a198b35ba96a4bb20955bda6eb077a1eee0b0607d73d29826ba7e4e5e9099d5
2022-07-12 17:31:23 INFO        1: [ 1]                         FOULDS-4 b8e00e62649ce35fec747843b2e1b83315ad74ca694c8997570c8075c75423eb
2022-07-12 17:31:23 INFO        2: [ 8]                  FOULDS-.%LBzp=n 85d2dc2c4f4d3802dcef8c622e8c4a74556e9049190355e342b1d3e5a45d5810
2022-07-12 17:31:23 INFO        3: [ 8]                  FOULDS-lc_ 3G0b 7b37122bffaea8ec763e57978313fd9d67cc1f8dd1f07d25043e5134aff04dbe
2022-07-12 17:31:23 INFO        4: [ 8]                  FOULDS-h&ZLBUJ% 5d52491dcc9f32f92985b18a3f1beb8508d8717453356e059f1c66de3aa2e80a
2022-07-12 17:31:23 INFO        5: [10]                FOULDS-<d98&uFA/r e875df336fd8a6c60e6054e2784dc99956b205391c5726e2f8d8d94c599e00ed
2022-07-12 17:31:24 INFO        1: [11]               FOULDS-Hs]GhZ&t58~ 1a29f727b4bb91d64f544fdc541be7d43e1c8ab68855fed524390c86f3f606c9
2022-07-12 17:31:24 INFO        2: [10]                FOULDS-q]yP'jpfVv e1a26acc507758cb7b20a0a74f6bb281e0b7df026c2d2b4f314f07372c4a7455
2022-07-12 17:31:24 INFO        3: [16]          FOULDS-Dc>G:[;*4j0~ri8| d617a58bdc08d9491df13b1a8f248b7503b1fedc0acba3d82a02764b65d140b0
2022-07-12 17:31:24 INFO        4: [12]              FOULDS-UwGL=QEP1DG( f688378d2d3794fc9bc274324a87d2cbfa58e554024f0e009f69fb86a6dfa3f1
2022-07-12 17:31:24 INFO        5: [10]                FOULDS-6?Mq%qv&bG b3281ac4e54d1060bf63a5aef45be45eec2bdf907d37c79de13dfcd8aef79896
2022-07-12 17:31:24 INFO        6: [ 4]                      FOULDS-'e$z 2de3f3f65ab3e515be79ec1c93c43fc1b59e45cce86a85dd2a02bc499c74b302
2022-07-12 17:31:25 INFO        1: [13]             FOULDS-R@:q@Y1h7D@;; 8ec49ac86fb673c83f94021194eba61a94821d2061915a0d94078b7b6480f55a
2022-07-12 17:31:25 INFO        2: [16]          FOULDS-'''''''''''''''' b4a1fc1684c472836cef06e6781f4d5840316c695e79a26de98f7c029e1987cb
2022-07-12 17:31:25 INFO        3: [ 9]                 FOULDS-h#)#We"k` c90e95742f67feb792c8531182e316f000ef7ce2daacf1cf67866573aeca6ccd
2022-07-12 17:31:25 INFO        4: [ 5]                     FOULDS-@QQ|a 4470f5825e3d008094f227523f8f5f9f9eba96d28ce3a3b221b1e2cb26c30215
2022-07-12 17:31:25 INFO        5: [16]          FOULDS-6tv&}7L"Pj5u'>Z> 0f232948069f8dd17eb116e6965f5d6767a9ff2e87ec7b75cd97cae13e6dbe9d
2022-07-12 17:31:26 INFO        1: [14]            FOULDS-t#T TA~\0}g@Yj 1cb48696c8e8ebdaa0be8b11f6bf53a3e513211ef64b1126997266b6b6db263c
2022-07-12 17:31:26 INFO        2: [ 5]                     FOULDS-00000 5a1400837259ad83a346f14df80d4d8e5cccf09f18d1a0105bb177812033a658
2022-07-12 17:31:26 INFO        3: [ 6]                    FOULDS-I>*F}o bad4babecb1b2a6da1585f1c72c5599bbf43608ddf9d8b5949a68793b49eb6bc
2022-07-12 17:31:26 INFO        4: [16]          FOULDS-khi>g_U@z4D"o^vX d047b452fa65716f418dd6d8e2a4838342cfad55fda211cb36b592a2be1c2de5
2022-07-12 17:31:26 INFO        5: [ 5]                     FOULDS-^Q;Ct d22493857f6004f92e27d349c3f5d9ace0d90873cab4178ea4f8156cf91ce21f
2022-07-12 17:31:27 INFO        1: [12]              FOULDS-y/oH)a@%}!R^ 28d56f4de8928c5bb3db3a1167a1b8ff42dc5b9e8d1f1bc0c4841cafbad43c79
2022-07-12 17:31:27 INFO        2: [15]           FOULDS-9XBQNqvj)fm'<@n f893f63aa273ff689a45393ee86e069fd9e9e148d1f792d5bd930d049c1e54fb
2022-07-12 17:31:27 INFO        3: [15]           FOULDS-hw``uiFYQ)xqCa8 41d3c4215783dc171e6d29806febbc1092080e6e297c18e355c871dd50c28955
2022-07-12 17:31:27 INFO        4: [11]               FOULDS-5ebB .0x\HB e7fe77d82f3d309b7422ac3816462556cf6ef3a15caa57403faa4e253334a85d
2022-07-12 17:31:27 INFO        5: [ 5]                     FOULDS-nK{N= f30e083f6e132b39008f9d9a0ad3a823a82323b4feca1b4c1081c0e3b0c06931
2022-07-12 17:31:27 INFO        6: [10]                FOULDS-w~"P5l$]^? 89a7749d076b1407fb4b9ccd9fddd9e8881b9f4308775d7c12537ccd92711e71
2022-07-12 17:31:28 INFO        1: [ 3]                       FOULDS-I'. e17733b26a540dce88e0ae9e22eb195250f7153b3ddc374835d370b665aba380
2022-07-12 17:31:28 INFO        2: [10]                FOULDS-tttttttttt ee40abf33abeb4397be1c00772ca0f8e3c685c9d9ed2329a19d90b5101b8c607
2022-07-12 17:31:28 INFO        3: [11]               FOULDS-n$ K,XgFbS* a5bdbfabb7c932395e8eadf0dad67cb8be18ade1d0bf3116580558531866fca9
2022-07-12 17:31:28 INFO        4: [ 9]                 FOULDS-X3F&2'wZs ab383bf7f2c1f94bbee4f01404e0ec5b49ec34c3d4c14867b03066264ee250ce
2022-07-12 17:31:28 INFO        5: [14]            FOULDS-qCDI?5)K05u|,> a251d428b91fb0f459322d4d837bcf1de4bc74f83beb47f8633ead261107115f
2022-07-12 17:31:28 INFO        6: [15]           FOULDS-sOCfPYGkIo%x?D] 2636e01476be6468436a7a15591629cd252cc7bae431f5564a88c463a51ffd38
2022-07-12 17:31:29 INFO        1: [16]          FOULDS-39v!*D:Y35DsIkKV 9b81ecae7dd8bfb2247184b182bb5e2a518531e3fb712e47a5cf3aeaced92c67
2022-07-12 17:31:29 INFO        2: [10]                FOULDS-3333333333 2c8fd4ae4b271798f0d1d22626f331fa0a5293919ab3a66788157476bddcea53
2022-07-12 17:31:29 INFO        3: [12]              FOULDS-z+yZci^!e0&, 353c18eb385fe0f90015d064e7eba5642c3681f4284345eda460b023807a701b
2022-07-12 17:31:29 INFO        4: [ 5]                     FOULDS-ML$p~ 5c9ec50fc2e1a7d6e5206d37b0f91a5181322a1e6ae454af0c0671a399dd8153
2022-07-12 17:31:29 INFO        5: [16]          FOULDS-=gOHvv-TVrsV9oap f5d9ef1975d74e4461d4874aae5e8d762d5823643ba394a6c6a761a536b9d4cf
2022-07-12 17:31:29 INFO        6: [16]          FOULDS-w@'h.9^}XO%iRKTg fe58ecaad4dde334f28631356989e7705e90decb0e9c7c967fd64ffae7f273f5
2022-07-12 17:31:30 INFO        1: [13]             FOULDS-bYmJ}##:"Fdkc 79061edeef3cde33bcd6a360c84187ea8a851c2f96041f641da70fda2ed6ec0e
2022-07-12 17:31:30 INFO        2: [15]           FOULDS-C|`MDcFl\|@32)g c0bf9ac510a8df2b32fc7b1b8f84795078dfd00e2fe3cff9a5cd60cc3bf80198
2022-07-12 17:31:30 INFO        3: [ 2]                        FOULDS-h! a3fffd4d4257c30c4b1577290f2d53a6bfacdbe9729a82a3dd2838a650ce96b4
2022-07-12 17:31:30 INFO        4: [15]           FOULDS-&E]C}]sUvX|GD{+ 53c3839d777805c89b6d91823ec73e3b8e7be159deed8a7263eb0d5dd9c79313
2022-07-12 17:31:30 INFO        5: [15]           FOULDS-]~$dVGAX%c~":A4 d53f1684f31ec8eb92a724d0c8faf6e5a460dcd646761924138cdd011c081d10
2022-07-12 17:31:31 INFO        1: [14]            FOULDS-]Z*XvAPi0=[>b' 78e4bc55298942c0555ced82f3819b0677f172127df4064380bae56257d22977
2022-07-12 17:31:31 INFO        2: [ 7]                   FOULDS-:unLC]+ cb413c192cbe0b6d2ee7aea99b729f9bb9fb635a976bad3a41dcf755ed83285e
2022-07-12 17:31:31 INFO        3: [ 9]                 FOULDS-[.i.NQ]mm 4d02fddeee4e8ab6f4d4133433ef77c7ad7eb5d96fb6b082d3ab164c737ab13d
2022-07-12 17:31:31 INFO        4: [ 5]                     FOULDS--@3SD 1c024c9e4afea36738455fd7388c8d8d23ac55bfd2032d614383bfea6d1ebe81
2022-07-12 17:31:31 INFO        5: [15]           FOULDS-/Q-a;rJj8QhQ6T, 4f59cde35ba50bd3af9d965c4f62d1e7a57cf74345cef78f69449af656031230
2022-07-12 17:31:32 INFO        1: [ 9]                 FOULDS-E&TB~I@[# 78cf8196ea5cc57162f51fc074d5d2ab3c0121e600a1543bfbbb7864c0f8fd61
2022-07-12 17:31:32 INFO        2: [ 3]                       FOULDS-T E 3140d155ff928cb77e3fd7c6ae3f8b50118ca3502b6fbc8ad27b97572b23ba0d
2022-07-12 17:31:32 INFO        3: [ 6]                    FOULDS-,Tr]x2 9fa8a03d0f6d2b6572df58a1e3666c48c333d24a48820a92c8631d6256fa2db8
2022-07-12 17:31:32 INFO        4: [12]              FOULDS->ZxEn-F.c?*? 52f4e248e5489db0c062a8a3d43b22b4b20c64a0431d213ed173e7f7b490a639
2022-07-12 17:31:32 INFO        5: [ 9]                 FOULDS-Wpc~}17>L 1113e373dfdec4aa4f2dd1a98a372365c4f39d37c1382560d496e43901950a99
2022-07-12 17:31:33 INFO        1: [13]             FOULDS-3Vq|?uX`oMx L f322f8b1055d1049abaf166a677134a890d3cb4fe6322b159650a17d793c76ec
2022-07-12 17:31:33 INFO        2: [ 5]                     FOULDS-H2,X2 67b8a7d539efcb8ac69b59b76b2409042ec0dc4ce3550e817bfa513b3f892620
2022-07-12 17:31:33 INFO        3: [13]             FOULDS-@Jut[<EU)A6.6 965469b971a46dffae7fdc3b0902d2907a7aa9bea5c81f94ad8d0feb89cc3250
2022-07-12 17:31:33 INFO        4: [14]            FOULDS-Td|&`?* iI?|g; 8ddcb1654b6404a2051d390de6a559c72e494489edbc89c382766b08f9799f6f
2022-07-12 17:31:33 INFO        5: [11]               FOULDS-X!N4Bk2(]&' 3416508cf3035641cc09c58e1c61a72403e2c5b10128fc58870cd33e3dee70c0
2022-07-12 17:32:09 INFO     Started
2022-07-12 17:32:10 INFO     build program: kernel 'mine_nonce' was part of a lengthy cache retrieval (0.47 s)
2022-07-12 17:32:11 INFO        1: [ 6]                           m}Fh`I 0202d3ecd3e96c0f73836ac95b1982dc1d88c57aeb6e2eaf1101936c1e7cec78
2022-07-12 17:32:11 INFO        2: [11]                      7-T#7h:'>:W 00395a4fbd05f2a259382147216293868907a8418024a7714e6e03bb9b98a877
2022-07-12 17:32:11 INFO        3: [ 9]                        (qV-))JgI 000695015d2af12b963a37be1330b840c16eb8f3876f08f27338bc1e1114b263
2022-07-12 17:32:11 INFO        4: [16]                 c@SJ0~bf FBSr(!X 0000b1853405ee870e944494daf9772589809881cadab4a529522001c9209d70
2022-07-12 17:32:11 INFO        5: [ 3]                              }Fv 000008629633ec1f7fa6f79b202f20b3311b9c2585db983333bc55a4c29a5c6c
2022-07-12 17:32:11 INFO        6: [12]                     Ff`Aum3y \lM 0000007202c4165e44f48ca366deb56135a148c61d1261417f2df9a10732c217
2022-07-12 17:32:12 INFO        1: [ 8]                         oFPqTPZo 05429bac61c06f48ff98b39c3b91750a54f78d8fa328e67d2d656cf5906301d8
2022-07-12 17:32:12 INFO        2: [ 4]                             t(s  00959dc6e9ba02760b4e4d2d1c330e4bbc9c6fec32b4e3f030ae00334b25e677
2022-07-12 17:32:12 INFO        3: [ 4]                             hX{r 00017a829491f38fdaea37ceaac2ed01c8b2b69db55a29a8f0fddb27ed31ff6f
2022-07-12 17:32:12 INFO        4: [ 8]                         #N,YTTiT 0000f3a20f81445945444051a2ae3cd7d94071af86b915d361ca1fc1f69e6646
2022-07-12 17:32:12 INFO        5: [15]                  9oQ?P+riwni&dxm 000005fc9ce1191c9f14eec1b76113c2e200b7bdd0628ab699d36615bc3e031d
2022-07-12 17:32:12 INFO        6: [ 7]                          G9lj.m* 0000006288b24c086154f1a7930a5a3404dfe235bc2dec3d2d9a351688d2d576
2022-07-12 17:32:13 INFO        1: [ 5]                            |'^ Q 017cc7fa51e44d188d45708e378b20750f4569b0ee25109c5f47d0a10a36542c
2022-07-12 17:32:13 INFO        2: [ 1]                                $ 00ef74da7b2093b7c86f3a16cac97354ca2d4eb043f05f4bf355ee0d47a71f94
2022-07-12 17:32:13 INFO        3: [ 2]                               &@ 0004523ee5e78234c1eb1725a7c04469509710baa6e0b66c1afdf63cf27172b3
2022-07-12 17:32:13 INFO        4: [10]                       SRf_CqebQK 00005e81d87a6f0b27af70a855159ef124d1bf4b6819c5cf7755b5a6252c1a4d
2022-07-12 17:32:13 INFO        5: [ 9]                        DW^7D[9eP 0000058637a213dd0e0a201a9db14d4583e41dc51f9bfd337b9f678156207583
2022-07-12 17:32:13 INFO        6: [ 5]                            `w5*J 0000000b32103ed128903bd3d316b0d33c76553a65d0b2c05b0d025e73b88719
2022-07-12 17:32:14 INFO        1: [ 4]                             $h1Z 070a0a32b9875a909f927be8054cafd004643e545a2434249e5c19f586fb72fc
2022-07-12 17:32:14 INFO        2: [12]                     ZN\C((3II~N! 0010e7473a1e848e7a27783b05ca24eb26c5e16ae274b0793a3344dc001819d0
2022-07-12 17:32:14 INFO        3: [ 5]                            2^>A4 0003eb50884948ef0b8e5735edba2f29e531ababdabf3f32a6438f8059c08fa3
2022-07-12 17:32:14 INFO        4: [ 3]                              ~&? 00003c27061be0e2fca2cbcbe7f083117889cbe7da2e837486d9293b07a86fbb
2022-07-12 17:32:14 INFO        5: [13]                    {r#SJw W+o1jK 000007ceddbaba13f8501307154344ba58afb01323e5a92a6fdd5277ca359a50
2022-07-12 17:32:15 INFO        1: [ 7]                          j!a\*3. 04f7aef52098d6654f125def85ea19b3b5a9b9589b31aa430be10980fc1be3b0
2022-07-12 17:32:15 INFO        2: [16]                 '''''''''''''''' 004344869f6a2f3810b8dd51de73452a4852fcafaad7f68a565825aa94745f2f
2022-07-12 17:32:15 INFO        3: [10]                       z%74HGp`1A 0008aa8f8537bef627a9a827b32dace532189312ef94192388ae43d35ed80dbd
2022-07-12 17:32:15 INFO        4: [ 5]                            |}\tt 0000d29140ab7a19b18919610dda42cc22f35f74acc44a15879c67616c9e1b1b
2022-07-12 17:32:15 INFO        5: [12]                     6cyrTN"8Nb]` 000003a900b405bf6b6645c7bea1c08e52d32adb2ec86b8b1e0d3fa475068be1
2022-07-12 17:32:15 INFO        6: [ 9]                        W\Im;x+FK 00000900bb67d87a37cfc8a4e7cc57d5b6e9029f959b42132b392e778388dd49
2022-07-12 17:32:16 INFO        1: [14]                   F 1ShRZ?0#eOTA 08c8c1816e65e534caa6f3bab2d694231e099d165e06821a625e17f05a67fcbf
2022-07-12 17:32:16 INFO        2: [ 5]                            00000 0089051e7ad370ed01d7a37864729cfe0098948a721f3154101eb876002f08d9
2022-07-12 17:32:16 INFO        3: [ 9]                        t/IC>h#ye 000725f6844f2ddc5d69b2628764978252d4dd22a5af48a41554a8b71e067e2e
2022-07-12 17:32:16 INFO        4: [ 2]                               8S 0000d5220c1d5dcfb2cda1551bf867a67e39509de50a3fafab58dc6eba295e67
2022-07-12 17:32:16 INFO        5: [ 9]                        <d%xut9i1 000006256f948429d0d0666a9453c86f41c798f8ab02634a759d3f823b8301c2
2022-07-12 17:32:17 INFO        1: [14]                   6?+]~]-?LN"jzA 0130e002ae5dc4701f6f87f1e23367bf8a74b1b7a9991681e00a62b1813ad0d9
2022-07-12 17:32:17 INFO        2: [13]                    T9.NBpu-,MHLc 00ba491948cd39d1628a4af790f9736ad1139e11ece0030d5cf16d73e7652b38
2022-07-12 17:32:17 INFO        3: [ 4]                             A2(T 0004c124879029ed8c68067601ec6244cf3f71d9451ef5b96c997eb25fe9e17f
2022-07-12 17:32:17 INFO        4: [ 2]                               *: 0000478f4c7dc6f169d56f472b975428903aa3fdfcac0453a5f9c55d3e9c4f5c
2022-07-12 17:32:17 INFO        5: [15]                  [>`7.>S_BbxcLh6 000003f4685b9b4c171bf8a075559876d43220c1597a8fe419507de8f3d8b54c
2022-07-12 17:32:18 INFO        1: [13]                    7/:bGM+g ;.58 02dabbff0103fb0899a0fabc6bb00bbe700a5dd978f8b67b0cf3d7ab9bca1309
2022-07-12 17:32:18 INFO        2: [10]                       tttttttttt 001c3015296e3c2444e5f9838943994caefef4bbcdbc6a7aab30eba7e819e5ac
2022-07-12 17:32:18 INFO        3: [ 9]                        [)>cq6VYi 0002b5def7a2f32456d16dc634447e66307e61a4a624494284e2530f4bfc7f62
2022-07-12 17:32:18 INFO        4: [ 7]                          k:h\c/C 0000295c702e300def367b267b302925e1eec278953a8ef8df4a22f4710ab12d
2022-07-12 17:32:18 INFO        5: [ 6]                           I)>PM> 00000801b4c6eada880bc050d7211f2e981478093d30854b6e89a6d15a1f898f
2022-07-12 17:32:19 INFO        1: [10]                       &SvOV')G>^ 01f1b355cbf8cd3aff1317327f13ffdc22d26776a13a6b43aa6fabf4fdfcc302
2022-07-12 17:32:19 INFO        2: [10]                       3333333333 00cba1cab22785e212af7292baaed780451605c1d472f3ed5e877aec49c18136
2022-07-12 17:32:19 INFO        3: [11]                      e,p:#)c Ww* 0003b5da1ba7747c7d8d9a4a5fa0c48bdf3fbbe00a0fbb6f63b461f4780f68ae
2022-07-12 17:32:19 INFO        4: [ 8]                         ^Oc86Uy' 0000de81e20be0fd23b6170ada6bf794d489e67b9c55a47383bab08cbcf85248
2022-07-12 17:32:19 INFO        5: [13]                    Jh0M._xY3{_]o 0000071768db6f8cba1e932518e20087d772c2c84590f849a921df35f6c80779
2022-07-12 17:32:19 INFO        6: [ 5]                            n;Gy$ 000000dde1a217b041a13ab8b8900e9ec8a1197f4d54ffbd2b09f4425cfd8e46
2022-07-12 17:32:20 INFO        1: [ 8]                         i'o4J]}/ 02ac2639fe6eb1eb4190a515ef08546aa59ea2753294ea7b5b46101a8fbdb39b
2022-07-12 17:32:20 INFO        2: [ 7]                          &kd*iy} 003e0db134d4fe8bd96f0efb4c344e3278a23b4570de09a8d47517686c53bee7
2022-07-12 17:32:20 INFO        3: [ 5]                            dD=&% 0002628137d821034700af454a8e47f8673fae05f37aaa3ea2e5674c01b3f576
2022-07-12 17:32:20 INFO        4: [13]                    x$P;pq#U-_&(A 00007f8886e1b430bd63d895efed637128154559d301083a33f868a03a7f6b88
2022-07-12 17:32:20 INFO        5: [ 9]                        ,koJJY`fZ 0000022af78690751c8c20fa071fd66422d8ea8265ef18e7382fad446c79922f
2022-07-12 17:32:21 INFO        1: [15]                  {rFx6Sm1B')~\v7 01277d52bf6f4f446452a41304927bf66e18880583219ee53cff69c1cffb2f44
2022-07-12 17:32:21 INFO        2: [15]                  L|3Ft:sXS]$CCf$ 009a50ae45b89a668c499557e4c00125281dd708e03253fa8fa0446d7bae457f
2022-07-12 17:32:21 INFO        3: [10]                       \DAT%F:TNB 00086a244001ac54cc31560a3dcbebe0a5771c4e4c2306f43f953c5f628938eb
2022-07-12 17:32:21 INFO        4: [11]                      hI3hFpy5LKq 0000a033d75e1ff7f2d67c3abdddd859d7719db2dec455822a2b29d5a524a8e2
2022-07-12 17:32:21 INFO        5: [14]                   LUW[\#Cv;Z"./X 000007248fb0a1a4733d4d85ca436ea998824c8c401c440e3037d02c0dd86909
2022-07-12 17:32:22 INFO        1: [ 2]                               t( 07e0d230f00966132f85df6d2590a19ac65dd789784d43ee8b7329922c6e7202
2022-07-12 17:32:22 INFO        2: [ 5]                            #Eh+m 004a4073aeda697ea956325e1d9d0e03aa53aef3b7dcee41e0fbba2c18f9a5e2
2022-07-12 17:32:22 INFO        3: [ 5]                            u<T^1 0001ec601f548249c5deeed591708521c638ab359ecfb077b37c95e75350ced3
2022-07-12 17:32:22 INFO        4: [ 8]                         ta<R0*P+ 0000cf4ad01c1b292c62022240df9c198ad16252e832abb18ac733927ebdad7a
2022-07-12 17:32:22 INFO        5: [ 4]                             8~.& 00000820ade11e4125cf636a29fe233b4316f09ceed31fb062acf14a9b3ee12a
2022-07-12 17:32:22 INFO        6: [ 6]                           jmjDtc 0000006c41ce7e969e50108208c01eb46c55040ba7f4325176f2fdf028e49bc5
2022-07-12 17:35:24 INFO     Started
2022-07-12 17:35:25 INFO     build program: kernel 'mine_nonce' was part of a lengthy cache retrieval (0.49 s)
2022-07-12 17:35:26 INFO        1: [ 7]                  FOULDS-0Iw'b{ms 03d962440bcf453a70f71b4ac7503767d7e0bc04c0cf298dc5542fdf4f39af6a
2022-07-12 17:35:26 INFO        2: [ 4]                     FOULDS-0E5`D 00256461ef07d14c8c1dd560a11c14ea45317c1e91ff519a2609eef440134a10
2022-07-12 17:35:26 INFO        3: [ 6]                   FOULDS-0ak|IcG 0005bf9cced1c9d5e04e28bce6c1e16531a020da18cebfdee8221558dce61f3a
2022-07-12 17:35:26 INFO        4: [ 5]                    FOULDS-0@T)*y 00002bf0f12b711f0d9ba917f0c0f5cbf324f4944daba2f8c912d5321270b4dd
2022-07-12 17:35:27 INFO        1: [12]             FOULDS-1i |Qa.'Z@Y"t 0645f3a18e87e5480bc1558ce6313ee235b06d69082fd6f51024dda1acd29564
2022-07-12 17:35:27 INFO        2: [ 9]                FOULDS-1n3"w)lUda 00538db964544f4877c60821c4cdfe89eaf786221591609311dcbb82c5e7292d
2022-07-12 17:35:27 INFO        3: [12]             FOULDS-1C"<I9]\)(,YV 0007c218dff4504c1a3f6dbcfec04465e88d9281ae12dee04a9a8bab01f0a3a9
2022-07-12 17:35:27 INFO        4: [ 8]                 FOULDS-1{5gxk.c8 00006491eb0f7ea1a43a13442d0522054123de86a3e097b3a642699db2d1d704
2022-07-12 17:35:27 INFO        5: [11]              FOULDS-1~/]RbH"DXH# 000007a085f70652e7e3ee952c82f1335a6181c883fe29721cbdce7734ac65a5
2022-07-12 17:35:27 INFO        6: [ 6]                   FOULDS-1v,}:YR 000000716739373d0105a588aad496ed5b69bd6c3f349f14fb8ce51c4a0ecff0
2022-07-12 17:35:28 INFO        1: [10]               FOULDS-2yo@RD&[#m# 0668c8705f182c4968ad86ee29cf9c5d0793a962cea3c87a1a89ca88a9f445c1
2022-07-12 17:35:28 INFO        2: [ 4]                     FOULDS-2'd=, 0046aea7088949b5d9d6d8a57cd2dc6ea831faefc54e199b916ee47aec97e207
2022-07-12 17:35:28 INFO        3: [ 8]                 FOULDS-2NpSu`#e( 0003ed85e79629e7f66f3065470707294df1d36f98d5197bce45c66b60bc7588
2022-07-12 17:35:28 INFO        4: [ 8]                 FOULDS-28#Jg;nWt 00000bd5077df1ea5058cee5ef8b222f93508fed6c77507669ccdde31213168f
2022-07-12 17:35:28 INFO        5: [ 9]                FOULDS-2RVL-|mahw 000001ffbad407d948a7bb759a1827a193ff43d7b9a6b9f7f6140206210724d2
2022-07-12 17:35:29 INFO        1: [12]             FOULDS-3V14'-QB8JFZ) 055205290076d6781e4e86122706b599bccedb794f8d2b6eb8b6dc5c22115a17
2022-07-12 17:35:29 INFO        2: [13]            FOULDS-3@lED9[MvNgjI< 00136f4d67fd818119cce83ddc1fef0515036833de2d18e8fae8b6f38dfdbf3e
2022-07-12 17:35:29 INFO        3: [11]              FOULDS-38PWG|Wmkpn] 000725019b2befaaca3b504bbaaa75d7b20328ca2f5ad458b24cdc6c0b2c39cd
2022-07-12 17:35:29 INFO        4: [ 9]                FOULDS-3m]MNS$Z74 0000bd566cd487a8605e76788cc13a10b27e9f9116c3c43d35785f107aafbd12
2022-07-12 17:35:29 INFO        5: [ 7]                  FOULDS-3B82kWJ' 0000079565e2c008a5394fc1f722958cf48d560134593d560bd18be8076119a1
2022-07-12 17:35:29 INFO        6: [11]              FOULDS-3)d]O<HkG:Hk 0000008eb3a5f493746c9d118da74bca0aaaa14ad531d3698fa5b9a80d4d35fc
2022-07-12 17:35:30 INFO        1: [ 2]                       FOULDS-4s7 083a7035f22b84bfb032e0a4a9e3532a1b71d86005df0a20cace1150a083ecf0
2022-07-12 17:35:30 INFO        2: [16]         FOULDS-4'''''''''''''''' 004344869f6a2f3810b8dd51de73452a4852fcafaad7f68a565825aa94745f2f
2022-07-12 17:35:30 INFO        3: [ 2]                       FOULDS-4g( 0008496b9f7396747e3bd6bfd5be31e5c6cb7a027de6fa17dac1f62fb4d1258d
2022-07-12 17:35:30 INFO        4: [12]             FOULDS-4Ce9&B0:5=`n1 000014efa194d5273add4872392f3b97c201786b92136afea8617fd8927b25f0
2022-07-12 17:35:30 INFO        5: [ 6]                   FOULDS-4}vbO$! 000008b6fb74af0797bc3883d52f4ee914baf51a6a292a733ed46b02cfd7abc6
2022-07-12 17:35:31 INFO        1: [ 9]                FOULDS-51AqkMn+-, 07fbc3e9a3b01b82c321bf922b445a23c1475bb66caf57c580be6ced8f58b013
2022-07-12 17:35:31 INFO        2: [ 5]                    FOULDS-500000 0089051e7ad370ed01d7a37864729cfe0098948a721f3154101eb876002f08d9
2022-07-12 17:35:31 INFO        3: [ 2]                       FOULDS-5BF 0008e4d164930b51cf8f17b9d52c32cdb35fc8c093fca9f78e6e35133225f848
2022-07-12 17:35:31 INFO        4: [ 4]                     FOULDS-5/g:j 00009c0c1a0afdaab5be00a0c2c3ac61856b3e17025ff7912038d5ed99282150
2022-07-12 17:35:31 INFO        5: [ 3]                      FOULDS-5+W{ 000006376013ac62495f2458fedc11fc3e639683ef016867ef7a6be1a61841ce
2022-07-12 17:35:32 INFO        1: [13]            FOULDS-6aY+DZ2+@[L'I> 04e2cacda3901edfb7fe84e400981b554c7d9c847f6c66798413713c88cd55eb
2022-07-12 17:35:32 INFO        2: [ 4]                     FOULDS-6kDf! 00df4b960305f5dd4894c9703be458a4d31c7a19e546c059a0e2fd15b685387b
2022-07-12 17:35:32 INFO        3: [10]               FOULDS-6}'a@]7cA$; 0008137001cfde4266854ece793e17c7349aebe700558d56b565f3fd8855eb1a
2022-07-12 17:35:32 INFO        4: [ 2]                       FOULDS-6*: 0000478f4c7dc6f169d56f472b975428903aa3fdfcac0453a5f9c55d3e9c4f5c
2022-07-12 17:35:32 INFO        5: [ 6]                   FOULDS-6R LKgv 0000082ce3b67076bc8f5c5f141cbf3d15ab773cd091421ab28f2cbff03e6a1f
2022-07-12 17:35:32 INFO        6: [ 7]                  FOULDS-6NoIPZR/ 000000e044a0508a72900ed0ff670757331410056af4d8eca0d9e058ea429c98
2022-07-12 17:35:33 INFO        1: [14]           FOULDS-7nb!L3&za;Oq0G0 03d0f8fe8e39619ffe88ff5bb614de03b62fefe08c0d69d0eeb683ab61f716fc
2022-07-12 17:35:33 INFO        2: [10]               FOULDS-7tttttttttt 001c3015296e3c2444e5f9838943994caefef4bbcdbc6a7aab30eba7e819e5ac
2022-07-12 17:35:33 INFO        3: [10]               FOULDS-79LZT"UIr~# 000670ceffbe5a567badb77a78a5543ec3165071c3d76940dea6e2ce3a9bd30c
2022-07-12 17:35:33 INFO        4: [11]              FOULDS-7jWicG(/Shv} 0000323b7b8742595940f4ffa6d3a971008d888b682c85df7d6c4f568619fefe
2022-07-12 17:35:34 INFO        1: [ 4]                     FOULDS-8DnU9 074c3bb9b64108e50e1d1ce93f3f2927053c50021e722b6e62a18c56b8941a24
2022-07-12 17:35:34 INFO        2: [10]               FOULDS-83333333333 00cba1cab22785e212af7292baaed780451605c1d472f3ed5e877aec49c18136
2022-07-12 17:35:34 INFO        3: [12]             FOULDS-8i]6^jHBW?(24 000599a16309a9357bc3794f6cbfdd2cd631215d7b292d60dc988663af9bdbe8
2022-07-12 17:35:34 INFO        4: [ 5]                    FOULDS-8!0U.: 00002ebab5b61f1e4c83310ab15fc528546118a4063311f3a9d9e3fca7159d7b
2022-07-12 17:35:34 INFO        5: [12]             FOULDS-8OztH%?v}0Cb< 000001e6390813727be8f1a78511b001904aec51456f7acf36974e1e373d6b41
2022-07-12 17:35:35 INFO        1: [13]            FOULDS-97"oJF 1h!]dT0 01454497d011a0f6ba0e0824ca228a5ff0cd5e0661046ce10e4260b24bd23a1f
2022-07-12 17:35:35 INFO        2: [11]              FOULDS-9B<p?T"|@A@0 0048cdf12e573b09443277cfabbc35de0d4dde43830b1e73c02cd71008c6c9b8
2022-07-12 17:35:35 INFO        3: [ 7]                  FOULDS-9-*`v=q" 0003ef183a530fd38bafdfbbf5794cfbe7dc06b074cac618d64a2c7dbb7f42a2
2022-07-12 17:35:35 INFO        4: [ 4]                     FOULDS-9K-"2 000061c62ddd4faa21254b735cd962bbe27901815a4bc2851c0c6afce0ce161f
2022-07-12 17:35:35 INFO        5: [11]              FOULDS-9tThN0y1"aw& 00000186ab4918f439e284d1b9f61b35712f2452a536f286752c70e8c9ea83d8
2022-07-12 17:35:36 INFO        1: [ 2]                      FOULDS-10Ow 062fb33d63b5b2fc94a5bcdce566152ca591b1c627500b6790a68893915520d3
2022-07-12 17:35:36 INFO        2: [ 2]                      FOULDS-10wE 00bbe17d7a1673de8bc0910051f3f4cfd4da6407570d938eaa068f540c6a30cf
2022-07-12 17:35:36 INFO        3: [14]          FOULDS-10ubM.W8uyv'uf;Y 0004a4d7089d1afce9f4e9e2a3372bce9f200393e58207f0229d473feb659b2f
2022-07-12 17:35:36 INFO        4: [ 8]                FOULDS-10dpK1T`z! 0000c767f275cb2f1374ca3dbf491df8de11aac3625d69009805fa18216653e4
2022-07-12 17:35:36 INFO        5: [ 7]                 FOULDS-10`!`y8Xa 00000891fec1804369c6dac776d2c616f00fad991a41fb4b2111e5a75b13525a
2022-07-12 17:35:36 INFO        6: [11]             FOULDS-10OM)e=7L8Fn@ 00000080115fa10f838743f1353431e982413455c153a287aef2d0f39eb7a1a3
2022-07-12 17:35:37 INFO        1: [13]           FOULDS-11"zYHp!Q.iHFjH 036ab6a35afdefd49fe4f52363536648b2fcdd15e7907365063861735d25baae
2022-07-12 17:35:37 INFO        2: [ 6]                  FOULDS-11,A,n!9 008a91b1762acdeda682835ac28522c3811ceef70eca48e595599c91da11d5ae
2022-07-12 17:35:37 INFO        3: [ 3]                     FOULDS-11,+% 0004f8d0b805f31885754caed204e944e75b1c01a50ff3b9c9b7b2a2c0a7780e
2022-07-12 17:35:37 INFO        4: [10]              FOULDS-11"Q9 c9l ck 0000819bee5b47ce1fbd642a0edd62f63fe064a26c91ebe3325afbcc33467676
2022-07-12 17:35:37 INFO        5: [16]        FOULDS-11%(]c]^'2HC~q/_)) 00000451e81279107417942b82632ab2108b69fadb11041a4b0ec2c1884ddd98
2022-07-12 17:37:01 INFO     Started
2022-07-12 17:37:03 INFO     build program: kernel 'mine_eight' was part of a lengthy cache retrieval (0.48 s)
2022-07-12 17:49:57 INFO        0: [14]           FOULDS-7P?e'MCAQPuaTiF 000000004c18c22e677c8267f6e58213e95d619adf4a395a6fb4891b414413ce
2022-07-12 17:50:58 INFO     Started
2022-07-12 17:50:59 INFO     build program: kernel 'mine_eight' was part of a lengthy cache retrieval (0.48 s)
2022-07-12 17:52:29 INFO        0: [ 7]                   FOULDS-0vS;|X> 00000000559deaf2a84e05c374b8cce1bd15504c843632eae0f12ff5d5fa5b8c
2022-07-12 17:57:18 INFO        0: [ 8]                  FOULDS-6n[uf P@ 0000000023f3ff8202f7317ef4de73e8b01e65194825badc5bc45d0cb6b4be8b
2022-07-12 18:06:51 INFO        0: [15]           FOULDS-f/GpC6}@C{jU[oX 0000000034c6bf97558a26d86016e343d90b6476134f092220ead19b73fdfd9e
2022-07-12 18:17:56 INFO        0: [16]          FOULDS-_jfMzEJ!?[R4-8_" 000000009f1dfbb336e024ea85837bf51a090d159993848148a1070c31c87730
2022-07-12 18:24:19 INFO        0: [16]          FOULDS-W%&LE!Qvl'Z[t%m  00000000da55eb8248b272fe9c304b7ac26c0eb0b40aef4b241f5ebb5c81159d
2022-07-12 19:02:29 INFO        0: [15]           FOULDS-f/GpC6}@C{jU[oX 0000000034c6bf97558a26d86016e343d90b6476134f092220ead19b73fdfd9e
2022-07-12 19:08:53 INFO        0: [13]             FOULDS-v\=y@(&fJ="Pp 00000000987f9a449af57290f6038b456dedcc8a1716ce4a20ba79ba4e8060ae
2022-07-12 19:19:59 INFO        0: [14]            FOULDS-v+\n}-$<x?ZQ3Q 00000000391c699e826029184687aed4fb10f960b55e9ca8ca6eef58c4b5d69c
2022-07-12 19:35:53 INFO        0: [ 8]                  FOULDS-6n[uf P@ 0000000023f3ff8202f7317ef4de73e8b01e65194825badc5bc45d0cb6b4be8b
2022-07-12 20:09:17 INFO        0: [14]            FOULDS-v+\n}-$<x?ZQ3Q 00000000391c699e826029184687aed4fb10f960b55e9ca8ca6eef58c4b5d69c
2022-07-12 20:20:27 INFO        0: [11]               FOULDS-&neSi2&P:+e 00000000d171ba2af033241fec4032c9fdde63ba087d84e22bda6d677ddadb76
2022-07-12 20:39:30 INFO        0: [11]               FOULDS-&neSi2&P:+e 00000000d171ba2af033241fec4032c9fdde63ba087d84e22bda6d677ddadb76
2022-07-12 21:11:19 INFO        0: [16]          FOULDS-W%&LE!Qvl'Z[t%m  00000000da55eb8248b272fe9c304b7ac26c0eb0b40aef4b241f5ebb5c81159d
2022-07-12 21:16:07 INFO        0: [11]               FOULDS-&neSi2&P:+e 00000000d171ba2af033241fec4032c9fdde63ba087d84e22bda6d677ddadb76
2022-07-12 21:22:28 INFO        0: [ 9]                 FOULDS-)[AfhTaI{ 00000000e53086bec6a2440b7897b30863dfff7080cd91c8ce8681276b6c0b1d
2022-07-12 21:44:43 INFO        0: [15]           FOULDS-f/GpC6}@C{jU[oX 0000000034c6bf97558a26d86016e343d90b6476134f092220ead19b73fdfd9e
2022-07-12 21:55:53 INFO        0: [16]          FOULDS-W%&LE!Qvl'Z[t%m  00000000da55eb8248b272fe9c304b7ac26c0eb0b40aef4b241f5ebb5c81159d
2022-07-12 21:59:01 INFO        0: [13]             FOULDS-v\=y@(&fJ="Pp 00000000987f9a449af57290f6038b456dedcc8a1716ce4a20ba79ba4e8060ae
2022-07-12 22:00:37 INFO        0: [13]             FOULDS-v\=y@(&fJ="Pp 00000000987f9a449af57290f6038b456dedcc8a1716ce4a20ba79ba4e8060ae
2022-07-13 02:41:17 INFO     Started
2022-07-13 02:41:19 INFO     build program: kernel 'mine_eight' was part of a lengthy cache retrieval (0.50 s)
2022-07-13 02:42:50 INFO        0: [14]            FOULDS-v+\n}-$<x?ZQ3Q 00000000391c699e826029184687aed4fb10f960b55e9ca8ca6eef58c4b5d69c
2022-07-13 02:44:01 INFO     Started
2022-07-13 02:44:03 INFO     build program: kernel 'mine_eight' was part of a lengthy cache retrieval (0.49 s)
2022-07-13 02:53:00 INFO     Started
2022-07-13 02:53:01 INFO     build program: kernel 'mine_eight' was part of a lengthy cache retrieval (0.48 s)
2022-07-13 03:05:53 INFO     Started
2022-07-13 03:05:54 INFO     build program: kernel 'mine_eight' was part of a lengthy cache retrieval (0.48 s)
2022-07-13 03:34:13 INFO        0: [15]                  FOULDS-6n[uf P@ 0000000023f3ff8202f7317ef4de73e8b01e65194825badc5bc45d0cb6b4be8b
2022-07-13 03:37:29 INFO     Started
2022-07-13 03:37:30 INFO     build program: kernel 'mine_eight' was part of a lengthy cache retrieval (0.45 s)
2022-07-13 04:07:32 INFO        0: [18]               FOULDS-)25.(=Y %pv 00000000ab752fc2b6617f2b747d2f3e609ed7e7f032796efe95585de3af253f
2022-07-13 04:29:38 INFO     Started
2022-07-13 04:29:42 INFO     build program: kernel 'mine_eight' was part of a lengthy cache retrieval (0.92 s)
2022-07-13 04:31:31 INFO     Started
2022-07-13 04:31:33 INFO     build program: kernel 'mine_eight' was part of a lengthy cache retrieval (0.46 s)
2022-07-13 04:48:04 INFO     Started
2022-07-13 04:48:06 INFO     build program: kernel 'mine_eight' was part of a lengthy cache retrieval (0.51 s)
2022-07-13 04:51:04 INFO        0: [23]          FOULDS-W%&LE!Qvl'Z[t%m  00000000da55eb8248b272fe9c304b7ac26c0eb0b40aef4b241f5ebb5c81159d
2022-07-13 04:51:04 INFO     Iteration complete.
2022-07-13 04:54:18 INFO     Iteration complete.
2022-07-13 04:57:28 INFO     Iteration complete.
2022-07-13 05:00:38 INFO     Iteration complete.
2022-07-13 05:03:46 INFO     Iteration complete.
2022-07-13 15:39:06 INFO     Started
2022-07-13 15:39:15 INFO     build program: kernel 'mine_eight' was part of a lengthy source build resulting from a binary cache miss (6.94 s)
2022-07-13 15:39:30 INFO     Iteration complete.
2022-07-13 15:39:46 INFO     Iteration complete.
2022-07-13 15:39:53 INFO     Started
2022-07-13 15:39:55 INFO     build program: kernel 'mine_eight' was part of a lengthy cache retrieval (0.51 s)
2022-07-13 15:41:48 INFO     Started
2022-07-13 15:41:50 INFO     build program: kernel 'mine_eight' was part of a lengthy cache retrieval (0.47 s)
2022-07-13 15:42:37 INFO     Iteration complete.
2022-07-13 15:43:24 INFO        0: [21]            FOULDS-iv/yY3jmj%.iCA 00000000b22643f69e1ddcd382a41ffe0f95a86ed097c892f7a54b1db57a818f
2022-07-13 15:43:24 INFO     Iteration complete.
2022-07-13 15:44:11 INFO        0: [16]                 FOULDS-h]x`qsF-z 000000004819e171c1caf69cfdf893bb77b711948efadbf71615a0b4333296eb
2022-07-13 15:44:11 INFO     Iteration complete.
2022-07-13 15:44:58 INFO        0: [21]            FOULDS-EJM$=c+^cYEHWo 0000000065b1426c5b4b19e0a4b5519e78d86122b43deb65aafd187dbf5e6ed3
2022-07-13 15:44:58 INFO     Iteration complete.
2022-07-13 15:45:45 INFO        0: [22]           FOULDS-p`q ,ueg/IhT@7) 0000000082df73b65a892c3db50086ecc16b09ea4013c710c14f09bf2f38dc62
2022-07-13 15:45:45 INFO     Iteration complete.
2022-07-13 15:46:14 INFO     Started
2022-07-13 15:46:16 INFO     build program: kernel 'mine_eight' was part of a lengthy cache retrieval (0.48 s)
2022-07-13 15:47:03 INFO     Iteration complete.
2022-07-13 15:47:50 INFO        0: [22]           FOULDS-9`u4>"O3q#KIffl 000000008603c923b421b5ac2caffd06fc0bd076b605b92a01adc36564d8d610
2022-07-13 15:47:50 INFO     Iteration complete.
2022-07-13 15:48:37 INFO     Iteration complete.
2022-07-13 15:49:24 INFO        0: [12]                     FOULDS-zKH&U 000000002d1b1f66411ba7872c7b5171220129253a670abdda228317b98be26e
2022-07-13 15:49:24 INFO     Iteration complete.
2022-07-13 15:50:11 INFO        0: [15]                  FOULDS-@d*]:E7j 00000000200f836f68161694fd45b7640f5750af7e192f9e061fd56a1f8dca60
2022-07-13 15:50:11 INFO     Iteration complete.
2022-07-13 15:50:58 INFO        0: [12]                     FOULDS-cHzyy 00000000d6920e44c98c25c40132444e2098023904bf20fc9230e8e882462325
2022-07-13 15:50:58 INFO     Iteration complete.
2022-07-13 15:51:46 INFO        0: [17]                FOULDS-/fKEsLivmg 00000000c67d67c4160601ccb132adc777f259ff10824ab066679158f8c0f71d
2022-07-13 15:51:46 INFO     Iteration complete.
2022-07-13 15:52:33 INFO        0: [23]          FOULDS-H\%nD^! ].kqr-[h 00000000fbf55e56ab0448606486d7a1e09383b55f357ee2b7bbd16d5274f205
2022-07-13 15:52:33 INFO     Iteration complete.
2022-07-13 15:53:20 INFO     Iteration complete.
2022-07-13 15:54:07 INFO        0: [21]            FOULDS-iv/yY3jmj%.iCA 00000000b22643f69e1ddcd382a41ffe0f95a86ed097c892f7a54b1db57a818f
2022-07-13 15:54:07 INFO     Iteration complete.
2022-07-13 15:54:54 INFO     Iteration complete.
2022-07-13 15:55:41 INFO        0: [20]             FOULDS-6kKwbZQJ;FV"x 000000005841744e7af2f6386e031cc2ba21326e6a6fcef0ffcd8e64b0ada462
2022-07-13 15:55:41 INFO     Iteration complete.
2022-07-13 15:56:28 INFO        0: [14]                   FOULDS-,MZ;yF8 00000000a50f4e9bf2296b0b8c5dbc84b2b69e7c82986de43d64c2c12d9b8e88
2022-07-13 15:56:28 INFO     Iteration complete.
2022-07-13 15:57:16 INFO        0: [16]                 FOULDS-0.>'Qw3P} 00000000ef5fb37855270e2b25150f9a38d9545de6bd76d800aa8922c42d2197
2022-07-13 15:57:16 INFO     Iteration complete.
2022-07-13 15:58:03 INFO        0: [22]           FOULDS-FICJHAUXx`<13G< 00000000f89917d87a9d89dea51c7b17d39ce238afb6a6696210c6dec4a1a1e4
2022-07-13 15:58:03 INFO     Iteration complete.
2022-07-13 15:58:50 INFO        0: [20]             FOULDS-&d~XC,a+qajbk 0000000035f0875374aa4d619a3f348370ac008e94c2fa729c6db90b21e1cc94
2022-07-13 15:58:50 INFO     Iteration complete.
2022-07-13 15:59:37 INFO        0: [18]               FOULDS-RI^(=Mepb>C 0000000062253308f220bacc54bb3a1ac206310dff5a0325331fa719ddbd063c
2022-07-13 15:59:37 INFO     Iteration complete.
2022-07-13 16:00:24 INFO        0: [15]                  FOULDS-0En$4?kf 00000000082a3acafa9202bf5a093caf3ba58bbfcdc2a57bb4905b855eed1012
2022-07-13 16:00:24 INFO     Iteration complete.
2022-07-13 16:01:11 INFO     Iteration complete.
2022-07-13 16:01:58 INFO     Iteration complete.
2022-07-13 16:02:46 INFO        0: [16]                 FOULDS-eXIZ0"sqh 000000001499c82fba8447e4e93ae2d79e46ba9608664abd0c1bd99f19252db2
2022-07-13 16:02:46 INFO     Iteration complete.
2022-07-13 16:03:33 INFO        0: [16]                 FOULDS-h]x`qsF-z 000000004819e171c1caf69cfdf893bb77b711948efadbf71615a0b4333296eb
2022-07-13 16:03:33 INFO     Iteration complete.
2022-07-13 16:04:20 INFO        0: [20]             FOULDS-*yXi'Pr0JxE:` 000000005f60b487ecc22644bd499f9c83896c86f3d2b6f4aae7122e6fa3a437
2022-07-13 16:04:20 INFO     Iteration complete.
2022-07-13 16:05:07 INFO        0: [19]              FOULDS-(J1(|2rt#LYf 00000000ee0e28b09788d5f57c295058dbb2357bbe710fce060b483a90648601
2022-07-13 16:05:07 INFO     Iteration complete.
2022-07-13 16:05:54 INFO        0: [16]                 FOULDS-)[AfhTaI{ 00000000e53086bec6a2440b7897b30863dfff7080cd91c8ce8681276b6c0b1d
2022-07-13 16:05:54 INFO     Iteration complete.
2022-07-13 16:06:41 INFO     Iteration complete.
2022-07-13 16:07:29 INFO        0: [20]             FOULDS-g0$'3!7D}vLmt 000000000410b990db87d1c4a28a12295d4ba7f52c184df159919a7d01f9bb6b
2022-07-13 16:07:29 INFO     Iteration complete.
2022-07-13 16:08:16 INFO        0: [22]           FOULDS-"93qb=Pq9kcW,mP 000000005f656aae0675491f6040053094f1a56e76534ebc4553bcdb6894df54
2022-07-13 16:08:16 INFO     Iteration complete.
2022-07-13 16:09:03 INFO     Iteration complete.
2022-07-13 16:09:50 INFO        0: [20]             FOULDS-[8}osxe6;K7Q" 00000000be658e208bb18efa7dd2ed501809221fb5e541ee560ba63e239cbe9a
2022-07-13 16:09:50 INFO     Iteration complete.
2022-07-13 16:10:37 INFO        0: [14]                   FOULDS-*LaT+qb 00000000bef709841f860cd17b2ea8ee06bb9568836ed96300a682e4b244af05
2022-07-13 16:10:37 INFO     Iteration complete.
2022-07-13 16:11:24 INFO     Iteration complete.
2022-07-13 16:12:11 INFO     Iteration complete.
2022-07-13 16:12:59 INFO        0: [17]                FOULDS-S5~9:ua^uh 00000000c28ecc0b7e0455b42988bae996307037fe188ae7ff1ff909d7fc8176
2022-07-13 16:12:59 INFO     Iteration complete.
2022-07-13 16:13:46 INFO        0: [20]             FOULDS-g0$'3!7D}vLmt 000000000410b990db87d1c4a28a12295d4ba7f52c184df159919a7d01f9bb6b
2022-07-13 16:13:46 INFO     Iteration complete.
2022-07-13 16:14:33 INFO        0: [22]           FOULDS-:;L9`"K!k9`uFEj 00000000fba910c3a3cffe146a744dc627598cac6b4ef24fed28873a92c0fdc6
2022-07-13 16:14:33 INFO     Iteration complete.
2022-07-13 16:15:20 INFO     Iteration complete.
2022-07-13 16:16:07 INFO        0: [19]              FOULDS-P]Jj(7GKors[ 0000000070d096d4e514ccd5059e3d9b1cadf2de80c5afd2179335301e584fb1
2022-07-13 16:16:07 INFO     Iteration complete.
2022-07-13 16:16:54 INFO     Iteration complete.
2022-07-13 16:17:41 INFO        0: [21]            FOULDS-0k`W|dy*!BlS|v 000000004ac78da86cd615cd41fefc062f409276e2c55dba380030e20c14d8c6
2022-07-13 16:17:41 INFO     Iteration complete.
2022-07-13 16:18:29 INFO        0: [16]                 FOULDS-$yA}kjVf' 0000000030892026c4659da8e2bda7a5c90ff861583d83a8fb1e8bd5a58dd39f
2022-07-13 16:18:29 INFO     Iteration complete.
2022-07-13 16:19:16 INFO        0: [19]              FOULDS-P]Jj(7GKors[ 0000000070d096d4e514ccd5059e3d9b1cadf2de80c5afd2179335301e584fb1
2022-07-13 16:19:16 INFO     Iteration complete.
2022-07-13 16:20:03 INFO        0: [18]               FOULDS-)25.(=Y %pv 00000000ab752fc2b6617f2b747d2f3e609ed7e7f032796efe95585de3af253f
2022-07-13 16:20:03 INFO     Iteration complete.
2022-07-13 16:20:50 INFO        0: [21]            FOULDS-B4D"Zd!THyBw`\ 00000000d658e637e3d2c1ff9e487df5626cbf998158b164b5577a83afdb2fd9
2022-07-13 16:20:50 INFO     Iteration complete.
2022-07-13 16:21:37 INFO     Iteration complete.
2022-07-13 16:22:24 INFO        0: [23]          FOULDS-_jfMzEJ!?[R4-8_" 000000009f1dfbb336e024ea85837bf51a090d159993848148a1070c31c87730
2022-07-13 16:22:24 INFO     Iteration complete.
2022-07-13 16:23:12 INFO     Iteration complete.
2022-07-13 16:23:59 INFO     Iteration complete.
2022-07-13 16:24:46 INFO     Iteration complete.
2022-07-13 16:25:33 INFO        0: [22]           FOULDS-X$=T^i`kq:'4z%o 00000000b19a209bb736c980d48e4575ce7f340f1f7e6f44f8b120c159d87e39
2022-07-13 16:25:33 INFO     Iteration complete.
2022-07-13 16:26:20 INFO        0: [15]                  FOULDS-<Th4vx[T 00000000028b19d91275b325f92e8ed3d6f179cf3f510b9939efd28f8eac4581
2022-07-13 16:26:20 INFO     Iteration complete.
2022-07-13 16:27:07 INFO        0: [13]                    FOULDS-Uon^{l 0000000080df0d36e5d4fe8f9c088b1313aed7209366ef32363a2bac9238d691
2022-07-13 16:27:07 INFO     Iteration complete.
2022-07-13 16:27:54 INFO     Iteration complete.
2022-07-13 16:28:42 INFO     Iteration complete.
2022-07-13 16:29:29 INFO     Iteration complete.
2022-07-13 16:30:16 INFO        0: [23]          FOULDS-W%&LE!Qvl'Z[t%m  00000000da55eb8248b272fe9c304b7ac26c0eb0b40aef4b241f5ebb5c81159d
2022-07-13 16:30:16 INFO     Iteration complete.
2022-07-13 16:31:03 INFO        0: [14]                   FOULDS-*LaT+qb 00000000bef709841f860cd17b2ea8ee06bb9568836ed96300a682e4b244af05
2022-07-13 16:31:03 INFO     Iteration complete.
2022-07-13 16:31:50 INFO        0: [23]          FOULDS-`](FR2C=Dc&jcFY5 00000000135101e787d5e9c6c69761eb0de73f59b7d519f412e7bbfa26f8f786
2022-07-13 16:31:50 INFO     Iteration complete.
2022-07-13 16:32:37 INFO     Iteration complete.
2022-07-13 16:33:24 INFO        0: [12]                     FOULDS-cHzyy 00000000d6920e44c98c25c40132444e2098023904bf20fc9230e8e882462325
2022-07-13 16:33:24 INFO     Iteration complete.
2022-07-13 16:34:12 INFO     Iteration complete.
2022-07-13 16:34:59 INFO        0: [15]                  FOULDS-EGOH$l.B 000000005219caab0715536e975869fbaf03316bdc198afc29f03f362300cc01
2022-07-13 16:34:59 INFO     Iteration complete.
2022-07-13 16:35:46 INFO        0: [22]           FOULDS-LK|46W-NggP}':d 0000000054653a8ae056222654874a7da58c1bbbb5ee5629627a7fce3dd0fef6
2022-07-13 16:35:46 INFO     Iteration complete.
2022-07-13 16:36:33 INFO     Iteration complete.
2022-07-13 16:37:20 INFO        0: [22]           FOULDS-",mo:x/x|\)YNu} 000000006a127809f9331911493217aeeee05ac04d442622b9b4facb4df20e49
2022-07-13 16:37:20 INFO     Iteration complete.
2022-07-13 16:38:07 INFO        0: [14]                   FOULDS-0vS;|X> 00000000559deaf2a84e05c374b8cce1bd15504c843632eae0f12ff5d5fa5b8c
2022-07-13 16:38:07 INFO     Iteration complete.
2022-07-13 16:38:55 INFO        0: [17]                FOULDS-V-Tx[e-GBz 0000000048a62af79d4127e7bb1b6fcc058482dff742fd02934f7bad437f0fd0
2022-07-13 16:38:55 INFO     Iteration complete.
2022-07-13 16:39:42 INFO        0: [12]                     FOULDS-zKH&U 000000002d1b1f66411ba7872c7b5171220129253a670abdda228317b98be26e
2022-07-13 16:39:42 INFO     Iteration complete.
2022-07-13 16:40:29 INFO        0: [20]             FOULDS-vm4Jb{Zp\8IVW 000000006be7e4663ed6b515eaf6f39876d7033b8d769422249e4f616eab2f6a
2022-07-13 16:40:29 INFO     Iteration complete.
2022-07-13 16:41:16 INFO     Iteration complete.
2022-07-13 16:42:03 INFO        0: [19]              FOULDS-Zm)J%W">%{b& 00000000cdf7a63fcf9eebdda2c46b51bd6e4d70b59a2fa9bf56a48dbb12d3f2
2022-07-13 16:42:03 INFO        1: [19]              FOULDS-Zm)J%W">%{b& 00000000cdf7a63fcf9eebdda2c46b51bd6e4d70b59a2fa9bf56a48dbb12d3f2
2022-07-13 16:42:03 INFO        2: [19]              FOULDS-Zm)J%W">%{b& 00000000cdf7a63fcf9eebdda2c46b51bd6e4d70b59a2fa9bf56a48dbb12d3f2
2022-07-13 16:42:03 INFO     Iteration complete.
2022-07-13 16:42:50 INFO        0: [23]          FOULDS-L=V[.|59H-T<T,>B 0000000005e82b9e44a36b121d61b0c42b773e5673ce067508bbcf572c1fdde8
2022-07-13 16:42:50 INFO     Iteration complete.
2022-07-13 16:43:38 INFO        0: [20]             FOULDS-],%r)gaR$43(M 000000000f17e5cb8947ed9b6d7a07794900ac247febb2d804291d19dbc4231b
2022-07-13 16:43:38 INFO     Iteration complete.
2022-07-13 16:44:25 INFO     Iteration complete.
2022-07-13 16:45:12 INFO        0: [20]             FOULDS-Vw& |-Pn.7,z\ 0000000071493a02c6f90cfbda35df3cbb7017b41eb9a2f485892007fc4a3e66
2022-07-13 16:45:12 INFO     Iteration complete.
2022-07-13 16:45:59 INFO     Iteration complete.
2022-07-13 16:46:46 INFO        0: [13]                    FOULDS-Uon^{l 0000000080df0d36e5d4fe8f9c088b1313aed7209366ef32363a2bac9238d691
2022-07-13 16:46:46 INFO     Iteration complete.
2022-07-13 16:47:33 INFO        0: [22]           FOULDS-",mo:x/x|\)YNu} 000000006a127809f9331911493217aeeee05ac04d442622b9b4facb4df20e49
2022-07-13 16:47:33 INFO     Iteration complete.
2022-07-13 16:48:20 INFO        0: [16]                 FOULDS-:zoZ p:y[ 000000002a97ba1bc849c42ee348037c2430c4991eabe4534b66f8ef9e9bc33f
2022-07-13 16:48:20 INFO     Iteration complete.
2022-07-13 16:49:08 INFO     Iteration complete.
2022-07-13 16:49:55 INFO     Iteration complete.
2022-07-13 16:50:42 INFO        0: [13]                    FOULDS-9C#3L^ 00000000a59438a7ef3ea9597510a38b4fcf67e85edf61ded832d35ef02cae27
2022-07-13 16:50:42 INFO     Iteration complete.
2022-07-13 16:51:29 INFO        0: [20]             FOULDS-vm4Jb{Zp\8IVW 000000006be7e4663ed6b515eaf6f39876d7033b8d769422249e4f616eab2f6a
2022-07-13 16:51:29 INFO     Iteration complete.
2022-07-13 16:52:16 INFO        0: [22]           FOULDS-LK|46W-NggP}':d 0000000054653a8ae056222654874a7da58c1bbbb5ee5629627a7fce3dd0fef6
2022-07-13 16:52:16 INFO     Iteration complete.
2022-07-13 16:53:03 INFO     Iteration complete.
2022-07-13 16:53:51 INFO        0: [20]             FOULDS-[8}osxe6;K7Q" 00000000be658e208bb18efa7dd2ed501809221fb5e541ee560ba63e239cbe9a
2022-07-13 16:53:51 INFO     Iteration complete.
2022-07-13 16:54:38 INFO     Iteration complete.
2022-07-13 16:55:25 INFO        0: [14]                   FOULDS-cnp+.v1 00000000191bdf9abb18da7871fdd1539d04eb9c84b4b3b9b849982b9d8aad70
2022-07-13 16:55:25 INFO     Iteration complete.
2022-07-13 16:56:12 INFO        0: [12]                     FOULDS-zKH&U 000000002d1b1f66411ba7872c7b5171220129253a670abdda228317b98be26e
2022-07-13 16:56:12 INFO     Iteration complete.
2022-07-13 16:56:59 INFO        0: [20]             FOULDS-JVouIT&SPQ0/Z 0000000022d4f18d3e4e3f6b8c5eeb41477caab8c6c645a3b3b0584d2e3bde2e
2022-07-13 16:56:59 INFO     Iteration complete.
2022-07-13 16:57:46 INFO        0: [23]          FOULDS-ChEe4xbn0dTKg/)P 000000004ff4e59bd9fa090605fed2c5e034d5fa0ae423aa63b7e4a375872976
2022-07-13 16:57:46 INFO     Iteration complete.
2022-07-13 16:58:33 INFO        0: [20]             FOULDS-$#zdG+_|zz>\O 00000000f2ee860c7d57eb0d8e8030ce867ff4e11c1a25b3e206b74f7ffa6652
2022-07-13 16:58:33 INFO     Iteration complete.
2022-07-13 16:59:21 INFO        0: [14]                   FOULDS-`%r IY6 00000000bfb480b886f13ba2a5302ca75f4dc18a33b14b808657f4efe750f90f
2022-07-13 16:59:21 INFO     Iteration complete.
2022-07-13 17:00:08 INFO     Iteration complete.
2022-07-13 17:00:55 INFO     Iteration complete.
2022-07-13 17:01:42 INFO        0: [15]                  FOULDS-ao1*d3O! 00000000619ab4398a831163b1868912ccf7b8aef8a091849437e7734274b57c
2022-07-13 17:01:42 INFO     Iteration complete.
2022-07-13 17:02:29 INFO     Iteration complete.
2022-07-13 17:03:16 INFO        0: [12]                     FOULDS-cHzyy 00000000d6920e44c98c25c40132444e2098023904bf20fc9230e8e882462325
2022-07-13 17:03:16 INFO     Iteration complete.
2022-07-13 17:04:03 INFO        0: [23]          FOULDS-qIh@=WIbi0\T32"! 000000003d2348f2d8abebd57f56880cb0793576f170d500535ba3a1f5892449
2022-07-13 17:04:03 INFO     Iteration complete.
2022-07-13 17:04:51 INFO        0: [16]                 FOULDS-|4=Tg1-JM 0000000099aeeeb6daeddbef4fcff301bed8c37175a4dc835005cedb906799ff
2022-07-13 17:04:51 INFO     Iteration complete.
2022-07-13 17:05:38 INFO        0: [22]           FOULDS-p`q ,ueg/IhT@7) 0000000082df73b65a892c3db50086ecc16b09ea4013c710c14f09bf2f38dc62
2022-07-13 17:05:38 INFO     Iteration complete.
2022-07-13 17:06:25 INFO     Iteration complete.
2022-07-13 17:07:12 INFO        0: [17]                FOULDS-^zzWfsO6%' 000000008c3c00a8fcc8d6aaf4f0de5d0057a6206c469587061cb1cb04e47d63
2022-07-13 17:07:12 INFO     Iteration complete.
2022-07-13 17:07:59 INFO        0: [18]               FOULDS-%I_DUvE5XNs 000000007c12b6f1d2c7f738298b741e6e3f5cd3322d3532fa64ab5d93a935b7
2022-07-13 17:07:59 INFO     Iteration complete.
2022-07-13 17:08:46 INFO        0: [19]              FOULDS-x69x27Z9F  } 00000000696192f03b96770ad89e850b9e8bb0afdca765baa343a1855e39b4e0
2022-07-13 17:08:46 INFO     Iteration complete.
2022-07-13 17:09:34 INFO     Iteration complete.
2022-07-13 17:10:21 INFO        0: [21]            FOULDS-%C{zQ}g6TU6\^} 0000000073a7d5e72d261731a905abca9ee246b3b945a9a0acf0d52bc587d880
2022-07-13 17:10:21 INFO     Iteration complete.
2022-07-13 17:11:08 INFO        0: [21]            FOULDS--b*h]Fg'hQJ4Cu 000000005eab68d7fd5535b151e7551c5ef5a9dec29d1aa646500bc8bf8a75e8
2022-07-13 17:11:08 INFO     Iteration complete.
2022-07-13 17:11:55 INFO        0: [14]                   FOULDS-0vS;|X> 00000000559deaf2a84e05c374b8cce1bd15504c843632eae0f12ff5d5fa5b8c
2022-07-13 17:11:55 INFO     Iteration complete.
2022-07-13 17:12:42 INFO     Iteration complete.
2022-07-13 17:13:29 INFO        0: [14]                   FOULDS-`%r IY6 00000000bfb480b886f13ba2a5302ca75f4dc18a33b14b808657f4efe750f90f
2022-07-13 17:13:29 INFO     Iteration complete.
2022-07-13 17:14:16 INFO        0: [23]          FOULDS-H\%nD^! ].kqr-[h 00000000fbf55e56ab0448606486d7a1e09383b55f357ee2b7bbd16d5274f205
2022-07-13 17:14:16 INFO     Iteration complete.
2022-07-13 17:15:04 INFO        0: [20]             FOULDS-JVouIT&SPQ0/Z 0000000022d4f18d3e4e3f6b8c5eeb41477caab8c6c645a3b3b0584d2e3bde2e
2022-07-13 17:15:04 INFO     Iteration complete.
2022-07-13 17:15:51 INFO        0: [22]           FOULDS-Zx@.Y1@:G5KOec7 00000000439d0138f93f76c56611d530b16e7c978f32354abec739905e8ba511
2022-07-13 17:15:51 INFO     Iteration complete.
2022-07-13 17:16:38 INFO        0: [20]             FOULDS-*yXi'Pr0JxE:` 000000005f60b487ecc22644bd499f9c83896c86f3d2b6f4aae7122e6fa3a437
2022-07-13 17:16:38 INFO     Iteration complete.
2022-07-13 17:17:25 INFO        0: [13]                    FOULDS-vWs7F^ 000000001632ea006b1a0bd9ffcf64c23b887a1a9aa26f53bab23618ebd48134
2022-07-13 17:17:25 INFO     Iteration complete.
2022-07-13 17:18:12 INFO     Iteration complete.
2022-07-13 17:18:59 INFO        0: [12]                     FOULDS-cHzyy 00000000d6920e44c98c25c40132444e2098023904bf20fc9230e8e882462325
2022-07-13 17:18:59 INFO     Iteration complete.
2022-07-13 17:19:47 INFO     Iteration complete.
2022-07-13 17:20:34 INFO     Iteration complete.
2022-07-13 17:21:21 INFO     Iteration complete.
2022-07-13 17:22:08 INFO        0: [14]                   FOULDS-. %RJJw 00000000c025b02d7a48977d2a9af8e64edb84eb83c058b26b51a6511a28d47f
2022-07-13 17:22:08 INFO     Iteration complete.
2022-07-13 17:22:55 INFO        0: [21]            FOULDS-v+\n}-$<x?ZQ3Q 00000000391c699e826029184687aed4fb10f960b55e9ca8ca6eef58c4b5d69c
2022-07-13 17:22:55 INFO     Iteration complete.
2022-07-13 17:23:42 INFO     Iteration complete.
2022-07-13 17:24:29 INFO        0: [13]                    FOULDS-Sm;9kD 0000000039a3a7f6d64983ba67ae84b2d073be71cb0ac4b443dc76d5381fa9cf
2022-07-13 17:24:29 INFO     Iteration complete.
2022-07-13 17:25:17 INFO     Iteration complete.
2022-07-13 17:26:04 INFO     Iteration complete.
2022-07-13 17:26:51 INFO     Iteration complete.
2022-07-13 17:27:38 INFO        0: [22]           FOULDS-p`q ,ueg/IhT@7) 0000000082df73b65a892c3db50086ecc16b09ea4013c710c14f09bf2f38dc62
2022-07-13 17:27:38 INFO     Iteration complete.
2022-07-13 17:28:25 INFO     Iteration complete.
2022-07-13 17:29:12 INFO     Iteration complete.
2022-07-13 17:30:00 INFO     Iteration complete.
2022-07-13 17:30:47 INFO     Iteration complete.
2022-07-13 17:31:34 INFO        0: [16]                 FOULDS-=5WM==1:C 000000003afdaccdfa8e6632e1a95a55a7685603aa53ca37a80844257467c863
2022-07-13 17:31:34 INFO     Iteration complete.
2022-07-13 17:32:21 INFO     Iteration complete.
2022-07-13 17:33:08 INFO     Iteration complete.
2022-07-13 17:33:55 INFO        0: [16]                 FOULDS-_FHV.'M,u 00000000b5c3711e3e3232b24b30a99094de61959ed1afc4f60cc7f378f3f074
2022-07-13 17:33:55 INFO     Iteration complete.
2022-07-13 17:34:43 INFO     Iteration complete.
2022-07-13 17:35:30 INFO        0: [16]                 FOULDS-_FHV.'M,u 00000000b5c3711e3e3232b24b30a99094de61959ed1afc4f60cc7f378f3f074
2022-07-13 17:35:30 INFO     Iteration complete.
2022-07-13 17:36:17 INFO        0: [13]                    FOULDS-7MT'{y 000000000bae75b706d51c554659f25197509101fcbb607f0d247b4802a5121d
2022-07-13 17:36:17 INFO     Iteration complete.
2022-07-13 17:37:04 INFO        0: [14]                   FOULDS-9Gy]E\V 000000008568f25ee118c98777817e092433de6c95c175aad1e23b32f8e36cd0
2022-07-13 17:37:04 INFO     Iteration complete.
2022-07-13 17:37:51 INFO     Iteration complete.
2022-07-13 17:38:38 INFO     Iteration complete.
2022-07-13 17:39:25 INFO        0: [12]                     FOULDS-cHzyy 00000000d6920e44c98c25c40132444e2098023904bf20fc9230e8e882462325
2022-07-13 17:39:25 INFO     Iteration complete.
2022-07-13 17:40:13 INFO        0: [22]           FOULDS-LK|46W-NggP}':d 0000000054653a8ae056222654874a7da58c1bbbb5ee5629627a7fce3dd0fef6
2022-07-13 17:40:13 INFO     Iteration complete.
2022-07-13 17:41:00 INFO        0: [17]                FOULDS-S5~9:ua^uh 00000000c28ecc0b7e0455b42988bae996307037fe188ae7ff1ff909d7fc8176
2022-07-13 17:41:00 INFO     Iteration complete.
2022-07-13 17:41:47 INFO        0: [16]                 FOULDS-_FHV.'M,u 00000000b5c3711e3e3232b24b30a99094de61959ed1afc4f60cc7f378f3f074
2022-07-13 17:41:47 INFO     Iteration complete.
