2022-07-13 19:10:17 INFO     Started
2022-07-13 19:10:19 INFO     build program: kernel 'mine_eight_sequential' was part of a lengthy cache retrieval (0.47 s)
2022-07-13 19:10:35 INFO        0: [ 8]            395707976 0000000053d18bbf3e8293e6a3bacda6e35ee7715e6353bf55a86cb9c3b4167b
2022-07-13 19:10:52 INFO        0: [ 8]           5524391969 0000000093e0dbb2e58e64502569a8e47c46da1e15608bcb78812ab6376b9634
2022-07-13 19:11:27 INFO        0: [ 8]          17329064093 00000000de7de6badd2d7b08f71c1de29067837b61dfd46cb2092569201fdec6
2022-07-13 19:11:27 INFO        1: [ 8]          17947267177 00000000bb58ddbd9f8a6c1c7e57f57b49e2a6dcb0c9cb1c7a5a0a4ffe985072
2022-07-13 19:11:27 INFO        2: [ 8]          16201912725 000000009b7e960911e53f8e48b9b311220dc76521ed68f1532a6298bc04b6ce
2022-07-13 19:11:44 INFO        0: [ 8]          25217367676 00000000fec67d87fa16a224b06b23e0a8d14f8e6cf012104fe2bc7aed688e6e
2022-07-13 19:12:01 INFO        0: [ 8]          28128919330 000000006a143ff7920c82c62f6f1f502b0b4b55e054a3479fa02a8040a5d13d
2022-07-13 19:12:18 INFO        0: [ 8]          31333355519 0000000023c581b9b51ed3ad54f4c6f13c90098d80c42ff2ab9e8e04b21c02fa
2022-07-13 19:12:35 INFO        0: [ 8]          36070700197 00000000b9253558c1bbc3043221f8cf57f3436f496408d500cf3bc78af48a8a
2022-07-13 19:13:10 INFO        0: [ 8]          48888555654 00000000dbf0c89a79a0319232bbb839ec72eeb9f3d88ec2e9863e066af9d2bd
2022-07-13 19:13:27 INFO        0: [ 8]          56120813456 00000000e6e665fa370a6ff00da584915ee83be0a00306eab440abc5611f83ad
2022-07-13 19:14:01 INFO        0: [ 8]          63494345854 00000000a54005f7a5ec85d842f01d6164cc2411f7df55d9a2adf94e6dafd52d
2022-07-13 19:14:36 INFO        0: [ 8]          73028017059 00000000cc7e13ac8ac8ac4e3cb4b1160fc91ffbc1da422004633ec03ae24a90
2022-07-13 19:14:36 INFO        1: [ 8]          76360173941 0000000073594071d543fc9e8d3ed2972c2a8a81d69f9c1aae504facdeabb619
2022-07-13 19:14:53 INFO        0: [ 8]          80797040346 00000000a4b798d3ef2b24685e8ee5894d6a30ba599d4d25f05b412c296b2d1f
2022-07-13 19:14:53 INFO        1: [ 8]          76815693805 00000000c5a30f70b3c6d050081e7a8c4b921c0b31a02f696a1c433e9a8237a6
2022-07-13 19:14:53 INFO        2: [ 8]          77201834367 00000000ffd81e7fff06b0524d67a044a4cf88a4a05979e643d03aeb9e2e31cc
2022-07-13 19:15:10 INFO        0: [ 8]          84261661722 0000000061f103f2f797dd80f561c00703613bcf234106cace24e57883be2507
2022-07-13 19:15:27 INFO        0: [ 8]          89298555007 00000000ff40cb6df72ef6e86bc00940e16e01c2d67e7905ef9ab9d1722ed392
2022-07-13 19:15:27 INFO        1: [ 8]          91520612819 00000000a3170a2867cf15fa860162f05a8e987206426fdf2fbca31409c2d78e
2022-07-13 19:16:02 INFO        0: [ 8]          98141064880 00000000142167d66b53517ce0d24d5ff6131dfda58f7e6da9eaf4ea338c8fbb
2022-07-13 19:16:02 INFO        1: [ 8]          99701215729 00000000aed4d271700d06fc567335e361886a12a080759af80c99a545c8b902
2022-07-13 19:16:20 INFO        0: [ 8]         106328169784 000000009c275cf594a2d2aa840ba9b7895168918d952a3e81652af611b5f113
2022-07-13 19:16:20 INFO        1: [ 8]         107101266990 0000000052fae67d17c95410507cc3fd5817d39eb6016829d53626dd7f2aefa4
2022-07-13 19:16:20 INFO        2: [ 8]         106028973665 000000007db9df01f554dcc3bb85fd6f84b464b581c46be3a64d14675a7c6bb8
2022-07-13 19:16:38 INFO        0: [ 8]         111037147953 0000000055f33b72cf08cb79180fcd744c0e1951b252cad1f981b21854ad5c0e
2022-07-13 19:16:38 INFO        1: [ 8]         109167233388 00000000d69d9521d832b907c9c624b39c99f58b67bf892844640e589beb3ddc
2022-07-13 19:16:56 INFO        0: [ 8]         114681730693 00000000bb1e7ee63db73b0f21a0362ebce50ffa4400f94d6407c02b58a2c6f6
2022-07-13 19:16:56 INFO        1: [ 8]         113131883243 00000000b814d0dd3d6c375222f543e86f1f64833a6d86e24efdd0b7a76664fe
2022-07-13 19:17:13 INFO        0: [ 8]         120331014734 00000000b3c8c601a731c886cdc9963d2f2d1665c8ac8f990ac1ae5db5d0f4b0
2022-07-13 19:17:49 INFO        0: [ 8]         132915284468 00000000260b6a5e88ad36c1a2af724044ab6dcdbe39fcf60758fbbae0f2e905
2022-07-13 19:17:49 INFO        1: [ 8]         129596489549 00000000d461b5cb7461addae4558733af55440b1b10b836f519dead3d395c98
2022-07-13 19:17:49 INFO        2: [ 9]         128421639420 0000000004d745e11f4dc9c0055cf4d879803d809d19ccad6bb91ceeee2d57c4
2022-07-13 19:18:07 INFO        0: [ 8]         135368730517 00000000150033493a8c35ab820c1c4112b6e8301ec610edf72e5d12acfd6189
2022-07-13 19:18:25 INFO        0: [ 9]         138845690882 000000000f2758117eae55f0ed8c5434c8a5afa924f281356e705ad0e49619ec
2022-07-13 19:18:43 INFO        0: [ 8]         146743965787 0000000031beda839f192dc010020e7a2ab354411a65d78ccacf66733801b5c5
2022-07-13 19:19:00 INFO        0: [ 8]         153035914860 0000000088479f5cf1523bc85257c9648d3abe619fca3d97e414ef3103ab0818
2022-07-13 19:19:18 INFO        0: [ 8]         157580377617 00000000c34e72e44d4a7063e34774745e84fc969fa16e60ac26d09f22f7fa99
2022-07-13 19:19:18 INFO        1: [ 8]         155169605429 00000000c088b83cf14758be96701a7cd331545f8fbed41640342d13e084daf6
2022-07-13 19:19:36 INFO        0: [ 8]         159456339203 0000000062f4916c7d6dec2240b99849643a84e6bf41207aeb33a75c704a9426
2022-07-13 19:19:54 INFO        0: [ 9]         164770311661 000000000b43196358a90aa14d3616ed9398957c36a4bab4b93ebf6e738c4a8e
2022-07-13 19:19:54 INFO        1: [ 9]         168574908147 000000000f59dd082d460297f3d3082b6faf61eccb5800413386e325276317a3
2022-07-13 19:20:30 INFO        0: [ 9]         178396837590 000000000f8044c0d9aab510945e19ea9c0e470e316036d3aa1ec72ac63dea6d
2022-07-13 19:21:05 INFO        0: [ 8]         186835019260 00000000979d69c33b8cc3daeac52a1040be0e4a54f2c479d79e689b9fa0855a
2022-07-13 19:21:05 INFO        1: [ 8]         185426977190 00000000171c4a038ff2dc97bbee000a659be3f50dc7735c4a018e2d2b7c8583
2022-07-13 19:21:23 INFO        0: [ 8]         189815796509 00000000bbd1c0fc869eaf234452f8773c8923fb02cfd18d3a54383bbd30dc1d
2022-07-13 19:21:23 INFO        1: [ 8]         190201841033 00000000c32b736e819d2f6ab140543b1e92fb5fd8054337db20ed0d79afd8ec
2022-07-13 19:21:41 INFO        0: [ 8]         194636168162 000000003de56b36e56cf7527cff3830dbc94bcc20e6a42157240f89b67cdbff
2022-07-13 19:21:59 INFO        0: [ 8]         201894683670 00000000ba3eb7c0c89424d5f0dfd5c03c3e8897d169ffd5598d5e0715e83fe3
2022-07-13 19:22:34 INFO        0: [ 8]         211380705622 00000000b7c1f9b3ab8fee4c1a7a8d5997c08547539e1b098e5dff37d29741a7
2022-07-13 19:22:52 INFO        0: [ 8]         218372154215 00000000d367617afdb77e7ec47581e87afe1a8d1902ad7e67e113ee5bae95a1
2022-07-13 19:23:46 INFO        0: [ 8]         232030340188 000000001269f4dd1bce9231c74b42e1a001c584fa1db1645f89f3eb5da2e8e9
2022-07-13 19:23:46 INFO        1: [ 8]         233281625955 0000000017e4da45010b4056ea2a09fe1fb60be73b1d69cafa3ceea857fcf3b6
2022-07-13 19:24:39 INFO        0: [ 8]         248378273130 000000004f9322764d2d008fad3e5433f3ce9fa6873e74279e7de87b5a4b793f
2022-07-13 19:24:39 INFO        1: [ 8]         249186826960 00000000d9326f0d8cc2b1a69ebb5acac4580167fcb758f3118a2d05722e9af8
2022-07-13 19:25:50 INFO        0: [ 8]         268619900274 000000001ec54dfde1b3638f9386cf25b3aaebcef68fe73d10e986acd18f3e13
2022-07-13 19:25:50 INFO        1: [ 8]         268013990378 00000000345e297c18ff4adecaf4e66cd6ac474e197b2af7dc31cdb16e90f74d
2022-07-13 19:26:44 INFO        0: [ 8]         281827073347 000000001647cef38a9d4f46c53fec0a79b94a567a4c33e02538b22636a8f03f
2022-07-13 19:26:44 INFO        1: [ 8]         282348226350 000000002c1fa2d337de7d19cdac467cf12b9e34c5af1caf3ea963acaf584198
2022-07-13 19:27:20 INFO        0: [ 8]         295676066946 00000000318e6d8d2eba057908036f8a0d3f8488792de7d652a6430f78620aa7
2022-07-13 19:27:20 INFO        1: [ 8]         292874254524 000000001d7ea2d207d591136d618cc0a10761f05806705e5de27f9d53914da3
2022-07-13 19:27:20 INFO        2: [ 8]         293018412170 00000000377c7147c3b3497a22bfcd35ee83b037db9ef6b6565582b62b6bdadf
2022-07-13 19:27:20 INFO        3: [ 8]         294647879153 00000000fc23187545ea0921ea085d265511cb05e4d7f886b3213ce06b2ce87c
2022-07-13 19:27:20 INFO        4: [ 8]         296450954076 00000000449314746c0e0b0490ca15c0809f4cc6068726d6af6e7229ceecee80
2022-07-13 19:27:37 INFO        0: [ 8]         300485007765 00000000f609be65971a61377811b634445cdd09df8b449a9a6b830543ccce47
2022-07-13 19:27:37 INFO        1: [ 8]         300861705604 000000003c3e66bf84cd0acb6a187e2ef8e905fc944c263a4b83669a4cf37611
2022-07-13 19:27:55 INFO        0: [ 8]         302642286669 0000000034370c9d082f7cfe71a44c59c817ab6ba64b658ce57f805697621d6d
2022-07-13 19:29:07 INFO        0: [ 8]         326045123264 00000000cf49da0b02f76586f81ee18fc1d35b04d24c935fa4d0fe510fedb660
2022-07-13 19:29:07 INFO        1: [ 8]         324185741284 00000000576b5df151a57f52ee0a42dfe296f3e59305c5dc96498870875101f8
2022-07-13 19:30:00 INFO        0: [ 8]         338657124995 000000003de158c8b76fc87411181412f30d3e3c46b93b72ba6e4f1f57657451
2022-07-13 19:30:18 INFO        0: [ 8]         345648940807 0000000091f13f40b66d6a407e0a2ad96c6775c1adcd16342fca5338b1f1b11c
2022-07-13 19:31:29 INFO        0: [ 8]         368601321359 000000003c7e2d405a162454d2ab5108dbdeb0ba1758bd061b35ab656b6deac7
2022-07-13 19:31:29 INFO        1: [ 8]         363716468030 000000009fa48204c5bf781699883d7a4ad1091ee15b1c7b863b101244f735a5
2022-07-13 19:31:47 INFO        0: [ 8]         371931323745 00000000d59e66d1c1f68f55a3df0b75d7e6ec5f48cd02962c220456bdf2da70
2022-07-13 19:31:47 INFO        1: [ 8]         370908735242 0000000038d86890433de3abfefcb3bca8f2b9dc65f902d5bb43c45ab2214ed1
2022-07-13 19:31:47 INFO        2: [ 8]         370335820090 00000000e068bdd60b4a4770408c554ef116b7393b9672ee49b392540f88c13d
2022-07-13 19:32:05 INFO        0: [ 8]         374680652256 00000000b87be942303e49ff313d456fc5f0177bd0c4da15a3312d984955577c
2022-07-13 19:32:23 INFO        0: [ 9]         383619962189 000000000516704f738ad260105961e913622e9eaa939ee20b8a9b8b7c43cae6
2022-07-13 19:33:16 INFO        0: [ 8]         396763615922 0000000022e2933e344a28884e8ef36c9731f5f3ca5935860b859ae98eaea471
2022-07-13 19:33:34 INFO        0: [ 8]         400176533450 0000000076e91cbc4cde06a97a8595575148fc55c797beb7fc25fde06234495a
2022-07-13 19:33:52 INFO        0: [ 8]         404969253952 0000000084eaec4d8c9bf24b2ead32cb53e272b348798cf6dbb9cc97430be59f
2022-07-13 19:33:52 INFO        1: [ 8]         407507417346 00000000a0337fb75150e243ccce9c2f6a844d2615317d5b1ab4e423a2391567
2022-07-13 19:33:52 INFO        2: [ 8]         407265522826 00000000982e38fc8e90b99adf4207ede04091d32ccc2dfedd47f05f3fcc1993
2022-07-13 19:34:10 INFO        0: [ 8]         411687343469 0000000043d2fc3cedd339f07e934a0a55c830eb3b7ecee973f0e11b64975632
2022-07-13 19:34:45 INFO        0: [ 8]         421700285798 000000006ac4c82def4eaa056c22af3000cf97058079300027554c23e6d1d0d3
2022-07-13 19:35:03 INFO        0: [ 8]         425145333729 00000000b51599875789f329d29ddeffaa19f43e772a3608f5c1566a857cbe9e
2022-07-13 19:35:39 INFO        0: [ 8]         439360090301 000000008ab1b0f2a4d8a6b46027501e4c2bb49d04a9d6966f729e4099b094fa
2022-07-13 19:35:57 INFO        0: [ 8]         442751819928 0000000058b1d6c0b9a0ee4bbace58a112143711e1e99843a49201b0d9635a22
2022-07-13 19:35:57 INFO        1: [ 8]         444227977428 0000000013567fcd4c8d4661c4e6a083d87651fb543141e7c0857ecc26da7791
2022-07-13 19:36:15 INFO        0: [ 8]         446289466710 00000000bf39a6768987dee9adda225317f8501583d807f2c6ee63a8e3252b4e
2022-07-13 19:36:50 INFO        0: [ 8]         458255287278 0000000094c0cda8eb4a6ad2a1ac2f411d2fd3b83febf72ed8c7bb37a07fc91f
2022-07-13 19:37:26 INFO        0: [ 8]         470369432057 0000000060dd2420602826335dbea14f4f6041fd743d8519e60beee98a57f640
2022-07-13 19:37:44 INFO        0: [ 8]         475071065989 0000000096fe0cf3943e02d3523c73b50d05816fc447bfb5c1300073cbce7460
2022-07-13 19:38:19 INFO        0: [ 8]         485984539498 000000004ca7e3dc5dbcc47e6780107cf6aa25c1113337d7d30e4473563b1aab
2022-07-13 19:39:31 INFO        0: [ 8]         502948413303 000000001e0d5426e14e86b6a8f66df47d46248458f7ccec3f71a38410d4ce81
2022-07-13 19:39:48 INFO        0: [ 8]         508816857273 00000000a7038b1e9e08c0df2d7f9d19d2e186e71604303ba7662b4ef089c940
2022-07-13 19:40:06 INFO        0: [ 9]         512836368843 000000000d1af7f0b778844c9668a241eb9363f74eb3957cb929f1af4fd14d17
2022-07-13 19:40:06 INFO        1: [ 8]         514458458628 00000000240efee7b3c43cbe96106dc5e198283922ba1f16642f7609bbe50771
2022-07-13 19:40:06 INFO        2: [ 8]         513242526354 000000004eebe93f2bef9e61ca52d3590ab39f3317692857ba574c17fa2e9695
2022-07-13 19:40:06 INFO        3: [ 8]         514446741945 0000000026dcb24dfb77455009bff0eccf73b5d9b64d05e2b91d1f8f69d79f61
2022-07-13 19:40:24 INFO        0: [ 8]         519720507995 00000000c5ed4eb4aa01c120d7f377377f43adc3c06dcbfdf50cd7d8dab58b85
2022-07-13 19:40:24 INFO        1: [ 8]         521784876613 00000000c6ec173dfaac455fd9dbed39d92aed371333fef86cfe765c7bd53a27
2022-07-13 19:41:18 INFO        0: [ 8]         533508570870 00000000dbf7da8594477eecfd403510cc722c5b0a12335694fa3d5e8529401c
2022-07-13 19:41:18 INFO        1: [ 8]         532961940687 000000004dbe269fce24f1d029d15bb5789826c067284bb4a53f8f49bf4b4749
2022-07-13 19:41:35 INFO        0: [ 8]         542600628152 000000002c2303fdcfde75e301a8d37917c59ee1db93337d9f20803de092eb3d
2022-07-13 19:41:35 INFO        1: [ 8]         542381649311 000000006d1fcff956df4ac52189f91a571c3f4caf8f6b1c1a98efb30a6f0811
2022-07-13 19:41:53 INFO        0: [ 8]         545660068870 00000000d7370ba90764c490adf94d84aba3a5aa64c10532922e7e2b820a2916
2022-07-13 19:41:53 INFO        1: [ 8]         546674448218 000000006cd35900f0b4232f0f67b7647b2bbdc089fe801e0f8942c94f5e17ec
2022-07-13 19:41:53 INFO        2: [ 8]         547282607473 0000000096cfa7501d45502b6bcf2f1c6d49436f0e5881569b1185de18e50929
2022-07-13 19:42:29 INFO        0: [ 8]         556718504358 00000000618ad29a041505ace9d0fe75d81a70713d7d1bb76beaad39e7e22f58
2022-07-13 19:42:47 INFO        0: [ 9]         559339095604 000000000b0ddd057a6b6522130df4280dfb1abe3f3f89c91fe979602467cff2
2022-07-13 19:42:47 INFO        1: [ 8]         561898348034 00000000248687819faec476ef90eebebdd9d7f7517c2882f8c8fca77d6cf3be
2022-07-13 19:42:47 INFO        2: [ 8]         561542407074 00000000a94ceb8284f9276465fbb998a21b32973f588b915a494f81fc63e248
2022-07-13 19:43:05 INFO        0: [ 9]         566866447889 000000000fa8932a28e5a2a35916b836fe1d4bfc861bf9403c70df0dd304a90b
2022-07-13 19:43:05 INFO        1: [ 8]         563468638146 00000000e5c6585887829b39f9b677a5ea0f364f4df29088117102f3d5b8f866
2022-07-13 19:43:22 INFO        0: [ 8]         569411607730 00000000ebdcb9bf83a2c771d9a44e7acc67a646d36e41ad0755655199a86bfc
2022-07-13 19:43:22 INFO        1: [ 8]         572419785783 00000000ab498b372e5b2a61650f477f15fc99b2c62c3da6a1727f148f3688a7
2022-07-13 19:43:22 INFO        2: [ 9]         572457906502 0000000004679412f864b887332744b5571a85756bce6071011b9e9dd9f70e74
2022-07-13 19:43:40 INFO        0: [ 8]         574019248930 00000000d7772ad6eb48f3faa0c6ccf572f7a5ed6abbe2a0ae6b856e929f277c
2022-07-13 19:43:40 INFO        1: [ 8]         574765542455 00000000619ef331ee5b459386b9aedd9bf2098d2e5e73e45a8101866023b122
2022-07-13 19:43:58 INFO        0: [ 8]         582989010661 000000008bb4f9d3951ac97f430d69ab385204f7ca69f835743b4a284dd18ecc
2022-07-13 19:43:58 INFO        1: [ 8]         581742108657 0000000083f840b3160477801b6a6afebb3bead8705f505e6d0a6d60f09ceb13
2022-07-13 19:43:58 INFO        2: [ 8]         578797140804 000000007a8229d5cf9f8030ac06b548d55b43dc7a50c7d116f7427863f73ff3
2022-07-13 19:43:58 INFO        3: [ 8]         580294965133 000000003ab0ebf16e62502b0ef38ffcf996a26564b14c9c02d5ca37bd915883
2022-07-13 19:44:16 INFO        0: [ 8]         585826091584 000000003b1e97816641a2bd8fe66c1d82cc1ce21a743c4a1fe52b5cc505daa3
2022-07-13 19:44:16 INFO        1: [ 8]         588001468479 0000000065c8e5d4e7ae762b75791d330300d86115bfa7c0c9a0025e6d816c2e
2022-07-13 19:44:16 INFO        2: [ 9]         584623518953 000000000b29cd6eaf8e418a9ed3df6791c16ef54261eecbf076a2728f4c7b17
2022-07-13 19:44:16 INFO        3: [ 8]         586306851504 000000005c0ad892c33d2db106b95f01d59fa8fa9dee624105bdd9dd306bc465
2022-07-13 19:45:09 INFO        0: [ 8]         599136717172 00000000d6eca30f1f90bfb37f0c11fc65428eaf74c0251d6927878257bb201a
2022-07-13 19:45:09 INFO        1: [ 8]         604082833798 00000000c8016225cf2f6c0a06d92ce97f08f1e2f37eb14388fef77b25244f75
2022-07-13 19:45:45 INFO        0: [ 8]         614189505721 000000002036ace38a484271900f81bbcd1c5832d47f0274c2869d6ea08b6c4f
2022-07-13 19:46:03 INFO        0: [ 8]         618144551936 00000000817c47944606ed4b99ab4c6a0f15aabccf4e13f9c2a7550226a241d9
2022-07-13 19:46:03 INFO        1: [ 8]         618735847815 0000000053fc814d70124bfd05adc0225c6eb37739109eea99f2184b0cb317bb
2022-07-13 19:46:03 INFO        2: [ 9]         618125986872 0000000004fe8882336fd84b5f040538504b2c1310a33e3edcb89d2e7811d4e5
2022-07-13 19:46:38 INFO        0: [ 8]         628929605364 00000000e4b4bc0ae1c0e84916ad28fc7b6ff63351aec7a4284586b8a99e7746
2022-07-13 19:46:38 INFO        1: [ 8]         627997839980 000000001bd505ad90d7417edc80be39df377a0f35f0db82a468c8a1608929da
2022-07-13 19:47:32 INFO        0: [ 8]         641478275499 00000000472d58ae6af29cb446dd8817e7c8bd500a2969ae3dad5ee612fbcf93
2022-07-13 19:47:32 INFO        1: [ 8]         643767903114 00000000f89ec48376f6d5904279d68685023f0776f2ea5261f9d3b4157a987e
2022-07-13 19:47:50 INFO        0: [ 8]         648260956605 00000000c82bf5a009a1523495eca300baebec87d684e73d5b53117d9fa7dd01
2022-07-13 19:48:25 INFO        0: [ 8]         655455934140 00000000b90ee2c1d37aaf82d9bdceb26ed70078801dd2621a6938a37c3c79a6
2022-07-13 19:48:43 INFO        0: [ 8]         663417913646 00000000df914cc69e35ea36e02ab1db8d3df285b6820a056224b72bb799b61a
2022-07-13 19:49:01 INFO        0: [ 8]         667852338180 00000000c58e487e296d4054b89783ec9ad699cf00efa6504a07947ee73bc81e
2022-07-13 19:49:01 INFO        1: [ 8]         665639525237 000000004d11f1c57b8b2872989b750cef0f5b29acd4e12ef2a586290fcf1143
2022-07-13 19:49:37 INFO        0: [ 8]         676876399842 000000008df272b41c52b9123c879d11550cae53ae27d294d71f072766f0e4ae
2022-07-13 19:50:30 INFO        0: [ 8]         693220225324 00000000f5a49054ea012c4cc3085b907e092e10b3dbf7b3e1c0681e677dcfb6
2022-07-13 19:50:30 INFO        1: [ 8]         693571965854 0000000020c9ecb178ea61bbfdaba352695a9c679c926b78e5b3a46600cdf699
2022-07-13 19:50:48 INFO        0: [ 8]         697660608817 000000002f8eaca5cf3bd7d0c38c360b8d9328aa32a2548cefa8741eddb27bd9
2022-07-13 19:51:06 INFO        0: [ 8]         702180458861 00000000b37c5a6e05fceae9672d210aba026a03f4351debc7b1cac410da2811
2022-07-13 19:51:06 INFO        1: [ 8]         706455594840 00000000245154906ab0164c4259445f8028d8f289d4c84173f43f461b67984d
2022-07-13 19:51:24 INFO        0: [ 8]         711213904280 000000007dd580a1f3b74d34ba6620adea5cfee464f4a3f85ef35c38d686ec8a
2022-07-13 19:51:59 INFO        0: [ 8]         717113666724 0000000037800a2151a61c4e0def199381d8d4f0af52d38bdf0484fc9a4e5801
2022-07-13 19:51:59 INFO        1: [ 8]         720278704233 00000000125ed2611143062e6dea7bc0a804439b7efe4ad9c588c2dfa3454d54
2022-07-13 19:52:35 INFO        0: [ 8]         731353965636 000000007149fcb1c8f79bf0cc26ad4084aa7350be0a81bedc4438407d07850f
2022-07-13 19:53:29 INFO        0: [ 8]         744553879466 0000000071b6cb20eab4ecbb0a48e825ff5f73db7001c4f1e2a24fc901fc5855
2022-07-13 19:54:04 INFO        0: [ 8]         753294720062 0000000089c5518d1ebab26396e08125ec1d4bbc1849f2dcb56513f723935c9c
2022-07-13 19:54:04 INFO        1: [ 8]         752714926239 00000000b6ef38687b0921f6eec626e88244227790362ff9736de4169a694a15
2022-07-13 19:55:33 INFO        0: [ 8]         781761103385 000000006e9229ca3e0f3b324d2681fb962cc51cb7b3b9c52b21c3b8cd826602
2022-07-13 19:55:33 INFO        1: [ 8]         779908563032 000000007e82be071d5f7503719e1461a7a4f7c3c624180c1496336cb2615818
2022-07-13 19:55:51 INFO        0: [ 8]         784615442949 00000000a4de18dfe73f9b6b2978f7b66f006cdfb3deea822d944b500c150e00
2022-07-13 19:55:51 INFO        1: [ 8]         784553619723 0000000071b4c41cda66d6cfd1eb14b73eb174595d89a08a19e3683a11241102
2022-07-13 19:56:09 INFO        0: [ 8]         791402315899 00000000a9990ca410254a9418a4d27716ba11c10ffba4444147523438d74aa2
2022-07-13 19:56:09 INFO        1: [ 8]         793096780587 00000000254b165e1e58db6ab5a09997743d1d7a961cbf1f966b36e70c55b6b5
2022-07-13 19:56:27 INFO        0: [ 8]         797822159716 00000000b3a49845224f4f4aec7cfb9fafa5853d4ba4154a9437bf42a73afc1a
2022-07-13 19:56:27 INFO        1: [ 8]         796541630508 00000000d3d02281d1e8416bfac67308298fc196ad3a1ecd0bd5aaaa56263be1
2022-07-13 19:56:45 INFO        0: [ 8]         802398100018 000000003524b162b92a615bf5f0c55d980a45452213370a15fdf3feff51649e
2022-07-13 19:56:45 INFO        1: [ 8]         800128937968 00000000f83b5edd30419efd8ecc5c1178254f7f4e1bb679845b8c8a5175d9f9
2022-07-13 19:57:02 INFO        0: [ 8]         807338165626 000000009cd7ae065fbdf938150a1184972b8125fba1e673c9fc4c615881cefe
2022-07-13 19:57:02 INFO        1: [ 8]         807610341413 000000003a70f1638d7089a946e130782599f5dc41e92e891dd18dabd9526f32
2022-07-13 19:57:02 INFO        2: [ 8]         808398473014 000000002673172fddb30048b403bf1929e01d12f349e3d553ab122649ed671c
2022-07-13 19:57:38 INFO        0: [ 8]         814451341329 0000000088db58a8292a949481d94d1e65296779dc976b454a6832a6262b8665
2022-07-13 19:57:38 INFO        1: [ 8]         817923365031 00000000b686edaae7b104de54f3e0f2980c191681d1e7f9fda4b59e3028d497
2022-07-13 19:57:38 INFO        2: [ 8]         815415394755 00000000a23f3a1cfb07ba2ea4a5fa0bb01f0f60a3e278ad03011131dee4d7f5
2022-07-13 19:57:56 INFO        0: [ 8]         823762300427 000000002a35fbaafee84472e80c17634b64b52719cca3786a45a895f1ad5313
2022-07-13 19:58:14 INFO        0: [ 8]         828505439303 00000000bc28d48cb0531f4aa81deb0fd30bcba8dab70356087edaa280343724
2022-07-13 19:58:14 INFO        1: [ 8]         825415799908 00000000e4bcf77a2678347bd1bfbac3fb81993fb9f1aa1a40f2bcc3996233b7
2022-07-13 19:58:49 INFO        0: [ 8]         839034196088 00000000a9402e744edb35b13d443b75300dfe68815e5a423a56bc2a71736f54
2022-07-13 19:59:07 INFO        0: [ 9]         842009150451 000000000795cb93da3529755a34d1511232c1cbc7e4aa96063248ddaef98033
2022-07-13 19:59:25 INFO        0: [ 8]         846535604186 0000000027d074de54190322e3df5c9aee3b22224d7ee3fdaf6ba2b14f9e16a8
2022-07-13 19:59:43 INFO        0: [ 8]         853959070153 00000000a2d3c33943e0876f52b8ce5372aac52487715e65bcfa79a81d17004f
2022-07-13 19:59:43 INFO        1: [ 8]         852827321134 0000000097e865e1b9881bd69f63dc0c485c46132c3407e19ebbf9bccf6d1f4b
2022-07-13 19:59:43 INFO        2: [ 8]         851833348511 000000008876fb5b7265cb4043cd9d4f3a8349bf95df379e8868c49b5763555f
2022-07-13 20:00:01 INFO        0: [ 8]         860112751897 000000004f57a4671b42e2fc2e8ad416f41811b315f5311efbd2b5ac6c88dd2d
2022-07-13 20:00:19 INFO        0: [ 8]         865186115891 00000000f2777f8916542da0e32065cbbacc5e46c994e8696b8929185eea53ba
2022-07-13 20:00:19 INFO        1: [ 8]         862226331511 000000005b6996e75225c3d5b8d72d08211f22ce015ad2e0ef6d736eb299a9a7
2022-07-13 20:00:36 INFO        0: [ 8]         868100646255 00000000d6f22e045af7de5a24fb4eeb9eefab8ca0d7febe50749049d98fc9af
2022-07-13 20:00:54 INFO        0: [ 8]         873248817954 000000002e0d38b7d67a0d6c8715a5b41067c61a417f154004f174f3b32578a6
2022-07-13 20:00:54 INFO        1: [ 8]         872137942612 000000009240a8940af1839312d809ba82adddceaef39f1e18b5b7700c93ff99
2022-07-13 20:01:12 INFO        0: [ 8]         877896533716 00000000e672ec6757aef5f85b0317c72003c663dc7a74674a16d083b7f8fab8
2022-07-13 20:01:48 INFO        0: [ 8]         887995039291 000000004ae79ced7054a36328d6194555355736299dde6bf318a8a76bdfb802
2022-07-13 20:01:48 INFO        1: [ 8]         886281176433 000000005143ee52c1533002336ae5d4a0d3a7855e8ab80825131bd981c09cb0
2022-07-13 20:01:48 INFO        2: [ 8]         888139512018 0000000017bf1dda651c6058997452f5650c63a401b79e4b6c98a3f9d1448196
2022-07-13 20:01:48 INFO        3: [ 8]         890249565730 000000004ccfb2428696dd1b1d96ecdfd878350cc26ae513a19dfdde0ca9766c
2022-07-13 20:02:59 INFO        0: [ 8]         910274210089 00000000f47879ff845f7e128cca5bf1520c1903a487c065cf757e189df473e8
2022-07-13 20:02:59 INFO        1: [ 8]         909548799808 00000000baa9367a2bbc53db8859de0b767433fa6e88c0cef67ec0b1a9e76e31
2022-07-13 20:02:59 INFO        2: [ 8]         907299806473 00000000ac79e100f32dc3149e4a1a96f8bd2e77770d0047bfdddacde33a492b
2022-07-13 20:03:17 INFO        0: [ 8]         913562604834 00000000c7b79a27918063cd914636276f406b748e2a54bb2a76fe82936e2e10
2022-07-13 20:03:35 INFO        0: [ 8]         920827597125 000000004aff088197058d3e6e2f617802fa8f84bed906e4b32976a3b8bf61f7
2022-07-13 20:03:52 INFO        0: [ 8]         925877111283 00000000311273dc410322d8218b3bab1f748778a5d563e610db77a39faf5282
2022-07-13 20:04:28 INFO        0: [ 8]         933662810855 00000000bf196fd949cee5f03d93c601fc6d83b865f7583b85a27a33848341d2
2022-07-13 20:04:46 INFO        0: [ 8]         937548051596 0000000086e37dfb3b0f496d63d6c58e53b5284386e104964cfa09406919497f
2022-07-13 20:05:22 INFO        0: [ 8]         950618575089 00000000aad16bdfc2c06615d80b1cebb81bc0bb037abcaff64b71e54832868f
2022-07-13 20:05:22 INFO        1: [ 8]         951519794059 000000005add92beeb393ffae2919191fcf6f7e0834bd496183af87e2fe5ac64
2022-07-13 20:05:39 INFO        0: [ 8]         953095908729 00000000646b04aa5d2ca307bbf2433f279a62eaaa0a91545e1a45f5d00386ed
2022-07-13 20:06:15 INFO        0: [ 8]         965658038119 00000000d5e5318dd52dfa812948c5263effa7fefaca4b0e21422a9246a4ee4a
2022-07-13 20:06:15 INFO        1: [ 8]         964738568340 000000002b2a8eb7b1c1ef4ac8d1dad92603286eac4537886209bf8f0120778d
2022-07-13 20:06:51 INFO        0: [ 8]         974257130358 000000008dc143ca9fee0884b27767eb1c167bfd0266da0194fab056b62a8360
2022-07-13 20:06:51 INFO        1: [ 8]         977259179238 00000000b4fe9388016902dd3fb0d8107092929f910d5f6bb90c7f3b1f35fa7d
2022-07-13 20:07:09 INFO        0: [ 8]         979929360493 000000007512cc3ad17e28e45839637932687b929214d7f3bb11897ae0c04256
2022-07-13 20:07:09 INFO        1: [ 8]         979551713837 00000000bb879f33d823933fa7d0cddf7c54728101ff5025ee7f65da7975c4b2
2022-07-13 20:07:09 INFO        2: [ 8]         982583896151 00000000a61cb88fe7427e0309e544b1b3c94f4999cfd4ba9154ef04441583ec
2022-07-13 20:07:09 INFO        3: [ 8]         980261892166 00000000f8587f08ab948e5ebf2930c9eff9835293cab02b728c2b60d91df3d4
2022-07-13 20:07:26 INFO        0: [ 8]         987536767502 000000003944e6a5b3d8a7fcd0546bcd856ec96be4fb48d8187247ef798a0d29
2022-07-13 20:07:26 INFO        1: [ 8]         983167785617 00000000385b1e7767e07716feb8648b5caba6271049ded16b0ff9532de3ea89
2022-07-13 20:07:44 INFO        0: [ 8]         989166420033 00000000718ae74142482093386aa4e6449d08cfbf381f4fd2c3ccca8f68b1b6
2022-07-13 20:07:44 INFO        1: [ 8]         989890989137 00000000fc44c2d67bc4e7ee6d4fc526365b9dd745129223f22ba0d3d16a0f2e
2022-07-14 05:14:23 INFO     Started
2022-07-14 05:14:25 INFO     build program: kernel 'mine_eight_sequential' was part of a lengthy cache retrieval (0.51 s)
2022-07-14 05:15:01 INFO        0: [ 8]         998222142551 00000000ae5f447d383c9fec40cc8f7369b4d037acb852711dfec45327d61254
2022-07-14 05:15:01 INFO        1: [ 8]         999887325381 000000003c31eea03063c29e24b6ebed85f1639d68b62a792debf4c8ce61da01
2022-07-14 05:15:20 INFO        0: [ 8]        1005048637333 000000002f3433c2d9297d837dcd437135a6b4238ec60ae524a8d9d4915db885
2022-07-14 05:15:38 INFO        0: [ 8]        1005457544727 00000000ad29e7001f056112218ec7300f0f801f46cfc267092633bc44792884
2022-07-14 05:15:56 INFO        0: [ 8]        1011642568084 000000006a6a4c369555caf197a8a1b524401bb42f658fc909001369d2ba057d
2022-07-14 05:15:56 INFO        1: [ 8]        1011085853790 000000003a80ede10d81ebb8806473b3b9fd5b874886165e18c8746e6a277eb5
2022-07-14 05:16:32 INFO        0: [ 8]        1022188694572 0000000089684cc077605402a602ecb6d8f87564750f40f42efc89d260598a59
2022-07-14 05:16:32 INFO        1: [ 8]        1025379871588 00000000d1d496dece13ed4c36d25b73b48e0df8bcba719628313eae416249a4
2022-07-14 05:16:51 INFO        0: [ 8]        1029220905729 000000009e399eca37eeee369181dd1b7b50b0a8018d1f798eb7a07d656ce017
2022-07-14 05:17:27 INFO        0: [ 8]        1036227735300 0000000037b91d458514d4b0e68b420b3e2a80ecfc1ba471ac0d6172bf781dad
2022-07-14 05:17:45 INFO        0: [ 8]        1044797429844 00000000b19928f5901ee8ba60415c6f18baa2c34bd901c11a17d6eaa50170b9
2022-07-14 05:17:45 INFO        1: [ 8]        1045368658684 000000002b0dd1310f7282c0b6668f93f9f4c2fe9e8c9bc3b0ea6a685e8f1554
2022-07-14 05:18:03 INFO        0: [ 8]        1049244237106 0000000046a2144549b907663482a3bc130ce87d719a01f87ea2f8d1dc862696
2022-07-14 05:18:40 INFO        0: [ 8]        1060109119836 0000000029918534642683f5ae2dae34dcf8042f79d3800a6dcf6634057df8f3
2022-07-14 05:19:16 INFO        0: [ 8]        1069576180425 00000000a84162696aa55c6954a6b0bb8e63715c82f383854c76d59b5fe727c8
2022-07-14 05:19:52 INFO        0: [ 8]        1081743951046 000000009d3e446a5f4741534aad107c01683e3880815596f89b0ec4e27cb404
2022-07-14 05:20:11 INFO        0: [ 8]        1086966242776 00000000b716efa72f4af040c20649bfeaedc590bc497309dd76834e2aa8d24f
2022-07-14 05:20:11 INFO        1: [ 8]        1082463514181 00000000fd737a28d540779255d84e019d3273eca0ac4bb0fdf3a52365deda7e
2022-07-14 05:20:29 INFO        0: [ 8]        1091406327595 000000005f752ff0f6315c0015ef71b76d07b12a6043e86c8504d02d8ff85f75
2022-07-14 05:20:47 INFO        0: [ 8]        1096270954461 000000007504a265094f09aec5a6d3ca8492a56498916f60b39dfad33efdb7bb
2022-07-14 05:21:05 INFO        0: [ 8]        1102411385194 000000001d5b35637597c8603801ae5341e9af0307e1c42c3575c8fe32c105e9
2022-07-14 05:21:05 INFO        1: [ 8]        1099514447533 000000008ffd54afd673d2684e28a5288e7754c51295ef291bb0afb3242b795d
2022-07-14 05:21:05 INFO        2: [ 8]        1098239654809 00000000ae76b1b1a827ac0f43053b9d6e16193b0351f2d81325b3fa01b00320
2022-07-14 05:21:23 INFO        0: [ 9]        1102797575431 000000000a62af5e22d7dfd58504545238f5ee47b8c8fbf2616ee457307ccc3b
2022-07-14 05:21:42 INFO        0: [ 8]        1108214136613 000000001a4e24bee5e77c2f844df281ccf15e67f6378c6ceb7646fe5800bbc0
2022-07-14 05:22:00 INFO        0: [ 8]        1117683330309 0000000022c1fdde59c4b6567d8129b86526f8ded4e48e4b216e487a34af80fb
2022-07-14 05:22:00 INFO        1: [ 8]        1116158765758 00000000c71027859faf5f8780dddc49a5137de2acb3aad65bf796bafc546d7b
2022-07-14 05:22:18 INFO        0: [ 8]        1119902997921 00000000386b1cf9057df999bdfa71ede0779437924212c09b82ccdc37b2f06f
2022-07-14 05:22:18 INFO        1: [ 8]        1119471076190 00000000155a98a46e198cabdc796bb021d6f26bccac9da00167ca268b832f90
2022-07-14 05:22:36 INFO        0: [ 8]        1127840451419 0000000095316a10fe4e7a1b13031a0cba6fe08a37080cb78d58d75205c1058f
2022-07-14 05:22:36 INFO        1: [ 8]        1127027554497 0000000095b60842692d2027b1c2d50f0729c67bfb5e0030012ac1314df19ba2
2022-07-14 05:23:13 INFO        0: [ 8]        1135377648225 0000000086063e3f81dbd6f537a50647a68120f4342712374477a1fbb7b3a577
2022-07-14 05:23:31 INFO        0: [ 9]        1143280416466 0000000008fc2b7a3ff7db0b7ae470e8629cfc698cd5076275c84047f122ed0b
2022-07-14 05:23:49 INFO        0: [ 8]        1144637409013 000000008a00e2af9550af614daa70fcb56e0a17f530454fb12d5d906260223e
2022-07-14 05:24:25 INFO        0: [ 8]        1158495151225 00000000215ba03f96857deff967d74c207ab1bc88b4948937da61cd84624676
2022-07-14 05:24:25 INFO        1: [ 8]        1154116901108 0000000096d456d9cee79592e61f6d6de0d1b7ee24aa1421f477a3da904dc2f1
2022-07-14 05:25:38 INFO        0: [ 8]        1175579953958 00000000287dbc3cc84e2adff577b59f2601af9f6701933b833d6ff2d23e5a30
2022-07-14 05:25:56 INFO        0: [ 8]        1182812053771 00000000d502dee9a60914857ac5c5e0d2d42899284fd767d58a16713c364f1b
2022-07-14 05:26:15 INFO        0: [ 8]        1185417416200 000000002a1534027a1a619ec0d92f5aaae7fc8fc8ee86d7c04036e7a60c3d8f
2022-07-14 05:26:15 INFO        1: [ 8]        1187422818029 000000009fb8ed0e8b0280821206ee9648bdcbe766b6c96ae7425f5f4b79ffc7
2022-07-14 05:26:15 INFO        2: [ 8]        1188729835163 00000000e8574784fd3f2a1b412b215cfb6b7d107924709fcb49f9025e19bf98
2022-07-14 05:26:15 INFO        3: [ 8]        1186096875031 0000000017b9b5505cb6dc63c406d9fad593e9b8ca864a422fbe9b979677a8f2
2022-07-14 05:26:51 INFO        0: [ 9]        1195979030854 0000000001066c915cf06796e6471b6ed5cfb36f30ce48e0b1e1625ac69be6c7
2022-07-14 05:26:51 INFO        1: [ 8]        1195380473955 00000000b3fe232eb59930a668051c81d88ec3e1683514381363d92754568785
2022-07-14 05:26:51 INFO        2: [ 8]        1195123750029 000000003c0cf940aba2bdbebb058d48f398fbc7fe1f1cd540d7d3b07308a330
2022-07-14 05:26:51 INFO        3: [ 8]        1199486968654 0000000074827d4c564d88a311f8681e1503a84c3430e6257f575549be9f24f4
2022-07-14 05:27:09 INFO        0: [ 8]        1200812430129 00000000a4b6d2c4dae76c5bc25eb03e3606dc2f4de26bdc3f5b1c6a943a017f
2022-07-14 05:27:09 INFO        1: [ 8]        1202637549016 00000000c18530dcc85df835151d484676de06b928bd03c0141c0844892e318f
2022-07-14 05:27:09 INFO        2: [ 8]        1204462833465 00000000b1ebee22fd93985657dd18ac6ba9509442cbade45179007aafd44926
2022-07-14 05:27:46 INFO        0: [ 8]        1211822061205 000000002073492a9511f04ae25827771789593d7f109b06bb45f82bf930108c
2022-07-14 05:27:46 INFO        1: [ 8]        1212150375616 000000008b2e601dea0c14308f13147a1e01d51b144652d43d74f987f4772e56
2022-07-14 05:27:46 INFO        2: [ 8]        1211576456564 00000000e2207edf3042651811522ebf3451d3005630f5f41a1d8abdc38dbd47
2022-07-14 05:28:04 INFO        0: [ 8]        1218861758010 00000000e117232d9e066c8d8fe9b1a5f72e943ceb02cfd8f97217bb26c31a1c
2022-07-14 05:28:40 INFO        0: [ 8]        1229988371322 00000000d1846d207dc4c39435b4cd6ce86c887fee61b7884bafeb7621566e8d
2022-07-14 05:28:40 INFO        1: [ 8]        1226955412702 000000001cbcc5c6f382be58d9c0f755a85365d3d6aea2a64d5a6bae9cc19d50
2022-07-14 05:28:40 INFO        2: [ 8]        1228776790693 000000002cd1ced731c6c50a005c0c195abe9cd4003d766cf799c00c7ae8cca7
2022-07-14 05:28:40 INFO        3: [ 8]        1228638947658 0000000067d3d0a3bf6177810988caa631d6a11c61a5d973755a64fde57bf086
2022-07-14 05:28:58 INFO        0: [ 9]        1234661039163 0000000004675dae91e456d77737eb1f0d0c4d12d3dbda1d661ad77d90bc90ff
2022-07-14 05:29:17 INFO        0: [ 8]        1236347230400 00000000bc7795d2ec6e3b1da4a69cb3fb5ee14242d0766553bf20877d277368
2022-07-14 05:29:17 INFO        1: [ 8]        1236749797492 0000000071fc10a4245eda1fd38f29a01f322890b8d0e93806557287ece6f3b5
2022-07-14 05:29:35 INFO        0: [ 9]        1242725209601 000000000bfac547074c13ef77d75f5df0eedc8d10f2e0836f74be0b16a23fe4
2022-07-14 05:29:35 INFO        1: [ 8]        1245047275250 00000000b219d1dddfde585203dca5018b3dc4a3cfc183aa54a57b5459f9f429
2022-07-14 05:29:35 INFO        2: [ 9]        1243196488008 000000000496b479981e7a77114c84edb3e7f4b769dbfd83b4563bc9ad3e32b9
2022-07-14 05:29:53 INFO        0: [ 8]        1249038782026 0000000064f87b883cdb44a4c7651761c959d6cabd2b1034d2c3f44015194576
2022-07-14 05:30:11 INFO        0: [ 9]        1255310057063 00000000086e94bcd365f1f8ae95bd2691f8230298018987252fdb5e310d8661
2022-07-14 05:30:11 INFO        1: [ 8]        1253193872844 000000001cd0034b6c8334de07a39565786e35635429ee9dbe71fe48cda7a0f0
2022-07-14 05:30:29 INFO        0: [ 8]        1258748303038 00000000c68eb21217e52d7153a203838f871dcd2433c309dc62933157b9198c
2022-07-14 05:30:29 INFO        1: [ 8]        1259023724328 00000000ad8b3070624b8fc1261c053f61a427152f3f691577ae6aee0149b0ac
2022-07-14 05:30:47 INFO        0: [ 8]        1261484531798 00000000148fb3516aa15e9ad0f541a68455fab580ec26a40addcac0ff143619
2022-07-14 05:31:06 INFO        0: [ 8]        1267409377061 0000000044c367a49f233df5e83523b5b6643e12886488f0cd650959bf9ca3b8
2022-07-14 05:31:06 INFO        1: [ 8]        1267533403312 000000003a9af11c0631a09277b182d01b7995ef13e515c6240d27eed9d40ee1
2022-07-14 05:31:06 INFO        2: [ 8]        1269566885239 000000005775b324353bccdc7fa569e4492262ccd184ad77a503e125e72cd65a
2022-07-14 05:31:24 INFO        0: [ 8]        1274250788872 0000000018eaa928850e29e4fea14d3f50cda0f476806c795bae6844918cc7f0
2022-07-14 05:31:42 INFO        0: [ 8]        1281310067942 00000000d38b1ca22400b92f536e2daa8e4be1e59b472b99d05d073be503bb7c
2022-07-14 05:31:42 INFO        1: [ 8]        1278714409782 0000000053fc0892db0c4cdc260ef14f58dbf796e72ed4c2f89b21dbd1e3161d
2022-07-14 05:32:00 INFO        0: [ 8]        1285994627262 000000003f39d235390cc8d4abe3cf50d2b1d862c42f0bcf7861ee820108272b
2022-07-14 05:32:00 INFO        1: [ 8]        1284645957220 0000000022f9184a2cfbcf642d9d7fa9a2edde9a9500bd7413be9deeaed302d4
2022-07-14 05:32:37 INFO        0: [ 8]        1295524450989 00000000ef113a695194eb8bcf933b6c217f218dd93da89d4f8377b3e1040099
2022-07-14 05:32:55 INFO        0: [ 8]        1300515255663 00000000a2661489658d5435543aa5ebdfbdac45193cadb7242d6ff849126225
2022-07-14 05:32:55 INFO        1: [ 8]        1299218458552 000000007927c7c18d30617d24d8873eb26a827c55942257ea2fca07de5c50d9
2022-07-14 05:32:55 INFO        2: [ 8]        1301392484255 00000000799533850dc2c0bb763dc3a3a702baf45c52a899ea6c476eadb22c26
2022-07-14 05:32:55 INFO        3: [ 8]        1301069608895 000000003f75b67cc88c94aa31a836d7614725a9daab652613af46a7c23ff993
2022-07-14 05:32:55 INFO        4: [ 8]        1301532723249 00000000594fca58a0dd55ef08c371e7c6462d56459e55bb7caa71b8f1657920
2022-07-14 05:33:13 INFO        0: [ 8]        1302777262070 00000000a9d0fdb2697ba44c6c350021b423b37148e2e45076e23a7f97133c5a
2022-07-14 05:33:31 INFO        0: [ 8]        1308470410423 00000000d1212883c689805a261b6234e4c58d3131d1617298724c9dfe6d06d6
2022-07-14 05:33:49 INFO        0: [ 8]        1314715406032 00000000c69508f8463687e2c44a6e610e79d8bd81686495cdf57d984c23cce6
2022-07-14 05:34:08 INFO        0: [ 8]        1318156089169 00000000736b94233e90cd1b34c1205397e1b2d3221cc43d582efe84a3b607f7
2022-07-14 05:34:26 INFO        0: [ 8]        1323335250661 0000000046ad7dc4278e19ddad31142088ca8a061f551d92b7b88e71631e86e7
2022-07-14 05:34:44 INFO        0: [ 8]        1332236242127 0000000098ab2d3d24a8e105523d38d451ab20ea793ed8cbe1c669374dbda61f
2022-07-14 05:34:44 INFO        1: [ 8]        1329608574913 000000001197e1736d8f2814b022111721fe936f8b7964cf92d0d0a1f6ed5285
2022-07-14 05:34:44 INFO        2: [ 8]        1329153689351 00000000b0cfd3149efd1c494ecf76854b4e3922ee17c10b2523653ea3f49ec2
2022-07-14 05:35:02 INFO        0: [ 9]        1337184167866 000000000485b237f628df274f1911b4e582ee689c98367de5712f0e3aa2e0bb
2022-07-14 05:35:20 INFO        0: [ 8]        1339070025885 000000009ee42d4ffa686af37b4f29155b1103f2d60a853ee42b52cba2031d25
2022-07-14 05:35:39 INFO        0: [ 8]        1347692650281 0000000018eb9e62373565ea73f449f19b53e6b5295810d956e54efcf8df7fa4
2022-07-14 05:35:39 INFO        1: [ 8]        1346581861579 0000000092784acfa02bcdaee1e21595f822d7acee43caca1a7384f9d3f88e85
2022-07-14 05:35:57 INFO        0: [ 8]        1352615336071 00000000b7ffa1a58b4316e1abdd0f40c1a2c19c8e58050718eaf09d01f22cd5
2022-07-14 05:37:10 INFO        0: [ 8]        1369934557350 00000000674b285879afe31e4bc4b3524011f02c95dad964eb28eec4f8e3d98f
2022-07-14 05:37:28 INFO        0: [ 8]        1375901658538 00000000f73107f8fde0a7962accba782d0c7c0814d00df10994f7af3c2fcc6d
2022-07-14 05:37:46 INFO        0: [ 8]        1379417184333 00000000ef44eb16e1c3901748d63b1576c4f562faa33f23c146d81aab802aed
2022-07-14 05:38:04 INFO        0: [ 8]        1384189266805 0000000098d08192a812cff841963abe793e4ee001cf9935eb40b6c7e3c9f680
2022-07-14 05:38:04 INFO        1: [ 8]        1385321275687 0000000096966adc1b84d673e7f554a2c24fe7e9ebb5b311bb1ba0e3c95c0d51
2022-07-14 05:38:04 INFO        2: [ 8]        1388213445701 00000000791ac6fbe48e4890251df1ca150ebcfc771b570b492cf42674d8b285
2022-07-14 05:38:04 INFO        3: [ 8]        1385306707150 000000004c1d8e9cae5c673160e3653debe46ed476357391d9c3aabe129d3c82
2022-07-14 05:38:04 INFO        4: [ 8]        1386720764135 00000000fa18e49ef3534f0f0efd8c8b35dba2777e1fd67bf5a8a5198d998fdc
2022-07-14 05:38:04 INFO        5: [ 8]        1388109812155 00000000c5c4c71a2ef6d642552ba834cf7bea0d003d3a71d66566176eeb27a2
2022-07-14 05:38:41 INFO        0: [ 8]        1397915035526 00000000311b7c27a84119187cddf5a47f67ef6cd0667602dae01bc0168e3181
2022-07-14 05:38:41 INFO        1: [ 8]        1394636441788 00000000a009c58dbb894e128595c1d4dc2f7a7de35f74a743a2f6d985416d98
2022-07-14 05:38:41 INFO        2: [ 8]        1394428951033 000000001569d16c3fd1386574cd96cf289d21379ca2842b310d2d8c34ea9af2
2022-07-14 05:38:59 INFO        0: [ 8]        1400687451224 00000000e0948ae2c214fa4f8ac7977036f99fadf7747cf816c86c6e42e0ba4b
2022-07-14 05:38:59 INFO        1: [ 9]        1403491581212 00000000056ec572ca431f5917c6cfb0c746f15ae010578732fc9d7c3ddf68b1
2022-07-14 05:39:17 INFO        0: [ 8]        1406120223543 00000000d5af06c898c2ce4ff3603b2975c8d62b403202f11689a52f02aa2eb8
2022-07-14 05:39:17 INFO        1: [ 8]        1408050866842 000000003a05a3363efb80e080ab254614e8fc93981c35aaf7cd81dfeb624753
2022-07-14 05:39:35 INFO        0: [ 8]        1410011770741 0000000024fc637a2767e73247fc58b1810db814568d3bb776b666ab37f77ff9
2022-07-14 05:39:53 INFO        0: [ 8]        1416858491753 00000000bcbb97e33e97fbe82da5e9528498eb5de015ee81edf578e45ca64b2b
2022-07-14 05:40:11 INFO        0: [ 8]        1424301944727 0000000040e8ec69ebb1625a0eea3e8e7c7210acbc9ed2d4175fbd3ec58d6b90
2022-07-14 05:40:30 INFO        0: [ 8]        1429011087010 00000000f32ba303f2f9bb56aad33730421439a474cea8f90c0f2090aee1d052
2022-07-14 05:40:30 INFO        1: [ 8]        1428369381870 000000008b5df820bb810cf4032ed0d6a17976f6201ba4ed6259052db3d7af38
2022-07-14 05:40:30 INFO        2: [ 8]        1428473709825 00000000bf9ad4e12d4389c4a6ebdaf1aa3035fd07c261b319b9e94f869c32f9
2022-07-14 05:40:48 INFO        0: [ 8]        1433213612024 00000000cc3102179f979d9c7ffd25360980cde5cd42a168436935d9a58b3ba4
2022-07-14 05:40:48 INFO        1: [ 8]        1434000789218 0000000073063f3c2a6c7b5483757e39a4ff7e4f1d05cbac29178a19e9ddb577
2022-07-14 05:41:06 INFO        0: [ 8]        1437527154627 00000000554068c8028165b03af02c35649f53caaca4e187c9e11842553b065d
2022-07-14 05:41:06 INFO        1: [ 8]        1438004602687 00000000d1963a59d36d83d85f031d976c2dd5c86876b04ed3344b14a7ef9028
2022-07-14 05:41:06 INFO        2: [ 8]        1435678953582 00000000d54098700ff6aa88c3403ff3518ab5815d87566772d9d4d0da17aebc
2022-07-14 05:41:24 INFO        0: [ 8]        1440844080498 000000002d31180be5962d16078905eae9778840aeb82d067370574795ba2aaa
2022-07-14 05:41:42 INFO        0: [ 8]        1445705147742 000000002b1f5d44c4f1de4eb99697c3c03919aa36b99cb193d6b67d0a643b2f
2022-07-14 05:41:42 INFO        1: [ 8]        1447181965039 000000008b46d0b9977195d9ec50d3165f4ec98d0d73558cae43ea91557585df
2022-07-14 05:42:01 INFO        0: [ 8]        1450721306818 00000000784bb0cf6a8ed05c2105b96c66de664a169d7e054a98b693f5cf12cb
2022-07-14 05:42:01 INFO        1: [ 8]        1452055800327 000000008e76f1dc9da204dbe56f8db17109f2ebe934c75f753292391014cb9c
2022-07-14 05:42:01 INFO        2: [ 8]        1455092976323 00000000fe3e45d81fc69754f784b61e484c88e68621a4923a26301e0058a335
2022-07-14 05:42:37 INFO        0: [ 8]        1464588424324 00000000460ef60e1f5c92065c7dfc05e388da1b65735e0c5a843c42a6f6ca75
2022-07-14 05:43:32 INFO        0: [ 8]        1477778232820 00000000696f4fff5a9c3b6b1400908441f05cf9a7d8466513eddcdb2ca15dab
2022-07-14 05:43:32 INFO        1: [ 8]        1480146270123 000000002774c7b28fa5293be800f44082259c3f3fae26ac63bf24c662e9c216
2022-07-14 05:43:50 INFO        0: [ 8]        1485894054610 0000000029f68d75e4c247b775d979fed103202d1487781a0c3af122f6dbfbc2
2022-07-14 05:43:50 INFO        1: [ 8]        1481819649100 00000000cc9e45034fc93cb112ab6fdfb1ea32090b68410ff28cecf3579b3056
2022-07-14 05:44:44 INFO        0: [ 9]        1500837188169 000000000fa55d49e5ea2cba860910141d5b1bd318228b914e9628ab3ac2d409
2022-07-14 05:44:44 INFO        1: [ 8]        1498880686649 0000000030f601f2952567106a86334808384e46d6a8f593188bce054c9a0da2
2022-07-14 05:45:03 INFO        0: [ 8]        1504731183400 000000003abbfd3f51b70220cc0910a54487b24c5c7775b960352d94a4973722
2022-07-14 05:45:03 INFO        1: [ 8]        1504043561630 00000000a114de1b2bc397bc12ed934589d4cea2ee6201e34433588c8ea9de7a
2022-07-14 05:45:03 INFO        2: [ 8]        1504681619777 00000000d2cea86d11a3f1f61bf6dd5702cbc548d6510553610b3d07d3be5cd4
2022-07-14 05:46:15 INFO        0: [ 8]        1526470061759 000000007a977b8388a57ce2e5318f1b727f6a05ed795fedbbe1bb3bc3fe9aaf
2022-07-14 05:46:33 INFO        0: [ 8]        1532579287128 000000001cabb66d3dc5e5dc8eaa3edaf78a323ba962b3bab0ca1e9cae807d88
2022-07-14 05:46:33 INFO        1: [ 8]        1527596538981 000000003b9fab826829bf90759cf24af0d2d3b4a34e439ceb50777015ace780
2022-07-14 05:47:10 INFO        0: [ 8]        1541797389781 000000004109e0b942e7085a64ddd2df0a6c95766c5e592d92bf7da604be9781
2022-07-14 05:47:46 INFO        0: [ 8]        1551377041612 00000000665ef996ea7e7085f941c47b6cc78a3ec038ab712eb1438310bd0912
2022-07-14 05:48:04 INFO        0: [ 8]        1555779812519 000000008e842f4f8aaa188e822fd2e1529def8c2d80afac7dbc1e186ead3b13
2022-07-14 05:48:04 INFO        1: [ 8]        1557323860490 000000002cf23fcf4f5b5bcb4cb9afb272cff441a68c19ae900304290c76c4f6
2022-07-14 05:48:23 INFO        0: [ 8]        1561392359016 00000000cb6d069920872fcda4bd31fe260a4020abd1023c73cfab3fa1f85079
2022-07-14 05:48:59 INFO        0: [ 8]        1569667028715 0000000062683d1478a3cf727d7e1212fc174981a28c9cc53b9fdd146da8474e
2022-07-14 05:48:59 INFO        1: [ 8]        1572631905940 00000000a255347e36c33be41d2dc6aa2f4f627dc5a3d7484317e0b41e650a5c
2022-07-14 05:49:17 INFO        0: [ 8]        1574371063397 0000000086011b26a86918a96b3c96bac61452ca26b8737b57e3cf0234e734b0
2022-07-14 05:49:17 INFO        1: [ 9]        1573932108201 000000000c5425d206487427aaf8a73b0ec1de0fd534c7a4a2f8305227171520
2022-07-14 05:50:30 INFO        0: [ 9]        1596923270739 0000000007b19f2523bf1cd128549dc50b8ba60ef472d00a3a93d15287269271
2022-07-14 05:50:30 INFO        1: [ 8]        1597922406015 00000000b795737969977601fbcfbf2578fe4e5efd6829d9c6df57a6936f88a2
2022-07-14 05:50:48 INFO        0: [ 8]        1599710316811 000000009014b13f73a50b136d8bfd58369c347ed0ed6eb84ecd3e500e3bac9c
2022-07-14 05:51:06 INFO        0: [ 8]        1605846388569 000000003c1e805cae8c92e59ecb2c9018aa23118a0d2355fac51586652a803c
2022-07-14 05:51:06 INFO        1: [ 8]        1605733531920 00000000d27f711c22788cbf086e8d911a5a09591276952b85472c7748334dcc
2022-07-14 05:51:24 INFO        0: [ 8]        1613596786867 00000000a326843a5c05d56c3256c0ce003b04c14ec7b613c921362878fb688b
2022-07-14 05:52:01 INFO        0: [ 8]        1624116420522 00000000b2b4bd92abc4ff82919f2b43d291011dd90bcbe133f981a0e4375cf1
2022-07-14 05:52:37 INFO        0: [ 8]        1634344679814 00000000ed0ce37179c8d32ce6440584b1fa2ef299f7edff81d0b18b1c8f5b5a
2022-07-14 05:52:37 INFO        1: [ 8]        1632178936008 00000000cd03e6b6e30f2dfefd2e9d9c1563046eec005e5d2df8d46e02751c3d
2022-07-14 05:52:55 INFO        0: [ 8]        1635860990272 0000000072ee6b3524312c15b03864d9f1151d6b2ab71868824313797bb336db
2022-07-14 05:52:55 INFO        1: [ 8]        1637802671470 00000000c2b49a9b194dc75153cb35b016ef6e0a0be89a272fa8d542cb0cb65d
2022-07-14 05:53:32 INFO        0: [ 8]        1647155029631 000000009212acc470c08b700552e4555f89f80f01dfe56f73f01cd47822f026
2022-07-14 05:53:32 INFO        1: [ 8]        1648819688403 00000000fa53e1079b6b17c6e196566a6a4d82b8029ab34e63ff2b094d18751b
2022-07-14 05:54:08 INFO        0: [ 8]        1658877988772 000000004a8a724e2b8d057c92c636589cf0efb2d17630b68f7b831b34f246cb
2022-07-14 05:54:26 INFO        0: [ 8]        1661767417729 0000000072b0e588b5b6624fe9747a94f8ce54b35cb4d5de939a6a85d058c12a
2022-07-14 05:55:21 INFO        0: [ 8]        1680216925767 000000002cd33748f21485e38770c6c6c996710b1816a50927b5b0140394e07a
2022-07-14 05:55:39 INFO        0: [ 9]        1684317545450 000000000c70250039a8d6238dc0ec85d126f197ed7c46dda1296c902406b669
2022-07-14 05:55:39 INFO        1: [ 8]        1682011614404 000000009d9ed68ae7893861bdcb640b789b028a56e2c6125107807403bc88e9
2022-07-14 05:55:57 INFO        0: [ 8]        1687805211851 00000000ffe2e4416a8e1d51a4e72674d9b946d8a9517d262ad3bbea1c1f5918
2022-07-14 05:55:57 INFO        1: [ 8]        1688951729653 00000000dc4de1e7be10fdb099899f84092e4dfa25aef0a54037ea423683ddd6
2022-07-14 05:56:16 INFO        0: [ 8]        1694204167457 00000000b71f1ca6d69fab71fbc52121371a55c6a572d3679e7b3e6e210d2efc
2022-07-14 05:56:16 INFO        1: [ 8]        1693269463116 00000000af14fcd5dc38b8d6972b521b5b79ef49eb9688657d930cde88e886fd
2022-07-14 05:56:34 INFO        0: [ 8]        1696827498087 000000002edf25f4ec7c0443c602b905dafc0fef07f9648d6cee2022c53a02cd
2022-07-14 05:56:34 INFO        1: [ 8]        1696843740801 00000000b88b5a14d0603abb45d66c1b74d70ea41ef2a6f38357b44346eccd18
2022-07-14 05:56:34 INFO        2: [ 8]        1698360832668 000000005bc4891a5aa2144b1c02d2485e4f610700a453cea7a149516ac0d66b
2022-07-14 05:57:46 INFO        0: [ 8]        1717795199373 0000000047abfc95abbfd7ff0dd36e5b02f946514de88d4d070b77ba4432f45f
2022-07-14 05:57:46 INFO        1: [ 8]        1720866382323 0000000050c4405be962fec8815aeb9859166173e8abf596b980ad22bb18683a
2022-07-14 05:57:46 INFO        2: [ 8]        1721588412571 00000000ac57b294355e62ed0fe03134caa0e55658e58440a9b590f70098b793
2022-07-14 05:58:05 INFO        0: [ 8]        1723674030868 0000000036575e03261f94daf91dc7ae5a123bcb519606fcdc4c6eb7dac3031b
2022-07-14 05:58:05 INFO        1: [ 8]        1722231282524 00000000ea3e9b51fd7bfa4e3d3fdf03223cb821ec65854e782f9dfc3017669f
2022-07-14 05:58:05 INFO        2: [ 8]        1722529458218 00000000908abe282bf63b3cb0e322d8b67ff86f178130bb7ec47848f0992a19
2022-07-14 05:58:05 INFO        3: [ 8]        1726963617609 000000009cb53e757216b8d2371824a2f3d27e439e029109780748b986e778a1
2022-07-14 05:58:05 INFO        4: [ 8]        1726108696084 00000000cef88b2ea8d0e7caa5c40965806597e0932c01fae7954b487b40ed6e
2022-07-14 05:58:23 INFO        0: [ 8]        1730116753889 00000000607adaebf777babd0a1265480c3b5d832be832c35a8dc8aaeb982c3b
2022-07-14 05:58:23 INFO        1: [ 8]        1727191887458 0000000028b2a27c64abdca64942e90e1532810334cdcfa3fc9d5be6668d8b6e
2022-07-14 05:58:59 INFO        0: [ 8]        1737811752674 000000008b98f820e0ad5a0cca784930aa807e4a36add1639eb06ae8c6c2e849
2022-07-14 05:59:54 INFO        0: [ 8]        1753623078376 0000000080a5dbabd3775438508ac96ce18441a3c58660b26ed5c19b00c61728
2022-07-14 05:59:54 INFO        1: [ 8]        1754476449044 00000000f7952503c24ceeb592433f0bd441894932549232184ae1369b77a866
2022-07-14 06:00:30 INFO        0: [ 8]        1767456806145 0000000037c04db0f4c773ef62fbb6c2d8b239cb6e632f2fe8c44804bd50557f
2022-07-14 06:00:48 INFO        0: [ 8]        1770272655221 00000000404b36ae5d4dd39f5d9f52239e9748f7748ec787308c95b17425f07b
2022-07-14 06:01:07 INFO        0: [ 8]        1778244530761 0000000052c14f2ad14dd98907773f221bb8ffc7933673d7856a819aaf083144
2022-07-14 06:01:07 INFO        1: [ 8]        1775711551608 00000000a5b1445cb807c2ee05214fa221cfb09d5aabeb7be1dc738d468e78aa
2022-07-14 06:01:07 INFO        2: [ 8]        1777206625723 00000000580ad37f072800a1f9af0f4e23f8f15e70cfab3994dac900e3ebd038
2022-07-14 06:01:43 INFO        0: [ 9]        1786006137539 00000000067280d09368189a29cc82198c9bba22744fc4248023dde9562bd9f4
2022-07-14 06:01:43 INFO        1: [ 8]        1785511178398 00000000b7be460417bef98d1f393aa34df9dee44e7095dd88887dfa829e3cb9
2022-07-14 06:01:43 INFO        2: [ 9]        1784820858132 0000000006fefbdeac842ba4b468bb837107efbfd1809e89c17da47a1b320aaf
2022-07-14 06:02:19 INFO        0: [ 8]        1796806221536 0000000038c875008ae8aa38c36dd748a1fd8e858c4f18b3ed9b724e75e18931
2022-07-14 06:02:56 INFO        0: [ 8]        1804848655606 000000005a68f5c1bf2034c2608298a9d75875806692d91fa5c3dcdef79e043f
2022-07-14 06:03:14 INFO        0: [ 8]        1813363501012 00000000dbe5828a4dafdd46f79e5ba61c64166dd83e20fbdbd65982f31dded5
2022-07-14 06:04:08 INFO        0: [ 8]        1824627766802 000000003df8a4c42c6dbdb2b2409d3a90284d07d4248f0b1eefedc0eb09494a
2022-07-14 06:04:08 INFO        1: [ 8]        1825694913317 0000000056fc92904aa32d5d6397070757c04228a2c7f9872b4be5ea93ccd285
2022-07-14 06:05:21 INFO        0: [ 8]        1848048461644 00000000497e2f608ae69750421a28fcc2a61b655c03671b0560e28ec472b31b
2022-07-14 06:05:39 INFO        0: [ 8]        1853082124129 0000000071c54755898ff55ec7c6d3e1b4a12faec98a8a59c469e906415791cd
2022-07-14 06:05:39 INFO        1: [ 8]        1853755433463 0000000080b70c1ee401791e81d6c19dd30a5fb7fe9363e4ab2167b94b7be1a1
2022-07-14 06:05:39 INFO        2: [ 8]        1854118458569 000000007513bcb78a53b0f15f7a6233e3f1ecf234d03740e6a46ac88551def1
2022-07-14 06:07:10 INFO        0: [ 8]        1880588338749 00000000e150e528d48a96bb277ac6c4285a883856e55b045f811461ec14738a
2022-07-14 06:07:10 INFO        1: [ 8]        1878609788870 000000007eda3c3270c35d39b3c4faa330804741137cb50a8e536b0b9f60eabb
2022-07-14 06:07:29 INFO        0: [ 8]        1882724525825 0000000028fe0b39e02048e41f504efbd98413025091cc91958da7f843271e6d
2022-07-14 06:07:47 INFO        0: [ 8]        1889800754958 000000003e8cda113364892851212e6f03a52f3102a23d6edac32722ab5c02cc
2022-07-14 06:08:05 INFO        0: [ 8]        1895315734497 00000000bc89556d9e10cc412b39b84e64384cc7e346c9e924fe6583776f1af9
2022-07-14 06:08:41 INFO        0: [ 8]        1901324314281 000000007267d37418185b69c626ee24cd6077cf5971dd7281ca9b91b68e005e
2022-07-14 06:08:41 INFO        1: [ 8]        1906074757532 00000000915567d2adf5c89bc53054f7e5ae39c79a5df1484cab2f0301f2fec6
2022-07-14 06:08:59 INFO        0: [ 8]        1911244534151 00000000e90288caea7396c7b1061998df019336949cf58742134f32b219050f
2022-07-14 06:09:18 INFO        0: [ 8]        1912790007159 00000000ab9059d91e0dc79b24f02c90554a1c4aacc2e37f8a978c0005310e0a
2022-07-14 06:09:36 INFO        0: [ 8]        1918756565429 00000000a0f7aabcbea20111df025170eed0a6936f3d628242a5a7e85c12f7bc
2022-07-14 06:10:49 INFO        0: [ 8]        1938094431350 00000000cfbae1283809853b3073a221bca4798f2e466acbf252dc2179ab4fbc
2022-07-14 06:11:07 INFO        0: [ 8]        1947153366733 00000000b94c13f12179da7a6541631a027f916fdc67743b33f610dab7febffe
2022-07-14 06:11:07 INFO        1: [ 8]        1942747869025 00000000e3daf115cc5b5deac5d47b1eaf101b1ce8b2b69f209b2b8b50e4c396
2022-07-14 06:11:25 INFO        0: [ 8]        1948848471306 00000000b45f41cc311ce73caf1ea88422f79675caf9aa709f11d6ee1d8a02c3
2022-07-14 06:11:43 INFO        0: [ 8]        1956396070167 000000005a581d5630212e7661792ade67840ada683a8d8ce0775af6db6ce17c
2022-07-14 06:11:43 INFO        1: [ 8]        1955182431608 00000000eb186529bfbb7966f597b65e0b101552f35492834c40a11196ae3c18
2022-07-14 06:11:43 INFO        2: [ 8]        1956338752417 00000000569ded3c51688385e936d13a482fbbfe08e80301e25bd4d4b6c9d032
2022-07-14 06:12:20 INFO        0: [ 8]        1964927946569 000000004e4291b3bdf5d1eba431c38768ee598fafdbf87d712280bc0718dc9f
2022-07-14 06:12:38 INFO        0: [ 8]        1970927738244 00000000ff6855685a5be28354f0e16e134e71ca2b84a7b18d0f6e8d3a504337
2022-07-14 06:12:38 INFO        1: [ 8]        1971346834689 000000001f36248abe0e3cf98005a44bcbf7edc358d3d43fae189cbf4b71c6d9
2022-07-14 06:12:38 INFO        2: [ 8]        1971466964943 000000006ae84c17cf49b0cd508dcc17808c64f5e03f50030dc12b682dc2c1e4
2022-07-14 06:12:56 INFO        0: [ 8]        1977311702492 00000000eebb9cb1ea1b0b6f3a133ddbddc36bfb81ec405ae63313bafc2d4546
2022-07-14 06:13:14 INFO        0: [ 8]        1978790451545 00000000372563d4c43a23a13788209000d02c716e6a57067273642f6c50c0a5
2022-07-14 06:13:14 INFO        1: [ 8]        1982146632188 00000000cb84bb03a6e7735d0629354f793fd1b3c19d853efe198d1cff618449
2022-07-14 06:14:09 INFO        0: [ 9]        1993578093290 0000000007e1bfec0d4e7634905d6858bcf5c1386005c8d8aee7a4c8abc25c90
2022-07-14 06:14:09 INFO        1: [ 8]        1996022558485 000000006a821d6fe714ba2b13275f7ee941674280e1f3e80f1e3ff620e4ad67
2022-07-14 06:14:27 INFO        0: [ 8]        1999531739431 0000000049611276934109afc50d1ce42d205115708430f44de8b6714795abbb
2022-07-14 06:14:45 INFO        0: [ 8]        2005311173775 00000000d02a79dd3447b5ed65d4c8aba1a4d912817beaee307dd36e3fda7a6a
2022-07-14 06:14:45 INFO        1: [ 8]        2005906615331 00000000108be2cdd2f15cc573d302995b9edc20f8b66d90c3ea953c01ffe72d
2022-07-14 06:14:45 INFO        2: [ 8]        2005835696578 0000000056e8ead00fb4b0a9adc2b81c24d26863aeb5a3df2eb294f808971e72
2022-07-14 06:15:03 INFO        0: [ 8]        2013232265855 0000000048ad9e5d045d68deacc9dd1dc0dcbe8078e5440794c4596a99d0e383
2022-07-14 06:15:22 INFO        0: [ 8]        2016784064216 0000000086bd12411f7ac33ff679aa11db94275f7a261b1f21c497eef342f8c3
2022-07-14 06:15:22 INFO        1: [ 8]        2017486525525 00000000890d2ba6156884c49dbbda181dfd28eeecf9798cc10b320da5b0686e
2022-07-14 06:15:58 INFO        0: [ 8]        2029070569996 00000000f33bb856c9ef2e58d36c69f0925c74531c4d66a707155d38f1b65af6
2022-07-14 06:16:16 INFO        0: [ 8]        2033915655938 00000000e5964562601fe4fbcd8d02f464014c1a4106c1d742970091e134bab4
2022-07-14 06:16:16 INFO        1: [ 8]        2029939963668 00000000af016cdd87386653d97120dc9b654e7010d4a31989003063927bf58a
2022-07-14 06:16:34 INFO        0: [ 8]        2038737342674 0000000061f19b0198d5c827b423c406c11e13ecbbc5a38bfbf61a7f395dd2a7
2022-07-14 06:16:52 INFO        0: [ 8]        2039801704650 00000000875b73e3f7204ceb37e5a782bc430d4027bd28559b03bebff9974f87
2022-07-14 06:17:29 INFO        0: [ 8]        2054752976776 000000005abd5fd170224d06f565638bc3e258dc16f8873a4b60e12527f1b8df
2022-07-14 06:18:05 INFO        0: [ 8]        2060105153458 00000000607961c59dc8d40a775e5a2270b0f22b135ff8b42d22e0114d4e37a2
2022-07-14 06:18:42 INFO        0: [ 8]        2071150452824 00000000e4f4ed2fb995899179b1efe4464605d1aa9226ffaa78d6d5d2f51af5
2022-07-14 06:19:00 INFO        0: [ 9]        2076079187730 000000000978eeea33d9d9981d45c3e6d18ed411e09dc81af11ac31fd78556de
2022-07-14 06:19:00 INFO        1: [ 8]        2075864635312 0000000011509ef60c164f70403901d343e67779e186086663024a2bd5503474
2022-07-14 06:19:36 INFO        0: [ 8]        2089568687990 00000000e3758f08e9807014359197d736888b0a349332a2d62476f511930006
2022-07-14 06:19:54 INFO        0: [ 8]        2095095114384 000000006936670664702bcf500244fa68e6f85b3356c62364355e161e96b074
2022-07-14 06:20:13 INFO        0: [ 8]        2098354643146 0000000016bb6ec098dcccb265a0818ad521c4e341efadf64b8b2c128ebc05de
2022-07-14 06:20:49 INFO        0: [ 9]        2106541755824 0000000007c44a4e775893435e1605776c570ddfdbbdf4a233c8a0ea0400efff
2022-07-14 06:20:49 INFO        1: [ 8]        2110274803494 000000007b7bb07edb7a33305215c5180670025cd4772fbcb5f8413ea5dbbf90
2022-07-14 06:21:07 INFO        0: [ 8]        2114844475376 000000007a895b434caeda20346955a6e35bffabb45e889ceb3f8848018a3666
2022-07-14 06:21:44 INFO        0: [ 8]        2122345389098 00000000c6ab28504b0aae57fc9288a632967d6aca09bd39ad11b2d4b7a11399
2022-07-14 06:22:02 INFO        0: [ 8]        2129615540095 000000001065a06e3739b4941d99e77a28076433f7a62ad4abbab1df22a64c5b
2022-07-14 06:22:02 INFO        1: [ 8]        2127367641355 0000000087ac26698111552fe8b7c13b1414d68e5c69a069948d799288ab8d90
2022-07-14 06:22:20 INFO        0: [ 8]        2136521206563 00000000fae1ae8b96f5e2afb9ce2d02b6d71284fe120da8272a6cce7a6a9ffd
2022-07-14 06:22:20 INFO        1: [ 8]        2135347837415 000000009250c5aef7af7fc25aaebc176f901e361e72ec955e7288a574acc3b3
2022-07-14 06:22:38 INFO        0: [ 8]        2140139174900 00000000f858d8e2868c0a25cb694fd15aeb55a503bede282e23033156e4ad73
2022-07-14 06:22:38 INFO        1: [ 8]        2140141440002 00000000e35182b10f2a688e7b9f40151a7b1c97724782dff671c02aec08a79f
2022-07-14 06:22:56 INFO        0: [ 8]        2144248186336 00000000eba9c37ba8557f46d1ffd3d479f998bcaa370d66789694494d2d9150
2022-07-14 06:22:56 INFO        1: [ 8]        2143404288378 000000009762d73bb728c1d3fb60b5ba145591b3b48b9370c76483884afb93fb
2022-07-14 06:23:15 INFO        0: [ 8]        2148650376049 000000003ad3637ce65a413e29e82a4f1c02f4a35f2f5a33da0f491035498df7
2022-07-14 06:23:15 INFO        1: [ 8]        2151831880712 000000008e69b63a20433413ced6fc0d02830844f2b44274d24c5f39c854f35a
2022-07-14 06:23:51 INFO        0: [ 8]        2158349991531 000000008bb2c680b8199d26f2c6d4b8345ac0a2bdb25d112b2a8a63331e5fed
2022-07-14 06:24:09 INFO        0: [ 8]        2166822431834 0000000092db4242cfd1ae72796336ea4d1ab161b2c0e74211fbdc368cb9c53f
2022-07-14 06:24:09 INFO        1: [ 9]        2166942968849 000000000776ba7069dd9630106c7d880ed32c9d58ff3f73940db7bf570df32d
2022-07-14 06:24:27 INFO        0: [ 9]        2168406176156 00000000071f383069c4e0fb6002a832cce58a7d63a169f67299a12ae3e2a2b5
2022-07-14 06:24:27 INFO        1: [ 8]        2167843400229 0000000057a875ae448108b83c18767cf1ea4983bc6205e15f6b0e88461a15c9
2022-07-14 06:24:27 INFO        2: [ 8]        2169889593337 0000000028e9652c335893667821eaf71f5dfcfb8702a13ec04d81c7d7372354
2022-07-14 06:25:04 INFO        0: [ 8]        2182310060987 000000004eaa34c1d49535fbee0ca6b9e5491c68d73dd7c66d6f09892278cb73
2022-07-14 06:25:22 INFO        0: [ 8]        2183599027412 0000000080a57459eed623a7d4ee2a106d4f2dcd8ae37513327ef4345e03d551
2022-07-14 06:25:22 INFO        1: [ 8]        2183024466375 00000000fefb26140ba7d426e34f1d68569a174b7fb739ea8651ad90f3881fb5
2022-07-14 06:25:40 INFO        0: [ 8]        2192303664295 0000000023abe6937d56f5bbd0405446235f1e2a629f9eb94d637f6a5115a8e7
2022-07-14 06:25:40 INFO        1: [ 8]        2191472934973 000000002907c0426bf77a92297eb7b70e03e62bee34fd07a6c5c35815c731c0
2022-07-14 06:25:58 INFO        0: [ 8]        2193504693762 00000000b32313106c4998c3f23309baf4e96f1b5ff50685f7eeda32a3eedbb8
2022-07-14 06:25:58 INFO        1: [ 8]        2194932843784 00000000567a9c7ec8e1c53f9ce082b0c0e142976b478a0ab27f60d6dfffe832
2022-07-14 06:26:16 INFO        0: [ 8]        2203179644001 0000000048b3a52a23fdf23ab558cf09d8c6e1cd222cff96432f6b94574353e1
2022-07-14 06:26:16 INFO        1: [ 9]        2199901714677 000000000a278beaf2c772ecd0849d92bdc100f31a858d133ed06a268f1bc267
2022-07-14 06:26:35 INFO        0: [ 8]        2207903534810 00000000939672c6f550d48cdb942fd0d074be7a87de12fb27b3ded2b3080167
2022-07-14 06:26:53 INFO        0: [ 8]        2209150771103 000000002badb30a8564ad70e2d0b40fbc2d76167a82364873dd1bc612ae38b0
2022-07-14 06:26:53 INFO        1: [ 8]        2209110828069 000000007b2962be3792ce9acffec4c15afbee4e60217fb0913393019b5a39d2
2022-07-14 06:27:11 INFO        0: [ 8]        2214412203740 000000007fc190965b016b6366e7cef7cb2a391ae22c39189182aa2189825343
2022-07-14 06:27:11 INFO        1: [ 8]        2215165848046 000000002bc843a384772e8266a100e82f17fb84abf60e0ff9389de4bbbf8842
2022-07-14 06:27:29 INFO        0: [ 8]        2221910470810 0000000072f294f9872569a819ea3da8964b3116b65100b8f4eb9adad74987b9
2022-07-14 06:27:29 INFO        1: [ 8]        2219470620318 0000000042f21ef97f68b03978f251eda0e1a97139e127750f1d004237af4c3e
2022-07-14 06:28:06 INFO        0: [ 8]        2233487064869 00000000141e3671784356003cc8421e16f5daf0583b9d15090cf765fdea381a
2022-07-14 06:28:06 INFO        1: [ 8]        2232330965274 00000000a8ab8c849479b9a95e2c341f59dac1664f3dd7ed5dd9abea2c29f2e6
2022-07-14 06:28:24 INFO        0: [ 8]        2234778204093 00000000b2fe3baa7c9bdc748c5f007251847a90fa91c8cc3da69f1003d82de6
2022-07-14 06:28:24 INFO        1: [ 8]        2234297684993 00000000feda3731e631bda42815bd0d6ab002496cc3ebbde9877905266cf00a
2022-07-14 06:28:42 INFO        0: [ 8]        2243269630050 00000000811479eb0e9dd446cc2de7a6299a2a6a3d29e3be87b188b389d40c10
2022-07-14 06:28:42 INFO        1: [ 8]        2240422885835 00000000465c580c1e269371080edd57a52db86f2d8e3a38fd4a2476b7669e79
2022-07-14 06:29:00 INFO        0: [ 8]        2249219346048 0000000030b110debec9e352c3cfb0456c44742220e2841042a7704a870bf82c
2022-07-14 06:29:18 INFO        0: [ 8]        2252888682861 00000000947fe770556b3831576752158e6f2142d3a3c72d6f7f19d676347914
2022-07-14 06:29:18 INFO        1: [ 8]        2254123851861 00000000c1d4d1ac11dcaed1fe8e5945f135634724025a3c9e5eb94f1dc5a88e
2022-07-14 06:29:37 INFO        0: [ 9]        2254885421445 000000000af408b8cd86a95e09e7b2022e3e7d31c19ed399f8c49899ce299e1e
2022-07-14 06:29:55 INFO        0: [ 8]        2261291488122 000000009193b5d2ad69e0d5f5d44922dd98b700a20a1f6d7880fa96ba89ff11
2022-07-14 06:30:13 INFO        0: [ 8]        2269179009870 00000000ffeec495adf87f583c2a056960dcba792d2288969c154d47434dae89
2022-07-14 06:30:49 INFO        0: [ 8]        2278028482573 0000000085438deae0c950492a75c25e26dffc1d6b46a985cb5fbd200b815e64
2022-07-14 06:31:07 INFO        0: [ 8]        2285015598100 000000001f4b5e42bc9a387d35c8282b53babd4c5ccd7deb899ad8a7f53ed317
2022-07-14 06:31:26 INFO        0: [ 8]        2286982582814 00000000725c37438c89112670b700004b2b4556f074fee26ccdca0cb8223437
2022-07-14 06:31:44 INFO        0: [ 8]        2294431098106 00000000432a1ec4fee96793db4ea3b5634cfe038465699a3f8b9944c67729ec
2022-07-14 06:31:44 INFO        1: [ 8]        2293574554861 0000000058920f7141d2c0f906f4fa8790dd12f9f147180cca87016c228a7e1c
2022-07-14 06:31:44 INFO        2: [ 8]        2293790715647 0000000011c7865f257f986c1c8ce1c6452a0ad91c0909fe64f01cc852fb608b
2022-07-14 06:32:20 INFO        0: [ 8]        2304418312553 000000009a51f87c48b8e344dd3880f11113f630c844fed75f9e83fc38fbda17
2022-07-14 06:32:20 INFO        1: [ 8]        2301776638691 00000000bf5caadd6eb9d14df91db612baf1a044c6f0a9cf7f2a1d4077a84fea
2022-07-14 06:32:38 INFO        0: [ 8]        2310787847832 000000008312ca989f55b2e1d2d13315918724588b8dc0355c59cb7f54500423
2022-07-14 06:32:38 INFO        1: [ 8]        2308982970170 000000006b531bec57ff4b899642d8f7eb2ada10ceafe7db4520534d82770782
2022-07-14 06:32:57 INFO        0: [ 8]        2311827173479 000000006857c83594d504be4e7a50a51dda3bf455d07f86a9f3b6c4f87f7310
2022-07-14 06:32:57 INFO        1: [ 8]        2315310183556 00000000315c91d59d14eee7e42588d1f03c66ee873beb9f855da41fc643ad29
2022-07-14 06:32:57 INFO        2: [ 8]        2314626210547 00000000af4d465f9bee8f16ef227723b398a52cf7d10bd4e770a1f75e52c5bd
2022-07-14 06:32:57 INFO        3: [ 8]        2311342703822 00000000dcbcf5ac584320ce0a79d5f34ff72da2235a1051fe6c012722be7e5b
2022-07-14 06:33:15 INFO        0: [ 8]        2319205226189 00000000227e999a87aba8aac2e8154b2927283e5342af70cb182c679abdde68
2022-07-14 06:33:15 INFO        1: [ 8]        2320670742126 0000000027f99ec54f1113a3b86f8a4c8b947f578eb97aabf950c2172bfda05b
2022-07-14 06:33:33 INFO        0: [ 8]        2321191350433 00000000baf63cf24f2adb83b85951bcb02ed1f3b152cc8b9783d31655701f4f
2022-07-14 06:33:33 INFO        1: [ 8]        2325739971346 00000000897d42b0b1938c1546bf9c4386ca010c28ba8a9474d43b97e1625691
2022-07-14 06:33:51 INFO        0: [ 8]        2328350003561 00000000c6185cfd82b20f14534e2fb0218888a9bd9641deffc10efc87d63ab7
2022-07-14 06:33:51 INFO        1: [ 8]        2330010299917 00000000b7c645c8fa954b8143c9979bf8c3fa1c4f1673600c37a4ab73f724a0
2022-07-14 06:34:09 INFO        0: [ 8]        2333960946304 0000000057d358a7ec9d57b228856d32660c6da055b8894c5b66c7ed61c1016c
2022-07-14 06:34:46 INFO        0: [ 8]        2343508742436 000000008c38cff823db0a2c04f6a5060642c4b4f7158a05273a19ce79d85848
2022-07-14 06:34:46 INFO        1: [ 8]        2343790776386 00000000ca2cfadd168b866b23aac3397a503c9fac578334f92b66a8280c553a
2022-07-14 06:34:46 INFO        2: [ 8]        2342846924612 00000000a2c200713187ecafe88e29e07d28b69c34b4b40f5ccc0dd23574379f
2022-07-14 06:35:04 INFO        0: [ 8]        2349364727400 00000000b5b01f1fbbfe878baa509f8ca302e9154f135726f113d14f96295f47
2022-07-14 06:35:22 INFO        0: [ 8]        2352940214148 000000009823cb11f142635ab9ee3e2c802ab495e6c2bb861c21ea19fad1f648
2022-07-14 06:35:40 INFO        0: [ 8]        2359768338048 00000000d56a54b36c5f617ce923c9cb8d3fa078796294ee4190eb2864c469c7
2022-07-14 06:35:40 INFO        1: [ 8]        2357350711961 00000000f86775a68d4e5a686f66caef50f437469aa850524433cebda2ccd6e6
2022-07-14 06:36:17 INFO        0: [ 8]        2370829816400 00000000c213260a1090940de7bbaea5c5a50c9e0411d199a51d72a675584cb8
2022-07-14 06:36:35 INFO        0: [ 8]        2375980260919 00000000a783d4d480c545663015a43a7bd35a20beaeb245e9d7ab1ca5f33e57
2022-07-14 06:36:35 INFO        1: [ 8]        2373783920207 000000002bcf36dcbcfb3304807e1afb7b7aabf707778600c65e8d825027322b
2022-07-14 06:36:53 INFO        0: [ 8]        2381611856879 00000000592b22bd0179534dcf43c0642c757a9b7daa10f5fe979cdc222c8b5a
2022-07-14 06:37:48 INFO        0: [ 8]        2396800273948 00000000fd1afdd495fff23381e571d6cfccba772cb5e39e59d89d5b45a0009e
2022-07-14 06:38:06 INFO        0: [ 8]        2402407032074 00000000c00c0bdc11eba851780dd16212b80285caf8c675169a82b5a5a637a9
2022-07-14 06:38:06 INFO        1: [ 8]        2399147372822 000000001f4c711a5d33e5a1c66fad3db890c7e36d90d53271898035ebffd16b
2022-07-14 06:38:42 INFO        0: [ 9]        2408837146409 00000000058af270b1b2948bbbe939d9c2018ed9d2149c9faad99aabff7d3b33
2022-07-14 06:38:42 INFO        1: [ 8]        2410598562655 00000000cfc91cfb056a6826eadb122368e0147f9b4a396e540b23638412bc31
2022-07-14 06:39:37 INFO        0: [ 8]        2424592997054 00000000eceb78583c8da8b6ad0fc3006275c3c611c96f1ca6bf1dcbc7f84614
2022-07-14 06:39:37 INFO        1: [ 8]        2424014310873 000000008e6e6b84a17f517010d44a7a29e3404f817411f5d54a818c8b23fbce
2022-07-14 06:39:55 INFO        0: [ 9]        2433547018651 000000000a1e2eb4186007426ab974680a71cf5b250eff787f0f59d9146981be
2022-07-14 06:40:31 INFO        0: [ 8]        2440279068382 00000000edeafdebe36470a33f3b8084341d13fead57b9e30f8f4bca0862215e
2022-07-14 06:40:31 INFO        1: [ 8]        2439404263855 000000002fccef1723924c9024d470d0fe35e3852aa0a409db9fe6d252b15675
2022-07-14 06:40:50 INFO        0: [ 8]        2446556795734 000000006b0c2f9c57b3f77b06c2993cf51c744c1b21b4fd3a98e366e562f39d
2022-07-14 06:41:08 INFO        0: [ 8]        2451598211804 000000008b34c33553953a600b5ea8584989780c3bcf023dd8cdb4706bd0cf3c
2022-07-14 06:41:44 INFO        0: [ 8]        2463465119803 00000000f4311da996a45807bc300515ab1e5676f20f84de634a49d46651b5b1
2022-07-14 06:42:39 INFO        0: [ 8]        2476709225601 000000005744e27cc41abfb7fb445a2b39198ba577c67c67c6f2c6ad06bf2364
2022-07-14 06:42:39 INFO        1: [ 8]        2476124604945 000000006bacd6d74b498e491256044f5aa79300e8bf526d0ba7b359836e454c
2022-07-14 06:42:39 INFO        2: [ 8]        2476559904932 00000000ea77f1c383ea11ed31bc0f053e5350a42f32aefcc7dd4559e95de937
2022-07-14 06:42:57 INFO        0: [ 8]        2480688829450 00000000d7c8ab1c35bc4a6375a0980a68db9ebbbfdfbc21af3df7fc2cdf51bf
2022-07-14 06:43:15 INFO        0: [ 8]        2488191204134 0000000088b8f92cf4610677210dd8b2f6a031ab84551f91a0c4a07b7cb04ad9
2022-07-14 06:43:15 INFO        1: [ 8]        2486038298537 00000000f3074999311ef7598d09aacbdd65c0c5655cfe81bc2b23a010d35543
2022-07-14 06:43:15 INFO        2: [ 8]        2488921551112 000000008773ed0bc8dc37483968cb6dae3059a058da9a3598ce3a483b4383e6
2022-07-14 06:43:15 INFO        3: [ 8]        2490018962802 00000000d88aa586105d94487759af5569af481276ad646572072c0ede25ef29
2022-07-14 06:43:33 INFO        0: [ 8]        2494521592152 00000000646063e18d5e49f1234d8a1dd34814edff7a5af1c07bf97fa25a5662
2022-07-14 06:43:51 INFO        0: [ 8]        2497367367960 000000001a6031533b30e1e37257b6e497b2c14fb10916a238fab08654e7c561
2022-07-14 06:43:51 INFO        1: [ 8]        2499863664208 0000000072faccce441fd624cf781ec960cc058fbc88df279088d92a422dcb0c
2022-07-14 06:44:10 INFO        0: [ 8]        2503372137164 000000007f598e3f1dbbf5273bb3f4400a9d9cff28432da9c65e02da4c08766e
2022-07-14 06:44:10 INFO        1: [ 8]        2504734490803 000000006f7a1b84d8309f6874751e4ad12b1f3b9b4e17e9453266c2f2829aad
2022-07-14 06:44:10 INFO        2: [ 8]        2502860923656 000000001e92c66ae34f7b7da91e5e8d57e3ffaa1b3713ee0fd9d0c1495e7771
2022-07-14 06:44:28 INFO        0: [ 8]        2508901756710 000000005897753768c4ab11ca5be74c1bfa0f2684b9c1cbe14224bb9b9b9d4b
2022-07-14 06:45:04 INFO        0: [ 8]        2520362283039 00000000a2bd17f568fdcbeefd344fe17be8223c2f80112aca633eff31ab5c21
2022-07-14 06:45:41 INFO        0: [ 8]        2530440441078 00000000bccbbec31e72e6565138e85ac70244df180d1ff0d58281369e3aff9e
2022-07-14 06:45:59 INFO        0: [ 8]        2533331446648 000000006271b3be610c25d0e1ce1d4e7d66a8ce64015bb3e382ee81b8de1798
2022-07-14 06:45:59 INFO        1: [ 9]        2532492882524 000000000bbf076b7da6724f8ffafe9cbb57b6177d129c258d0dc3037e81cb51
2022-07-14 06:46:17 INFO        0: [ 8]        2540374842660 000000001e5f7cff25016825a6ca076d4630a18ddbc704f4bf2bb1935a5e5e5a
2022-07-14 06:46:35 INFO        0: [ 9]        2545545310288 0000000001bca43ca8876593aa9f3515e50b36ad9edc9813bc98a7c61ed3a6f9
2022-07-14 06:46:35 INFO        1: [ 8]        2545461317951 00000000b7ed8380bf30c7214aa3c4dad7a4fc4b40850da00e319d1964a97bc8
2022-07-14 06:46:53 INFO        0: [ 9]        2549353308538 00000000025c42846b85cc734378bf0d83b1fa1da509665d6322d593ba9da059
2022-07-14 06:48:43 INFO        0: [ 8]        2577290618950 0000000017c1ea09645e0dfcff20401edef7791f267d4a62a3bab48d014cbe88
2022-07-14 06:48:43 INFO        1: [ 8]        2579848749352 000000003e0679fd08b4a89d98c71714d0a5543f3fe39151bd24194cfe260979
2022-07-14 06:49:01 INFO        0: [ 8]        2582284523168 000000009645eca3a853f5120afe56b4c603b354b375e30182ff7beb69078a13
2022-07-14 06:49:37 INFO        0: [ 8]        2596233327728 00000000fd48f103701cc03e483b017f34651e4bf40376934fa4fce15cf845ff
2022-07-14 06:49:37 INFO        1: [ 8]        2594329364924 000000004714475b56564b0a50ff9b0bc87106097248e2257d12f88a4c0b5f53
2022-07-14 06:49:37 INFO        2: [ 8]        2597099612542 00000000754e1087ed902f6d3cfc65a7da9fc1b7cefbee2d443699b6110320ba
2022-07-14 06:49:37 INFO        3: [ 8]        2597191982025 00000000f725c5ffb825977b8811439a77c39845fc3de11ee849de83de032ff8
2022-07-14 06:49:55 INFO        0: [ 8]        2602415174348 0000000067894d6dc1db1430a5fe6715cf3594741f02a4a02472c91f8851b73c
2022-07-14 06:49:55 INFO        1: [ 8]        2599856786065 0000000030db21ee133aaa8147aaf4025b05b3c7cb6d0281bba21e79835fbeb4
2022-07-14 06:50:13 INFO        0: [ 8]        2602703236973 00000000d5375f09a07f89ba0b59f1943c29b3cc6a0b3123b609c3404c429723
2022-07-14 06:50:13 INFO        1: [ 8]        2607043577718 0000000076f6b6a1cacce9b2ac19395aff5a363a818a8289b0a97ea217094949
2022-07-14 06:50:32 INFO        0: [ 8]        2609529011417 000000005cbd367ef492cc59845ec6d1066f3360b233b3ce809574109ce7e670
2022-07-14 06:50:32 INFO        1: [ 8]        2609365409388 000000006176690552777c8eec8971876642b54dfc0cf8f6ee6626c0a34d72f7
2022-07-14 06:50:32 INFO        2: [ 8]        2611887520224 00000000fc89cade377f36a251eda3d55afc93135e854c5998c293c438a6177b
2022-07-14 06:51:08 INFO        0: [ 8]        2618097567855 000000007e23131866192531a094cb8219569e406ed02a5875732b29864d6fb8
2022-07-14 06:51:26 INFO        0: [ 8]        2628095170086 00000000e8cddcbc0c6fc908b0bf02919f5ed145bf585cc182c7e2029078e0fa
2022-07-14 06:51:26 INFO        1: [ 8]        2623705274702 00000000c21610fef2d3a9a849d689ad2d829bf9b747eebb32c1e0aa403bc57e
2022-07-14 06:51:44 INFO        0: [ 8]        2630190178479 000000003cdf76a0a1ac919f59d23cc126522b1363f94edce995908134501cf0
2022-07-14 06:52:03 INFO        0: [ 8]        2634979082677 0000000053bbb55bc4083bb35a1a9d00d641a3837faea9bfe7052bfb33f6a74d
2022-07-14 06:52:03 INFO        1: [ 8]        2634801240242 0000000083ed3f6f1e44ca40eaea59953a5a69d790da5da4ff5ef69483bd5746
2022-07-14 06:52:03 INFO        2: [ 8]        2638154442089 00000000c57c7c677d7fbbaa5a82b5d54ce2f473469822a1f9c43a8b7c408ef1
2022-07-14 06:52:03 INFO        3: [ 8]        2638041484519 00000000daeb6a8dffc4b394964493ba3565e18e54e55f1c93c6b55c9b40802d
2022-07-14 06:52:21 INFO        0: [ 8]        2640586148653 00000000da91558e9b69086b7f6168bcbba956cdbbcf02756449b432b9fdc0b4
2022-07-14 06:52:21 INFO        1: [ 8]        2639884800247 00000000b3edf32c805200f2b682a67b1f81a37dba6b18394f41fd22e8ed5462
2022-07-14 06:52:21 INFO        2: [ 8]        2642130944823 00000000259ffc9ac0dd512e5711a623f2f3ca5a6c3dee3df55597b408b2bf0e
2022-07-14 06:52:39 INFO        0: [ 8]        2645973231943 000000005d30973c8f16980077cb6fff100c9dc035a46fb981b627dbae38b534
2022-07-14 06:52:57 INFO        0: [ 8]        2651729099333 00000000f8797398979bdbaf988256412cee2e5f451b70b060c95053b88af852
2022-07-14 06:52:57 INFO        1: [ 8]        2649419237950 000000009713d717b3dbf92b1ae4309be854e56b404575c0b3a27020d5015aed
2022-07-14 06:52:57 INFO        2: [ 8]        2653149602316 000000004524a8907741f2749df26c9364c7a297ea0d9f249d762709db9158cb
2022-07-14 06:53:15 INFO        0: [ 8]        2654680609606 00000000ccdcb8b880a82643e41e90687f136434c5156d6445a4d6ab512684ba
2022-07-14 06:53:52 INFO        0: [ 8]        2665576017267 0000000075dd254f29787ce3dacdf5bf171e7798d994ba5a24997072cb02c14e
2022-07-14 06:53:52 INFO        1: [ 8]        2667101080235 0000000021922e6c5e3fdf0a01215d3e6c3f3bd5fc19aa7cd12bee38974959f4
2022-07-14 06:54:10 INFO        0: [ 8]        2671777482782 0000000036c2f961d044d9c7a1980c78653b15f292670ba0d0fdaa581b09bb7d
2022-07-14 06:54:10 INFO        1: [ 8]        2669460882828 00000000a0aceee9de7a5699c1e04fb971aad7e399dd66057d9638f9c08adece
2022-07-14 06:54:28 INFO        0: [ 8]        2675950026265 000000002be673fb34a5f11157db0ea29103e21f9185a52337f0e8dfe2e10408
2022-07-14 06:54:28 INFO        1: [ 9]        2677087234977 0000000008dd6c3931fbc03514625a707b9c7f6d8cfed117ace9da460aa013f2
2022-07-14 06:54:28 INFO        2: [ 8]        2678035435702 0000000020e3771c1c09e750d5161fc140db13dd3787435bb10d773bfc47f92e
2022-07-14 06:54:46 INFO        0: [ 8]        2683561496236 00000000e8c9875c1c741500e028ac8cd4808fb0297bdb0df9f2bdc05007e7cb
2022-07-14 06:55:05 INFO        0: [ 8]        2688078081328 0000000053ea2948f6838b1834edeaf2bce60241c1c02638406227aa60e73b66
2022-07-14 06:55:23 INFO        0: [ 8]        2693362111820 000000009add325cef27421d9981d29576540968de37ec0d74aab47c141341be
2022-07-14 06:55:23 INFO        1: [ 8]        2693211779540 00000000ef80cb034f7ecfaf52b024a35718ca064903657f8f62d4ddec42f94c
2022-07-14 06:55:41 INFO        0: [ 9]        2695744044301 000000000630533b6ad3410e5bf09441f93cdf775ae465db0c474d175ad11112
2022-07-14 06:55:41 INFO        1: [ 8]        2699310132141 000000002494d667c6cf689c388e3a5533ac19d241e9ba3c92d88b2679c2f1fa
2022-07-14 06:55:59 INFO        0: [ 8]        2704364068191 00000000c6644e67a341a1ad03b40a557f6fc723feb63f61238c3ecfb44b1092
2022-07-14 06:55:59 INFO        1: [ 8]        2705090838394 00000000dc5191043f4b254048e05af5f0e08424bc4328e059fa2e376817c88c
2022-07-14 06:56:17 INFO        0: [ 8]        2705575650583 0000000047392f65b544e0c01d92aae2319e2e6e3dd8ad323f0fc732c4ca9f41
2022-07-14 06:56:35 INFO        0: [ 8]        2714185730991 000000008a5524c57f343d040dacfa418a8b72353e0c9bacdfbaf22fade00c3c
2022-07-14 06:56:54 INFO        0: [ 8]        2717959575150 00000000df5c23d0a7747fd387f1c55be7a39ecbba9deccdd9255e690996f474
2022-07-14 06:57:12 INFO        0: [ 8]        2723926063631 0000000017b41b6f6e64b0322093711fcd36d7c02d411b117887da85ef886a8a
2022-07-14 06:57:12 INFO        1: [ 8]        2724946093940 000000001a6fea8da2dc73a9d06b32eb2135bcca6c6a7f63a63f7ed54d853b56
2022-07-14 06:57:30 INFO        0: [ 8]        2729302216010 00000000c1d5b0717002ba48065f19a6b45c91238162bcc7a73f17bd825fdaf4
2022-07-14 06:57:48 INFO        0: [ 8]        2733090507682 000000004c738a42bd24f84fe6fd881f70bce14a9072eb9b812d3a4a83ae31e4
2022-07-14 06:58:43 INFO        0: [10]        2748345641427 0000000000efeba26a9ef11fffda67de019f2b3c82eb36e97c32946480297534
2022-07-14 06:59:01 INFO        0: [ 8]        2754256530184 000000008b6efa80ad56da197ccc3bd1c38d5e2c9199246309af81e1538a5880
2022-07-14 06:59:01 INFO        1: [ 9]        2753389803301 0000000007992a318269420130cd11362879f6c9960eaa7fec798040cc8260ca
2022-07-14 06:59:19 INFO        0: [ 8]        2758594521352 00000000a3e8639501f6f575f705501dbe18cea137d059050ef7b88f246200f2
2022-07-14 06:59:19 INFO        1: [ 8]        2756634543594 0000000019404ef39baa92d850d108a323174d184680935ea50dd80e321a553d
2022-07-14 06:59:37 INFO        0: [ 8]        2763571037832 000000004c91e130e41a7e88be1affb74d7680544c49443337b11f3d212df86e
2022-07-14 06:59:37 INFO        1: [ 8]        2765383423476 0000000069ce5887423ab9daa8828bba42f9afcabff131ebcd81ea5aac901347
2022-07-14 06:59:37 INFO        2: [ 8]        2764097804918 00000000a99ecbf066b0cd98d60bb50df6c7dba93effe8b45b2f276430a81aed
2022-07-14 06:59:56 INFO        0: [ 8]        2770800540992 0000000081dae7fad8e12b5ce45759e10cf5858405eb0140a3f52652769ff176
2022-07-14 06:59:56 INFO        1: [ 8]        2771095876890 00000000e53d04a07120661004d0dc8f539b4fdb27846b564bfebc0972361406
2022-07-14 06:59:56 INFO        2: [ 8]        2767159920147 00000000f3a2587955f90456ac03148e5be7c68a75321e43587f43d9822ed8ed
2022-07-14 07:00:14 INFO        0: [ 8]        2773230996564 000000004e788bc4a9b71edec4b04e38d3d2dab2c55ce00a77fb46ba238d044c
2022-07-14 07:00:32 INFO        0: [ 8]        2781484877696 000000001dfbee2f84a93a5bc03d2b641727779cfda556199a0af3a63682e79f
2022-07-14 07:00:50 INFO        0: [ 9]        2782227039128 0000000008b9794d6aff05747cbbc4f4778e1d45ac07c30ad975b35f4bddc99b
2022-07-14 07:01:08 INFO        0: [ 8]        2788488870478 000000006956ea521caece43d6e0fcd12d5811e40011cd45a1dd49cfaa83a44a
2022-07-14 07:01:27 INFO        0: [ 8]        2795859680081 000000007a358ce2116a2109b282f9d88086773a262d17f9cffe3adbd53d54aa
2022-07-14 07:02:21 INFO        0: [ 8]        2811591024016 00000000e9f39ca61653eb214a903077988bb9142258c59fdc5c70158626784e
2022-07-14 07:02:21 INFO        1: [ 8]        2811212395865 000000008d3a16f2835e9b4ef660625ef101a807e3902cd1e33fdcac3c27c9f0
2022-07-14 07:02:39 INFO        0: [ 8]        2817693328349 0000000086304431464ccb200943405bdcc843f902eb5dc6524134ed4214553f
2022-07-14 07:02:39 INFO        1: [ 8]        2815662537955 00000000206ce692bbbf821d5d2a5b8281a8366e407dec041a8f6c72a2caa5ed
2022-07-14 07:03:16 INFO        0: [ 8]        2823200022138 000000007b97367ef22f4135e72ceb3fbba5745df5e02d87c657e5d007382b96
2022-07-14 07:03:16 INFO        1: [ 8]        2825178220429 00000000a373d62b14df4ac5050a46069f292e41b581e0bb398841fa18299a70
2022-07-14 07:03:52 INFO        0: [ 8]        2835211887061 00000000f9af87ff78c9750bdd305de3148aa4e301082f66c7777cd93e18b978
2022-07-14 07:04:10 INFO        0: [ 8]        2839907494403 00000000c1bea1069068ccbef77486ed03e2f79c22bf3004fb99eb09d8e9a0d5
2022-07-14 07:04:28 INFO        0: [ 8]        2844088635535 00000000d92fd8c39bb3b16bb5de23fc290774daff9e876864a7d7106941ef0e
2022-07-14 07:04:47 INFO        0: [ 8]        2850899749849 000000009647cc63e9898e39d3d495dc2baceff2e17ddfc4275824f47571a1f4
2022-07-14 07:04:47 INFO        1: [ 8]        2851203970205 0000000069e9ed6b64caa513b81591f55219638cc178f68744f8a827a595a133
2022-07-14 07:05:41 INFO        0: [ 9]        2868880956443 0000000008fbd573108f44587fe36a804fbedf020970cb19c85d5978bd32816a
2022-07-14 07:05:59 INFO        0: [ 8]        2869208560583 000000003648401b5cfc5f2c2eb328c614e5a9fda4a3226f117d00971d15889d
2022-07-14 07:05:59 INFO        1: [ 8]        2871567632427 00000000d05d7b900af51cbecff9b75849484b49a930e95e3285d92522752a5b
2022-07-14 07:05:59 INFO        2: [ 8]        2873651960612 000000008d46e5bec53adad212f7c624967416a22f48609865e2c6290ffdd899
2022-07-14 07:06:18 INFO        0: [ 8]        2876654341075 00000000df09305fe15e4633fd5dd684e39a91d5a590c81e54593b8d85e64c8f
2022-07-14 07:06:36 INFO        0: [ 8]        2879887676117 00000000520f0b6905bb232432144d4f151855ada7d2005acbd2d04cdb4df7bc
2022-07-14 07:06:36 INFO        1: [ 8]        2879917680753 000000001fbe4870d0ef78e524479c8cecd27358dc3c81a613d25f52d641f62e
2022-07-14 07:07:49 INFO        0: [ 8]        2904638469020 000000009701851f9323fffed1c436383d962333b08e237edbb5b21917ad4e20
2022-07-14 07:08:07 INFO        0: [ 8]        2906600027938 00000000f8f8db46f59949a0cd80dd9f7e3a4e05fabf7de5a5a13a269923c913
2022-07-14 07:08:07 INFO        1: [ 8]        2906862551088 0000000052001a1c608f4b7a09d076472cc205a04fb756f88d7eb91122041fc5
2022-07-14 07:08:25 INFO        0: [ 8]        2914088691215 00000000696fa0ba7e07bbc7267884651955fd9da45c6e6930b8faa5fa169a3c
2022-07-14 07:08:43 INFO        0: [ 8]        2917167162647 000000006101ae6e4864b5819a24501f60febe490b107f039e1db11a3fa0c01f
2022-07-14 07:09:01 INFO        0: [ 8]        2923592717565 00000000a47ebb17c05767514f829790425b4ce99e4088b0a34918c556641623
2022-07-14 07:09:19 INFO        0: [ 8]        2929226116945 00000000d10674ecbd92f13ad6fec9b61c5c9c3819dd816364028c595049548c
2022-07-14 07:09:19 INFO        1: [ 8]        2926404133168 00000000e9d45e847099ff8907bef1d9f4b293d6a7caaa47325a17dc8d241b1e
2022-07-14 07:09:38 INFO        0: [ 8]        2934510633521 00000000be532f4eabd7fc027677c34b59a34fed827c01f967b9f89947f5996e
2022-07-14 07:09:56 INFO        0: [ 8]        2936591519275 000000007b39ae978bb8915951ae6e8f2647998df2f669eecd1b892be75da7f7
2022-07-14 07:09:56 INFO        1: [ 9]        2938822623399 000000000cf914ba5b64b3ba52e9372b443bbd3559be6745a912cb0d001814d1
2022-07-14 07:10:14 INFO        0: [ 8]        2942462237665 00000000747f81c17522192545ffce68a811aaad62fca1dd7cd0b8e47ec3eef4
2022-07-14 07:10:32 INFO        0: [ 8]        2949610333922 00000000f5fad070ba877ff09613b0286c63d7ae6584458fcc9033a8f6d5e635
2022-07-14 07:10:32 INFO        1: [ 8]        2945859882792 00000000aa10df8ef56ace9d7b11d853f4576a726afafc35f3335743b1094f82
2022-07-14 07:11:27 INFO        0: [ 8]        2963681932199 000000003f608a992ad94ce8eb87f60052971778f80e3434f1e0402cf4d74403
2022-07-14 07:11:45 INFO        0: [ 9]        2966908870364 0000000004c8069593db978c579789a01608e0a09d04ab62251fd09c72215e7a
2022-07-14 07:12:40 INFO        0: [ 8]        2986213345089 000000004db3667870b58b5683dfd309559bca253d886455c1394c6fe66e2372
2022-07-14 07:12:58 INFO        0: [ 8]        2988898796711 00000000c3a9308fa678b7bbb63b33442edfb5238011065dac90de64405f03af
2022-07-14 07:13:52 INFO        0: [ 8]        3005501187798 00000000bbbf9f061e34f53facac432d4e4a56d998b9c302e3de8f0ad82150e1
2022-07-14 07:14:47 INFO        0: [ 8]        3021732868094 000000007ca711cac796d2ec79b2859d8e721f1608d1f7dbc311be6aa112f976
